running egg_info
creating ../../build/self_driving_car/self_driving_car.egg-info
writing ../../build/self_driving_car/self_driving_car.egg-info/PKG-INFO
writing dependency_links to ../../build/self_driving_car/self_driving_car.egg-info/dependency_links.txt
writing entry points to ../../build/self_driving_car/self_driving_car.egg-info/entry_points.txt
writing requirements to ../../build/self_driving_car/self_driving_car.egg-info/requires.txt
writing top-level names to ../../build/self_driving_car/self_driving_car.egg-info/top_level.txt
writing manifest file '../../build/self_driving_car/self_driving_car.egg-info/SOURCES.txt'
reading manifest file '../../build/self_driving_car/self_driving_car.egg-info/SOURCES.txt'
writing manifest file '../../build/self_driving_car/self_driving_car.egg-info/SOURCES.txt'
running build
running build_py
creating /home/chaitu/workspace/self_driving_car/build/self_driving_car/build
creating /home/chaitu/workspace/self_driving_car/build/self_driving_car/build/lib
creating /home/chaitu/workspace/self_driving_car/build/self_driving_car/build/lib/self_driving_car
copying self_driving_car/sdc_V2.py -> /home/chaitu/workspace/self_driving_car/build/self_driving_car/build/lib/self_driving_car
copying self_driving_car/video_save.py -> /home/chaitu/workspace/self_driving_car/build/self_driving_car/build/lib/self_driving_car
copying self_driving_car/Drive_Bot.py -> /home/chaitu/workspace/self_driving_car/build/self_driving_car/build/lib/self_driving_car
copying self_driving_car/upper_camera_video.py -> /home/chaitu/workspace/self_driving_car/build/self_driving_car/build/lib/self_driving_car
copying self_driving_car/computer_vision_node.py -> /home/chaitu/workspace/self_driving_car/build/self_driving_car/build/lib/self_driving_car
copying self_driving_car/__init__.py -> /home/chaitu/workspace/self_driving_car/build/self_driving_car/build/lib/self_driving_car
copying self_driving_car/sdf_spawner.py -> /home/chaitu/workspace/self_driving_car/build/self_driving_car/build/lib/self_driving_car
creating /home/chaitu/workspace/self_driving_car/build/self_driving_car/build/lib/self_driving_car/Detection
creating /home/chaitu/workspace/self_driving_car/build/self_driving_car/build/lib/self_driving_car/Detection/Lanes
creating /home/chaitu/workspace/self_driving_car/build/self_driving_car/build/lib/self_driving_car/Detection/Lanes/d_LaneInfo_Extraction
copying self_driving_car/Detection/Lanes/d_LaneInfo_Extraction/__init__.py -> /home/chaitu/workspace/self_driving_car/build/self_driving_car/build/lib/self_driving_car/Detection/Lanes/d_LaneInfo_Extraction
copying self_driving_car/Detection/Lanes/d_LaneInfo_Extraction/GetStateInfoandDisplayLane.py -> /home/chaitu/workspace/self_driving_car/build/self_driving_car/build/lib/self_driving_car/Detection/Lanes/d_LaneInfo_Extraction
creating /home/chaitu/workspace/self_driving_car/build/self_driving_car/build/lib/self_driving_car/Detection/Lanes/c_Cleaning
copying self_driving_car/Detection/Lanes/c_Cleaning/ExtendLanesAndRefineMidLaneEdge.py -> /home/chaitu/workspace/self_driving_car/build/self_driving_car/build/lib/self_driving_car/Detection/Lanes/c_Cleaning
copying self_driving_car/Detection/Lanes/c_Cleaning/CheckifYellowLaneCorrect_RetInnerBoundary.py -> /home/chaitu/workspace/self_driving_car/build/self_driving_car/build/lib/self_driving_car/Detection/Lanes/c_Cleaning
copying self_driving_car/Detection/Lanes/c_Cleaning/__init__.py -> /home/chaitu/workspace/self_driving_car/build/self_driving_car/build/lib/self_driving_car/Detection/Lanes/c_Cleaning
creating /home/chaitu/workspace/self_driving_car/build/self_driving_car/build/lib/self_driving_car/Detection/Lanes/b_Estimation
copying self_driving_car/Detection/Lanes/b_Estimation/__init__.py -> /home/chaitu/workspace/self_driving_car/build/self_driving_car/build/lib/self_driving_car/Detection/Lanes/b_Estimation
copying self_driving_car/Detection/Lanes/b_Estimation/Our_EstimationAlgo.py -> /home/chaitu/workspace/self_driving_car/build/self_driving_car/build/lib/self_driving_car/Detection/Lanes/b_Estimation
creating /home/chaitu/workspace/self_driving_car/build/self_driving_car/build/lib/self_driving_car/Detection/Lanes/a_Segmentation
copying self_driving_car/Detection/Lanes/a_Segmentation/__init__.py -> /home/chaitu/workspace/self_driving_car/build/self_driving_car/build/lib/self_driving_car/Detection/Lanes/a_Segmentation
copying self_driving_car/Detection/Lanes/a_Segmentation/colour_segmentation_final.py -> /home/chaitu/workspace/self_driving_car/build/self_driving_car/build/lib/self_driving_car/Detection/Lanes/a_Segmentation
copying self_driving_car/Detection/Lanes/Lane_Detection.py -> /home/chaitu/workspace/self_driving_car/build/self_driving_car/build/lib/self_driving_car/Detection/Lanes
copying self_driving_car/Detection/Lanes/utilities.py -> /home/chaitu/workspace/self_driving_car/build/self_driving_car/build/lib/self_driving_car/Detection/Lanes
copying self_driving_car/Detection/Lanes/__init__.py -> /home/chaitu/workspace/self_driving_car/build/self_driving_car/build/lib/self_driving_car/Detection/Lanes
copying self_driving_car/Detection/Lanes/Morph_op.py -> /home/chaitu/workspace/self_driving_car/build/self_driving_car/build/lib/self_driving_car/Detection/Lanes
creating /home/chaitu/workspace/self_driving_car/build/self_driving_car/build/lib/self_driving_car/Detection/Signs
creating /home/chaitu/workspace/self_driving_car/build/self_driving_car/build/lib/self_driving_car/Detection/Signs/Classification
copying self_driving_car/Detection/Signs/Classification/CNN.py -> /home/chaitu/workspace/self_driving_car/build/self_driving_car/build/lib/self_driving_car/Detection/Signs/Classification
copying self_driving_car/Detection/Signs/Classification/Visualize_CNN.py -> /home/chaitu/workspace/self_driving_car/build/self_driving_car/build/lib/self_driving_car/Detection/Signs/Classification
copying self_driving_car/Detection/Signs/Classification/__init__.py -> /home/chaitu/workspace/self_driving_car/build/self_driving_car/build/lib/self_driving_car/Detection/Signs/Classification
copying self_driving_car/Detection/Signs/Classification/Classification_CNN.py -> /home/chaitu/workspace/self_driving_car/build/self_driving_car/build/lib/self_driving_car/Detection/Signs/Classification
copying self_driving_car/Detection/Signs/SignDetectionApi.py -> /home/chaitu/workspace/self_driving_car/build/self_driving_car/build/lib/self_driving_car/Detection/Signs
copying self_driving_car/Detection/Signs/__init__.py -> /home/chaitu/workspace/self_driving_car/build/self_driving_car/build/lib/self_driving_car/Detection/Signs
creating /home/chaitu/workspace/self_driving_car/build/self_driving_car/build/lib/self_driving_car/Detection/TrafficLights
copying self_driving_car/Detection/TrafficLights/__init__.py -> /home/chaitu/workspace/self_driving_car/build/self_driving_car/build/lib/self_driving_car/Detection/TrafficLights
copying self_driving_car/Detection/TrafficLights/TrafficLights_Detection.py -> /home/chaitu/workspace/self_driving_car/build/self_driving_car/build/lib/self_driving_car/Detection/TrafficLights
copying self_driving_car/Detection/__init__.py -> /home/chaitu/workspace/self_driving_car/build/self_driving_car/build/lib/self_driving_car/Detection
creating /home/chaitu/workspace/self_driving_car/build/self_driving_car/build/lib/self_driving_car/GPS_Navigation
copying self_driving_car/GPS_Navigation/utilities.py -> /home/chaitu/workspace/self_driving_car/build/self_driving_car/build/lib/self_driving_car/GPS_Navigation
copying self_driving_car/GPS_Navigation/bot_localization.py -> /home/chaitu/workspace/self_driving_car/build/self_driving_car/build/lib/self_driving_car/GPS_Navigation
copying self_driving_car/GPS_Navigation/bot_pathplanning.py -> /home/chaitu/workspace/self_driving_car/build/self_driving_car/build/lib/self_driving_car/GPS_Navigation
copying self_driving_car/GPS_Navigation/bot_motionplanning.py -> /home/chaitu/workspace/self_driving_car/build/self_driving_car/build/lib/self_driving_car/GPS_Navigation
copying self_driving_car/GPS_Navigation/bot_mapping.py -> /home/chaitu/workspace/self_driving_car/build/self_driving_car/build/lib/self_driving_car/GPS_Navigation
copying self_driving_car/GPS_Navigation/config.py -> /home/chaitu/workspace/self_driving_car/build/self_driving_car/build/lib/self_driving_car/GPS_Navigation
copying self_driving_car/GPS_Navigation/__init__.py -> /home/chaitu/workspace/self_driving_car/build/self_driving_car/build/lib/self_driving_car/GPS_Navigation
copying self_driving_car/GPS_Navigation/utilities_disp.py -> /home/chaitu/workspace/self_driving_car/build/self_driving_car/build/lib/self_driving_car/GPS_Navigation
copying self_driving_car/GPS_Navigation/Navigation.py -> /home/chaitu/workspace/self_driving_car/build/self_driving_car/build/lib/self_driving_car/GPS_Navigation
creating /home/chaitu/workspace/self_driving_car/build/self_driving_car/build/lib/self_driving_car/config
copying self_driving_car/config/config.py -> /home/chaitu/workspace/self_driving_car/build/self_driving_car/build/lib/self_driving_car/config
copying self_driving_car/config/__init__.py -> /home/chaitu/workspace/self_driving_car/build/self_driving_car/build/lib/self_driving_car/config
creating /home/chaitu/workspace/self_driving_car/build/self_driving_car/build/lib/self_driving_car/data
copying self_driving_car/data/__init__.py -> /home/chaitu/workspace/self_driving_car/build/self_driving_car/build/lib/self_driving_car/data
running install
running install_lib
creating /home/chaitu/workspace/self_driving_car/install/self_driving_car/lib/python3.8/site-packages/self_driving_car
copying /home/chaitu/workspace/self_driving_car/build/self_driving_car/build/lib/self_driving_car/sdc_V2.py -> /home/chaitu/workspace/self_driving_car/install/self_driving_car/lib/python3.8/site-packages/self_driving_car
creating /home/chaitu/workspace/self_driving_car/install/self_driving_car/lib/python3.8/site-packages/self_driving_car/Detection
creating /home/chaitu/workspace/self_driving_car/install/self_driving_car/lib/python3.8/site-packages/self_driving_car/Detection/Signs
creating /home/chaitu/workspace/self_driving_car/install/self_driving_car/lib/python3.8/site-packages/self_driving_car/Detection/Signs/Classification
copying /home/chaitu/workspace/self_driving_car/build/self_driving_car/build/lib/self_driving_car/Detection/Signs/Classification/CNN.py -> /home/chaitu/workspace/self_driving_car/install/self_driving_car/lib/python3.8/site-packages/self_driving_car/Detection/Signs/Classification
copying /home/chaitu/workspace/self_driving_car/build/self_driving_car/build/lib/self_driving_car/Detection/Signs/Classification/Visualize_CNN.py -> /home/chaitu/workspace/self_driving_car/install/self_driving_car/lib/python3.8/site-packages/self_driving_car/Detection/Signs/Classification
copying /home/chaitu/workspace/self_driving_car/build/self_driving_car/build/lib/self_driving_car/Detection/Signs/Classification/__init__.py -> /home/chaitu/workspace/self_driving_car/install/self_driving_car/lib/python3.8/site-packages/self_driving_car/Detection/Signs/Classification
copying /home/chaitu/workspace/self_driving_car/build/self_driving_car/build/lib/self_driving_car/Detection/Signs/Classification/Classification_CNN.py -> /home/chaitu/workspace/self_driving_car/install/self_driving_car/lib/python3.8/site-packages/self_driving_car/Detection/Signs/Classification
copying /home/chaitu/workspace/self_driving_car/build/self_driving_car/build/lib/self_driving_car/Detection/Signs/SignDetectionApi.py -> /home/chaitu/workspace/self_driving_car/install/self_driving_car/lib/python3.8/site-packages/self_driving_car/Detection/Signs
copying /home/chaitu/workspace/self_driving_car/build/self_driving_car/build/lib/self_driving_car/Detection/Signs/__init__.py -> /home/chaitu/workspace/self_driving_car/install/self_driving_car/lib/python3.8/site-packages/self_driving_car/Detection/Signs
creating /home/chaitu/workspace/self_driving_car/install/self_driving_car/lib/python3.8/site-packages/self_driving_car/Detection/TrafficLights
copying /home/chaitu/workspace/self_driving_car/build/self_driving_car/build/lib/self_driving_car/Detection/TrafficLights/__init__.py -> /home/chaitu/workspace/self_driving_car/install/self_driving_car/lib/python3.8/site-packages/self_driving_car/Detection/TrafficLights
copying /home/chaitu/workspace/self_driving_car/build/self_driving_car/build/lib/self_driving_car/Detection/TrafficLights/TrafficLights_Detection.py -> /home/chaitu/workspace/self_driving_car/install/self_driving_car/lib/python3.8/site-packages/self_driving_car/Detection/TrafficLights
copying /home/chaitu/workspace/self_driving_car/build/self_driving_car/build/lib/self_driving_car/Detection/__init__.py -> /home/chaitu/workspace/self_driving_car/install/self_driving_car/lib/python3.8/site-packages/self_driving_car/Detection
creating /home/chaitu/workspace/self_driving_car/install/self_driving_car/lib/python3.8/site-packages/self_driving_car/Detection/Lanes
creating /home/chaitu/workspace/self_driving_car/install/self_driving_car/lib/python3.8/site-packages/self_driving_car/Detection/Lanes/b_Estimation
copying /home/chaitu/workspace/self_driving_car/build/self_driving_car/build/lib/self_driving_car/Detection/Lanes/b_Estimation/__init__.py -> /home/chaitu/workspace/self_driving_car/install/self_driving_car/lib/python3.8/site-packages/self_driving_car/Detection/Lanes/b_Estimation
copying /home/chaitu/workspace/self_driving_car/build/self_driving_car/build/lib/self_driving_car/Detection/Lanes/b_Estimation/Our_EstimationAlgo.py -> /home/chaitu/workspace/self_driving_car/install/self_driving_car/lib/python3.8/site-packages/self_driving_car/Detection/Lanes/b_Estimation
creating /home/chaitu/workspace/self_driving_car/install/self_driving_car/lib/python3.8/site-packages/self_driving_car/Detection/Lanes/a_Segmentation
copying /home/chaitu/workspace/self_driving_car/build/self_driving_car/build/lib/self_driving_car/Detection/Lanes/a_Segmentation/__init__.py -> /home/chaitu/workspace/self_driving_car/install/self_driving_car/lib/python3.8/site-packages/self_driving_car/Detection/Lanes/a_Segmentation
copying /home/chaitu/workspace/self_driving_car/build/self_driving_car/build/lib/self_driving_car/Detection/Lanes/a_Segmentation/colour_segmentation_final.py -> /home/chaitu/workspace/self_driving_car/install/self_driving_car/lib/python3.8/site-packages/self_driving_car/Detection/Lanes/a_Segmentation
copying /home/chaitu/workspace/self_driving_car/build/self_driving_car/build/lib/self_driving_car/Detection/Lanes/Lane_Detection.py -> /home/chaitu/workspace/self_driving_car/install/self_driving_car/lib/python3.8/site-packages/self_driving_car/Detection/Lanes
copying /home/chaitu/workspace/self_driving_car/build/self_driving_car/build/lib/self_driving_car/Detection/Lanes/utilities.py -> /home/chaitu/workspace/self_driving_car/install/self_driving_car/lib/python3.8/site-packages/self_driving_car/Detection/Lanes
creating /home/chaitu/workspace/self_driving_car/install/self_driving_car/lib/python3.8/site-packages/self_driving_car/Detection/Lanes/c_Cleaning
copying /home/chaitu/workspace/self_driving_car/build/self_driving_car/build/lib/self_driving_car/Detection/Lanes/c_Cleaning/ExtendLanesAndRefineMidLaneEdge.py -> /home/chaitu/workspace/self_driving_car/install/self_driving_car/lib/python3.8/site-packages/self_driving_car/Detection/Lanes/c_Cleaning
copying /home/chaitu/workspace/self_driving_car/build/self_driving_car/build/lib/self_driving_car/Detection/Lanes/c_Cleaning/CheckifYellowLaneCorrect_RetInnerBoundary.py -> /home/chaitu/workspace/self_driving_car/install/self_driving_car/lib/python3.8/site-packages/self_driving_car/Detection/Lanes/c_Cleaning
copying /home/chaitu/workspace/self_driving_car/build/self_driving_car/build/lib/self_driving_car/Detection/Lanes/c_Cleaning/__init__.py -> /home/chaitu/workspace/self_driving_car/install/self_driving_car/lib/python3.8/site-packages/self_driving_car/Detection/Lanes/c_Cleaning
copying /home/chaitu/workspace/self_driving_car/build/self_driving_car/build/lib/self_driving_car/Detection/Lanes/__init__.py -> /home/chaitu/workspace/self_driving_car/install/self_driving_car/lib/python3.8/site-packages/self_driving_car/Detection/Lanes
creating /home/chaitu/workspace/self_driving_car/install/self_driving_car/lib/python3.8/site-packages/self_driving_car/Detection/Lanes/d_LaneInfo_Extraction
copying /home/chaitu/workspace/self_driving_car/build/self_driving_car/build/lib/self_driving_car/Detection/Lanes/d_LaneInfo_Extraction/__init__.py -> /home/chaitu/workspace/self_driving_car/install/self_driving_car/lib/python3.8/site-packages/self_driving_car/Detection/Lanes/d_LaneInfo_Extraction
copying /home/chaitu/workspace/self_driving_car/build/self_driving_car/build/lib/self_driving_car/Detection/Lanes/d_LaneInfo_Extraction/GetStateInfoandDisplayLane.py -> /home/chaitu/workspace/self_driving_car/install/self_driving_car/lib/python3.8/site-packages/self_driving_car/Detection/Lanes/d_LaneInfo_Extraction
copying /home/chaitu/workspace/self_driving_car/build/self_driving_car/build/lib/self_driving_car/Detection/Lanes/Morph_op.py -> /home/chaitu/workspace/self_driving_car/install/self_driving_car/lib/python3.8/site-packages/self_driving_car/Detection/Lanes
copying /home/chaitu/workspace/self_driving_car/build/self_driving_car/build/lib/self_driving_car/video_save.py -> /home/chaitu/workspace/self_driving_car/install/self_driving_car/lib/python3.8/site-packages/self_driving_car
creating /home/chaitu/workspace/self_driving_car/install/self_driving_car/lib/python3.8/site-packages/self_driving_car/data
copying /home/chaitu/workspace/self_driving_car/build/self_driving_car/build/lib/self_driving_car/data/__init__.py -> /home/chaitu/workspace/self_driving_car/install/self_driving_car/lib/python3.8/site-packages/self_driving_car/data
creating /home/chaitu/workspace/self_driving_car/install/self_driving_car/lib/python3.8/site-packages/self_driving_car/config
copying /home/chaitu/workspace/self_driving_car/build/self_driving_car/build/lib/self_driving_car/config/config.py -> /home/chaitu/workspace/self_driving_car/install/self_driving_car/lib/python3.8/site-packages/self_driving_car/config
copying /home/chaitu/workspace/self_driving_car/build/self_driving_car/build/lib/self_driving_car/config/__init__.py -> /home/chaitu/workspace/self_driving_car/install/self_driving_car/lib/python3.8/site-packages/self_driving_car/config
copying /home/chaitu/workspace/self_driving_car/build/self_driving_car/build/lib/self_driving_car/Drive_Bot.py -> /home/chaitu/workspace/self_driving_car/install/self_driving_car/lib/python3.8/site-packages/self_driving_car
copying /home/chaitu/workspace/self_driving_car/build/self_driving_car/build/lib/self_driving_car/upper_camera_video.py -> /home/chaitu/workspace/self_driving_car/install/self_driving_car/lib/python3.8/site-packages/self_driving_car
copying /home/chaitu/workspace/self_driving_car/build/self_driving_car/build/lib/self_driving_car/computer_vision_node.py -> /home/chaitu/workspace/self_driving_car/install/self_driving_car/lib/python3.8/site-packages/self_driving_car
copying /home/chaitu/workspace/self_driving_car/build/self_driving_car/build/lib/self_driving_car/__init__.py -> /home/chaitu/workspace/self_driving_car/install/self_driving_car/lib/python3.8/site-packages/self_driving_car
creating /home/chaitu/workspace/self_driving_car/install/self_driving_car/lib/python3.8/site-packages/self_driving_car/GPS_Navigation
copying /home/chaitu/workspace/self_driving_car/build/self_driving_car/build/lib/self_driving_car/GPS_Navigation/utilities.py -> /home/chaitu/workspace/self_driving_car/install/self_driving_car/lib/python3.8/site-packages/self_driving_car/GPS_Navigation
copying /home/chaitu/workspace/self_driving_car/build/self_driving_car/build/lib/self_driving_car/GPS_Navigation/bot_localization.py -> /home/chaitu/workspace/self_driving_car/install/self_driving_car/lib/python3.8/site-packages/self_driving_car/GPS_Navigation
copying /home/chaitu/workspace/self_driving_car/build/self_driving_car/build/lib/self_driving_car/GPS_Navigation/bot_pathplanning.py -> /home/chaitu/workspace/self_driving_car/install/self_driving_car/lib/python3.8/site-packages/self_driving_car/GPS_Navigation
copying /home/chaitu/workspace/self_driving_car/build/self_driving_car/build/lib/self_driving_car/GPS_Navigation/bot_motionplanning.py -> /home/chaitu/workspace/self_driving_car/install/self_driving_car/lib/python3.8/site-packages/self_driving_car/GPS_Navigation
copying /home/chaitu/workspace/self_driving_car/build/self_driving_car/build/lib/self_driving_car/GPS_Navigation/bot_mapping.py -> /home/chaitu/workspace/self_driving_car/install/self_driving_car/lib/python3.8/site-packages/self_driving_car/GPS_Navigation
copying /home/chaitu/workspace/self_driving_car/build/self_driving_car/build/lib/self_driving_car/GPS_Navigation/config.py -> /home/chaitu/workspace/self_driving_car/install/self_driving_car/lib/python3.8/site-packages/self_driving_car/GPS_Navigation
copying /home/chaitu/workspace/self_driving_car/build/self_driving_car/build/lib/self_driving_car/GPS_Navigation/__init__.py -> /home/chaitu/workspace/self_driving_car/install/self_driving_car/lib/python3.8/site-packages/self_driving_car/GPS_Navigation
copying /home/chaitu/workspace/self_driving_car/build/self_driving_car/build/lib/self_driving_car/GPS_Navigation/utilities_disp.py -> /home/chaitu/workspace/self_driving_car/install/self_driving_car/lib/python3.8/site-packages/self_driving_car/GPS_Navigation
copying /home/chaitu/workspace/self_driving_car/build/self_driving_car/build/lib/self_driving_car/GPS_Navigation/Navigation.py -> /home/chaitu/workspace/self_driving_car/install/self_driving_car/lib/python3.8/site-packages/self_driving_car/GPS_Navigation
copying /home/chaitu/workspace/self_driving_car/build/self_driving_car/build/lib/self_driving_car/sdf_spawner.py -> /home/chaitu/workspace/self_driving_car/install/self_driving_car/lib/python3.8/site-packages/self_driving_car
byte-compiling /home/chaitu/workspace/self_driving_car/install/self_driving_car/lib/python3.8/site-packages/self_driving_car/sdc_V2.py to sdc_V2.cpython-38.pyc
byte-compiling /home/chaitu/workspace/self_driving_car/install/self_driving_car/lib/python3.8/site-packages/self_driving_car/Detection/Signs/Classification/CNN.py to CNN.cpython-38.pyc
byte-compiling /home/chaitu/workspace/self_driving_car/install/self_driving_car/lib/python3.8/site-packages/self_driving_car/Detection/Signs/Classification/Visualize_CNN.py to Visualize_CNN.cpython-38.pyc
byte-compiling /home/chaitu/workspace/self_driving_car/install/self_driving_car/lib/python3.8/site-packages/self_driving_car/Detection/Signs/Classification/__init__.py to __init__.cpython-38.pyc
byte-compiling /home/chaitu/workspace/self_driving_car/install/self_driving_car/lib/python3.8/site-packages/self_driving_car/Detection/Signs/Classification/Classification_CNN.py to Classification_CNN.cpython-38.pyc
byte-compiling /home/chaitu/workspace/self_driving_car/install/self_driving_car/lib/python3.8/site-packages/self_driving_car/Detection/Signs/SignDetectionApi.py to SignDetectionApi.cpython-38.pyc
byte-compiling /home/chaitu/workspace/self_driving_car/install/self_driving_car/lib/python3.8/site-packages/self_driving_car/Detection/Signs/__init__.py to __init__.cpython-38.pyc
byte-compiling /home/chaitu/workspace/self_driving_car/install/self_driving_car/lib/python3.8/site-packages/self_driving_car/Detection/TrafficLights/__init__.py to __init__.cpython-38.pyc
byte-compiling /home/chaitu/workspace/self_driving_car/install/self_driving_car/lib/python3.8/site-packages/self_driving_car/Detection/TrafficLights/TrafficLights_Detection.py to TrafficLights_Detection.cpython-38.pyc
byte-compiling /home/chaitu/workspace/self_driving_car/install/self_driving_car/lib/python3.8/site-packages/self_driving_car/Detection/__init__.py to __init__.cpython-38.pyc
byte-compiling /home/chaitu/workspace/self_driving_car/install/self_driving_car/lib/python3.8/site-packages/self_driving_car/Detection/Lanes/b_Estimation/__init__.py to __init__.cpython-38.pyc
byte-compiling /home/chaitu/workspace/self_driving_car/install/self_driving_car/lib/python3.8/site-packages/self_driving_car/Detection/Lanes/b_Estimation/Our_EstimationAlgo.py to Our_EstimationAlgo.cpython-38.pyc
byte-compiling /home/chaitu/workspace/self_driving_car/install/self_driving_car/lib/python3.8/site-packages/self_driving_car/Detection/Lanes/a_Segmentation/__init__.py to __init__.cpython-38.pyc
byte-compiling /home/chaitu/workspace/self_driving_car/install/self_driving_car/lib/python3.8/site-packages/self_driving_car/Detection/Lanes/a_Segmentation/colour_segmentation_final.py to colour_segmentation_final.cpython-38.pyc
byte-compiling /home/chaitu/workspace/self_driving_car/install/self_driving_car/lib/python3.8/site-packages/self_driving_car/Detection/Lanes/Lane_Detection.py to Lane_Detection.cpython-38.pyc
byte-compiling /home/chaitu/workspace/self_driving_car/install/self_driving_car/lib/python3.8/site-packages/self_driving_car/Detection/Lanes/utilities.py to utilities.cpython-38.pyc
byte-compiling /home/chaitu/workspace/self_driving_car/install/self_driving_car/lib/python3.8/site-packages/self_driving_car/Detection/Lanes/c_Cleaning/ExtendLanesAndRefineMidLaneEdge.py to ExtendLanesAndRefineMidLaneEdge.cpython-38.pyc
byte-compiling /home/chaitu/workspace/self_driving_car/install/self_driving_car/lib/python3.8/site-packages/self_driving_car/Detection/Lanes/c_Cleaning/CheckifYellowLaneCorrect_RetInnerBoundary.py to CheckifYellowLaneCorrect_RetInnerBoundary.cpython-38.pyc
byte-compiling /home/chaitu/workspace/self_driving_car/install/self_driving_car/lib/python3.8/site-packages/self_driving_car/Detection/Lanes/c_Cleaning/__init__.py to __init__.cpython-38.pyc
byte-compiling /home/chaitu/workspace/self_driving_car/install/self_driving_car/lib/python3.8/site-packages/self_driving_car/Detection/Lanes/__init__.py to __init__.cpython-38.pyc
byte-compiling /home/chaitu/workspace/self_driving_car/install/self_driving_car/lib/python3.8/site-packages/self_driving_car/Detection/Lanes/d_LaneInfo_Extraction/__init__.py to __init__.cpython-38.pyc
byte-compiling /home/chaitu/workspace/self_driving_car/install/self_driving_car/lib/python3.8/site-packages/self_driving_car/Detection/Lanes/d_LaneInfo_Extraction/GetStateInfoandDisplayLane.py to GetStateInfoandDisplayLane.cpython-38.pyc
byte-compiling /home/chaitu/workspace/self_driving_car/install/self_driving_car/lib/python3.8/site-packages/self_driving_car/Detection/Lanes/Morph_op.py to Morph_op.cpython-38.pyc
byte-compiling /home/chaitu/workspace/self_driving_car/install/self_driving_car/lib/python3.8/site-packages/self_driving_car/video_save.py to video_save.cpython-38.pyc
byte-compiling /home/chaitu/workspace/self_driving_car/install/self_driving_car/lib/python3.8/site-packages/self_driving_car/data/__init__.py to __init__.cpython-38.pyc
byte-compiling /home/chaitu/workspace/self_driving_car/install/self_driving_car/lib/python3.8/site-packages/self_driving_car/config/config.py to config.cpython-38.pyc
byte-compiling /home/chaitu/workspace/self_driving_car/install/self_driving_car/lib/python3.8/site-packages/self_driving_car/config/__init__.py to __init__.cpython-38.pyc
byte-compiling /home/chaitu/workspace/self_driving_car/install/self_driving_car/lib/python3.8/site-packages/self_driving_car/Drive_Bot.py to Drive_Bot.cpython-38.pyc
byte-compiling /home/chaitu/workspace/self_driving_car/install/self_driving_car/lib/python3.8/site-packages/self_driving_car/upper_camera_video.py to upper_camera_video.cpython-38.pyc
byte-compiling /home/chaitu/workspace/self_driving_car/install/self_driving_car/lib/python3.8/site-packages/self_driving_car/computer_vision_node.py to computer_vision_node.cpython-38.pyc
byte-compiling /home/chaitu/workspace/self_driving_car/install/self_driving_car/lib/python3.8/site-packages/self_driving_car/__init__.py to __init__.cpython-38.pyc
byte-compiling /home/chaitu/workspace/self_driving_car/install/self_driving_car/lib/python3.8/site-packages/self_driving_car/GPS_Navigation/utilities.py to utilities.cpython-38.pyc
byte-compiling /home/chaitu/workspace/self_driving_car/install/self_driving_car/lib/python3.8/site-packages/self_driving_car/GPS_Navigation/bot_localization.py to bot_localization.cpython-38.pyc
byte-compiling /home/chaitu/workspace/self_driving_car/install/self_driving_car/lib/python3.8/site-packages/self_driving_car/GPS_Navigation/bot_pathplanning.py to bot_pathplanning.cpython-38.pyc
byte-compiling /home/chaitu/workspace/self_driving_car/install/self_driving_car/lib/python3.8/site-packages/self_driving_car/GPS_Navigation/bot_motionplanning.py to bot_motionplanning.cpython-38.pyc
byte-compiling /home/chaitu/workspace/self_driving_car/install/self_driving_car/lib/python3.8/site-packages/self_driving_car/GPS_Navigation/bot_mapping.py to bot_mapping.cpython-38.pyc
byte-compiling /home/chaitu/workspace/self_driving_car/install/self_driving_car/lib/python3.8/site-packages/self_driving_car/GPS_Navigation/config.py to config.cpython-38.pyc
byte-compiling /home/chaitu/workspace/self_driving_car/install/self_driving_car/lib/python3.8/site-packages/self_driving_car/GPS_Navigation/__init__.py to __init__.cpython-38.pyc
byte-compiling /home/chaitu/workspace/self_driving_car/install/self_driving_car/lib/python3.8/site-packages/self_driving_car/GPS_Navigation/utilities_disp.py to utilities_disp.cpython-38.pyc
byte-compiling /home/chaitu/workspace/self_driving_car/install/self_driving_car/lib/python3.8/site-packages/self_driving_car/GPS_Navigation/Navigation.py to Navigation.cpython-38.pyc
byte-compiling /home/chaitu/workspace/self_driving_car/install/self_driving_car/lib/python3.8/site-packages/self_driving_car/sdf_spawner.py to sdf_spawner.cpython-38.pyc
running install_data
creating /home/chaitu/workspace/self_driving_car/install/self_driving_car/share/ament_index
creating /home/chaitu/workspace/self_driving_car/install/self_driving_car/share/ament_index/resource_index
creating /home/chaitu/workspace/self_driving_car/install/self_driving_car/share/ament_index/resource_index/packages
copying resource/self_driving_car -> /home/chaitu/workspace/self_driving_car/install/self_driving_car/share/ament_index/resource_index/packages
copying package.xml -> /home/chaitu/workspace/self_driving_car/install/self_driving_car/share/self_driving_car
creating /home/chaitu/workspace/self_driving_car/install/self_driving_car/share/self_driving_car/launch
copying launch/world_gazebo.launch.py -> /home/chaitu/workspace/self_driving_car/install/self_driving_car/share/self_driving_car/launch
copying launch/maze_solving_world.launch.py -> /home/chaitu/workspace/self_driving_car/install/self_driving_car/share/self_driving_car/launch
copying launch/record_and_drive.launch.py -> /home/chaitu/workspace/self_driving_car/install/self_driving_car/share/self_driving_car/launch
copying launch/test_laneFollow.launch.py -> /home/chaitu/workspace/self_driving_car/install/self_driving_car/share/self_driving_car/launch
creating /home/chaitu/workspace/self_driving_car/install/self_driving_car/lib/self_driving_car
copying scripts/lights_spawner.bash -> /home/chaitu/workspace/self_driving_car/install/self_driving_car/lib/self_driving_car
copying scripts/lights_spawner_maze.bash -> /home/chaitu/workspace/self_driving_car/install/self_driving_car/lib/self_driving_car
creating /home/chaitu/workspace/self_driving_car/install/self_driving_car/share/self_driving_car/worlds
copying worlds/Lane_follow_test.world -> /home/chaitu/workspace/self_driving_car/install/self_driving_car/share/self_driving_car/worlds
copying worlds/self_driving_car.world -> /home/chaitu/workspace/self_driving_car/install/self_driving_car/share/self_driving_car/worlds
copying worlds/maze_solving.world -> /home/chaitu/workspace/self_driving_car/install/self_driving_car/share/self_driving_car/worlds
running install_egg_info
Copying ../../build/self_driving_car/self_driving_car.egg-info to /home/chaitu/workspace/self_driving_car/install/self_driving_car/lib/python3.8/site-packages/self_driving_car-0.0.0-py3.8.egg-info
running install_scripts
Installing computer_vision_node script to /home/chaitu/workspace/self_driving_car/install/self_driving_car/lib/self_driving_car
Installing sdc_V2 script to /home/chaitu/workspace/self_driving_car/install/self_driving_car/lib/self_driving_car
Installing spawner_node script to /home/chaitu/workspace/self_driving_car/install/self_driving_car/lib/self_driving_car
Installing upper_camera_recording script to /home/chaitu/workspace/self_driving_car/install/self_driving_car/lib/self_driving_car
Installing video_recording_node script to /home/chaitu/workspace/self_driving_car/install/self_driving_car/lib/self_driving_car
writing list of installed files to '/home/chaitu/workspace/self_driving_car/build/self_driving_car/install.log'
