running egg_info
writing ../../build/self_driving_car/self_driving_car.egg-info/PKG-INFO
writing dependency_links to ../../build/self_driving_car/self_driving_car.egg-info/dependency_links.txt
writing entry points to ../../build/self_driving_car/self_driving_car.egg-info/entry_points.txt
writing requirements to ../../build/self_driving_car/self_driving_car.egg-info/requires.txt
writing top-level names to ../../build/self_driving_car/self_driving_car.egg-info/top_level.txt
reading manifest file '../../build/self_driving_car/self_driving_car.egg-info/SOURCES.txt'
writing manifest file '../../build/self_driving_car/self_driving_car.egg-info/SOURCES.txt'
running build
running build_py
running install
running install_lib
running install_data
running install_egg_info
removing '/home/chaitu/workspace/self_driving_car/install/self_driving_car/lib/python3.8/site-packages/self_driving_car-0.0.0-py3.8.egg-info' (and everything under it)
Copying ../../build/self_driving_car/self_driving_car.egg-info to /home/chaitu/workspace/self_driving_car/install/self_driving_car/lib/python3.8/site-packages/self_driving_car-0.0.0-py3.8.egg-info
running install_scripts
Installing computer_vision_node script to /home/chaitu/workspace/self_driving_car/install/self_driving_car/lib/self_driving_car
Installing sdc_V2 script to /home/chaitu/workspace/self_driving_car/install/self_driving_car/lib/self_driving_car
Installing spawner_node script to /home/chaitu/workspace/self_driving_car/install/self_driving_car/lib/self_driving_car
Installing upper_camera_recording script to /home/chaitu/workspace/self_driving_car/install/self_driving_car/lib/self_driving_car
Installing video_recording_node script to /home/chaitu/workspace/self_driving_car/install/self_driving_car/lib/self_driving_car
writing list of installed files to '/home/chaitu/workspace/self_driving_car/build/self_driving_car/install.log'
