[0.608s] Invoking command in '/home/chaitu/workspace/self_driving_car/src/self_driving_car': PYTHONPATH=/home/chaitu/workspace/self_driving_car/install/self_driving_car/lib/python3.8/site-packages:${PYTHONPATH} /usr/bin/python3 setup.py egg_info --egg-base ../../build/self_driving_car build --build-base /home/chaitu/workspace/self_driving_car/build/self_driving_car/build install --prefix /home/chaitu/workspace/self_driving_car/install/self_driving_car --record /home/chaitu/workspace/self_driving_car/build/self_driving_car/install.log --single-version-externally-managed
[0.824s] running egg_info
[0.824s] writing ../../build/self_driving_car/self_driving_car.egg-info/PKG-INFO
[0.824s] writing dependency_links to ../../build/self_driving_car/self_driving_car.egg-info/dependency_links.txt
[0.825s] writing entry points to ../../build/self_driving_car/self_driving_car.egg-info/entry_points.txt
[0.825s] writing requirements to ../../build/self_driving_car/self_driving_car.egg-info/requires.txt
[0.825s] writing top-level names to ../../build/self_driving_car/self_driving_car.egg-info/top_level.txt
[0.853s] reading manifest file '../../build/self_driving_car/self_driving_car.egg-info/SOURCES.txt'
[0.854s] writing manifest file '../../build/self_driving_car/self_driving_car.egg-info/SOURCES.txt'
[0.854s] running build
[0.854s] running build_py
[0.856s] running install
[0.857s] running install_lib
[0.859s] running install_data
[0.860s] running install_egg_info
[0.861s] removing '/home/chaitu/workspace/self_driving_car/install/self_driving_car/lib/python3.8/site-packages/self_driving_car-0.0.0-py3.8.egg-info' (and everything under it)
[0.862s] Copying ../../build/self_driving_car/self_driving_car.egg-info to /home/chaitu/workspace/self_driving_car/install/self_driving_car/lib/python3.8/site-packages/self_driving_car-0.0.0-py3.8.egg-info
[0.862s] running install_scripts
[0.876s] Installing computer_vision_node script to /home/chaitu/workspace/self_driving_car/install/self_driving_car/lib/self_driving_car
[0.876s] Installing sdc_V2 script to /home/chaitu/workspace/self_driving_car/install/self_driving_car/lib/self_driving_car
[0.876s] Installing spawner_node script to /home/chaitu/workspace/self_driving_car/install/self_driving_car/lib/self_driving_car
[0.876s] Installing upper_camera_recording script to /home/chaitu/workspace/self_driving_car/install/self_driving_car/lib/self_driving_car
[0.876s] Installing video_recording_node script to /home/chaitu/workspace/self_driving_car/install/self_driving_car/lib/self_driving_car
[0.877s] writing list of installed files to '/home/chaitu/workspace/self_driving_car/build/self_driving_car/install.log'
[0.895s] Invoked command in '/home/chaitu/workspace/self_driving_car/src/self_driving_car' returned '0': PYTHONPATH=/home/chaitu/workspace/self_driving_car/install/self_driving_car/lib/python3.8/site-packages:${PYTHONPATH} /usr/bin/python3 setup.py egg_info --egg-base ../../build/self_driving_car build --build-base /home/chaitu/workspace/self_driving_car/build/self_driving_car/build install --prefix /home/chaitu/workspace/self_driving_car/install/self_driving_car --record /home/chaitu/workspace/self_driving_car/build/self_driving_car/install.log --single-version-externally-managed
