[0.129s] DEBUG:colcon:Command line arguments: ['/usr/bin/colcon', 'build']
[0.129s] DEBUG:colcon:Parsed command line arguments: Namespace(allow_overriding=[], ament_cmake_args=None, base_paths=['.'], build_base='build', catkin_cmake_args=None, catkin_skip_building_tests=False, cmake_args=None, cmake_clean_cache=False, cmake_clean_first=False, cmake_force_configure=False, cmake_target=None, cmake_target_skip_unavailable=False, continue_on_error=False, event_handlers=None, executor='parallel', ignore_user_meta=False, install_base='install', log_base=None, log_level=None, main=<bound method BuildVerb.main of <colcon_core.verb.build.BuildVerb object at 0x7f55adba2e20>>, merge_install=False, metas=['./colcon.meta'], packages_above=None, packages_above_and_dependencies=None, packages_above_depth=None, packages_end=None, packages_ignore=None, packages_ignore_regex=None, packages_select=None, packages_select_build_failed=False, packages_select_by_dep=None, packages_select_regex=None, packages_select_test_failures=False, packages_skip=None, packages_skip_build_finished=False, packages_skip_by_dep=None, packages_skip_regex=None, packages_skip_test_passed=False, packages_skip_up_to=None, packages_start=None, packages_up_to=None, packages_up_to_regex=None, parallel_workers=8, paths=None, symlink_install=False, test_result_base=None, verb_extension=<colcon_core.verb.build.BuildVerb object at 0x7f55adba2e20>, verb_name='build', verb_parser=<colcon_defaults.argument_parser.defaults.DefaultArgumentsDecorator object at 0x7f55adbad3d0>)
[0.150s] Level 1:colcon.colcon_core.package_discovery:discover_packages(colcon_meta) check parameters
[0.150s] Level 1:colcon.colcon_core.package_discovery:discover_packages(recursive) check parameters
[0.150s] Level 1:colcon.colcon_core.package_discovery:discover_packages(ignore) check parameters
[0.150s] Level 1:colcon.colcon_core.package_discovery:discover_packages(path) check parameters
[0.150s] Level 1:colcon.colcon_core.package_discovery:discover_packages(colcon_meta) discover
[0.150s] Level 1:colcon.colcon_core.package_discovery:discover_packages(recursive) discover
[0.150s] INFO:colcon.colcon_core.package_discovery:Crawling recursively for packages in '/home/chaitu/workspace/self_driving_car'
[0.150s] Level 1:colcon.colcon_core.package_identification:_identify(.) by extensions ['ignore', 'ignore_ament_install']
[0.151s] Level 1:colcon.colcon_core.package_identification:_identify(.) by extension 'ignore'
[0.151s] Level 1:colcon.colcon_core.package_identification:_identify(.) by extension 'ignore_ament_install'
[0.151s] Level 1:colcon.colcon_core.package_identification:_identify(.) by extensions ['colcon_pkg']
[0.151s] Level 1:colcon.colcon_core.package_identification:_identify(.) by extension 'colcon_pkg'
[0.151s] Level 1:colcon.colcon_core.package_identification:_identify(.) by extensions ['colcon_meta']
[0.151s] Level 1:colcon.colcon_core.package_identification:_identify(.) by extension 'colcon_meta'
[0.151s] Level 1:colcon.colcon_core.package_identification:_identify(.) by extensions ['ros']
[0.151s] Level 1:colcon.colcon_core.package_identification:_identify(.) by extension 'ros'
[0.168s] Level 1:colcon.colcon_core.package_identification:_identify(.) by extensions ['cmake', 'python']
[0.168s] Level 1:colcon.colcon_core.package_identification:_identify(.) by extension 'cmake'
[0.168s] Level 1:colcon.colcon_core.package_identification:_identify(.) by extension 'python'
[0.168s] Level 1:colcon.colcon_core.package_identification:_identify(.) by extensions ['python_setup_py']
[0.168s] Level 1:colcon.colcon_core.package_identification:_identify(.) by extension 'python_setup_py'
[0.168s] Level 1:colcon.colcon_core.package_identification:_identify(build) by extensions ['ignore', 'ignore_ament_install']
[0.168s] Level 1:colcon.colcon_core.package_identification:_identify(build) by extension 'ignore'
[0.168s] Level 1:colcon.colcon_core.package_identification:_identify(build) ignored
[0.168s] Level 1:colcon.colcon_core.package_identification:_identify(install) by extensions ['ignore', 'ignore_ament_install']
[0.168s] Level 1:colcon.colcon_core.package_identification:_identify(install) by extension 'ignore'
[0.168s] Level 1:colcon.colcon_core.package_identification:_identify(install) ignored
[0.168s] Level 1:colcon.colcon_core.package_identification:_identify(log) by extensions ['ignore', 'ignore_ament_install']
[0.169s] Level 1:colcon.colcon_core.package_identification:_identify(log) by extension 'ignore'
[0.169s] Level 1:colcon.colcon_core.package_identification:_identify(log) ignored
[0.169s] Level 1:colcon.colcon_core.package_identification:_identify(src) by extensions ['ignore', 'ignore_ament_install']
[0.169s] Level 1:colcon.colcon_core.package_identification:_identify(src) by extension 'ignore'
[0.169s] Level 1:colcon.colcon_core.package_identification:_identify(src) by extension 'ignore_ament_install'
[0.169s] Level 1:colcon.colcon_core.package_identification:_identify(src) by extensions ['colcon_pkg']
[0.169s] Level 1:colcon.colcon_core.package_identification:_identify(src) by extension 'colcon_pkg'
[0.169s] Level 1:colcon.colcon_core.package_identification:_identify(src) by extensions ['colcon_meta']
[0.169s] Level 1:colcon.colcon_core.package_identification:_identify(src) by extension 'colcon_meta'
[0.169s] Level 1:colcon.colcon_core.package_identification:_identify(src) by extensions ['ros']
[0.169s] Level 1:colcon.colcon_core.package_identification:_identify(src) by extension 'ros'
[0.169s] Level 1:colcon.colcon_core.package_identification:_identify(src) by extensions ['cmake', 'python']
[0.169s] Level 1:colcon.colcon_core.package_identification:_identify(src) by extension 'cmake'
[0.169s] Level 1:colcon.colcon_core.package_identification:_identify(src) by extension 'python'
[0.169s] Level 1:colcon.colcon_core.package_identification:_identify(src) by extensions ['python_setup_py']
[0.169s] Level 1:colcon.colcon_core.package_identification:_identify(src) by extension 'python_setup_py'
[0.169s] Level 1:colcon.colcon_core.package_identification:_identify(src/Images_videos) by extensions ['ignore', 'ignore_ament_install']
[0.169s] Level 1:colcon.colcon_core.package_identification:_identify(src/Images_videos) by extension 'ignore'
[0.170s] Level 1:colcon.colcon_core.package_identification:_identify(src/Images_videos) by extension 'ignore_ament_install'
[0.170s] Level 1:colcon.colcon_core.package_identification:_identify(src/Images_videos) by extensions ['colcon_pkg']
[0.170s] Level 1:colcon.colcon_core.package_identification:_identify(src/Images_videos) by extension 'colcon_pkg'
[0.170s] Level 1:colcon.colcon_core.package_identification:_identify(src/Images_videos) by extensions ['colcon_meta']
[0.170s] Level 1:colcon.colcon_core.package_identification:_identify(src/Images_videos) by extension 'colcon_meta'
[0.170s] Level 1:colcon.colcon_core.package_identification:_identify(src/Images_videos) by extensions ['ros']
[0.170s] Level 1:colcon.colcon_core.package_identification:_identify(src/Images_videos) by extension 'ros'
[0.170s] Level 1:colcon.colcon_core.package_identification:_identify(src/Images_videos) by extensions ['cmake', 'python']
[0.170s] Level 1:colcon.colcon_core.package_identification:_identify(src/Images_videos) by extension 'cmake'
[0.170s] Level 1:colcon.colcon_core.package_identification:_identify(src/Images_videos) by extension 'python'
[0.170s] Level 1:colcon.colcon_core.package_identification:_identify(src/Images_videos) by extensions ['python_setup_py']
[0.170s] Level 1:colcon.colcon_core.package_identification:_identify(src/Images_videos) by extension 'python_setup_py'
[0.170s] Level 1:colcon.colcon_core.package_identification:_identify(src/Images_videos/HaarCascade) by extensions ['ignore', 'ignore_ament_install']
[0.170s] Level 1:colcon.colcon_core.package_identification:_identify(src/Images_videos/HaarCascade) by extension 'ignore'
[0.170s] Level 1:colcon.colcon_core.package_identification:_identify(src/Images_videos/HaarCascade) by extension 'ignore_ament_install'
[0.170s] Level 1:colcon.colcon_core.package_identification:_identify(src/Images_videos/HaarCascade) by extensions ['colcon_pkg']
[0.170s] Level 1:colcon.colcon_core.package_identification:_identify(src/Images_videos/HaarCascade) by extension 'colcon_pkg'
[0.170s] Level 1:colcon.colcon_core.package_identification:_identify(src/Images_videos/HaarCascade) by extensions ['colcon_meta']
[0.170s] Level 1:colcon.colcon_core.package_identification:_identify(src/Images_videos/HaarCascade) by extension 'colcon_meta'
[0.170s] Level 1:colcon.colcon_core.package_identification:_identify(src/Images_videos/HaarCascade) by extensions ['ros']
[0.170s] Level 1:colcon.colcon_core.package_identification:_identify(src/Images_videos/HaarCascade) by extension 'ros'
[0.171s] Level 1:colcon.colcon_core.package_identification:_identify(src/Images_videos/HaarCascade) by extensions ['cmake', 'python']
[0.171s] Level 1:colcon.colcon_core.package_identification:_identify(src/Images_videos/HaarCascade) by extension 'cmake'
[0.171s] Level 1:colcon.colcon_core.package_identification:_identify(src/Images_videos/HaarCascade) by extension 'python'
[0.171s] Level 1:colcon.colcon_core.package_identification:_identify(src/Images_videos/HaarCascade) by extensions ['python_setup_py']
[0.171s] Level 1:colcon.colcon_core.package_identification:_identify(src/Images_videos/HaarCascade) by extension 'python_setup_py'
[0.171s] Level 1:colcon.colcon_core.package_identification:_identify(src/Images_videos/HaarCascade/Training_Steps) by extensions ['ignore', 'ignore_ament_install']
[0.171s] Level 1:colcon.colcon_core.package_identification:_identify(src/Images_videos/HaarCascade/Training_Steps) by extension 'ignore'
[0.171s] Level 1:colcon.colcon_core.package_identification:_identify(src/Images_videos/HaarCascade/Training_Steps) by extension 'ignore_ament_install'
[0.171s] Level 1:colcon.colcon_core.package_identification:_identify(src/Images_videos/HaarCascade/Training_Steps) by extensions ['colcon_pkg']
[0.171s] Level 1:colcon.colcon_core.package_identification:_identify(src/Images_videos/HaarCascade/Training_Steps) by extension 'colcon_pkg'
[0.171s] Level 1:colcon.colcon_core.package_identification:_identify(src/Images_videos/HaarCascade/Training_Steps) by extensions ['colcon_meta']
[0.171s] Level 1:colcon.colcon_core.package_identification:_identify(src/Images_videos/HaarCascade/Training_Steps) by extension 'colcon_meta'
[0.171s] Level 1:colcon.colcon_core.package_identification:_identify(src/Images_videos/HaarCascade/Training_Steps) by extensions ['ros']
[0.171s] Level 1:colcon.colcon_core.package_identification:_identify(src/Images_videos/HaarCascade/Training_Steps) by extension 'ros'
[0.171s] Level 1:colcon.colcon_core.package_identification:_identify(src/Images_videos/HaarCascade/Training_Steps) by extensions ['cmake', 'python']
[0.171s] Level 1:colcon.colcon_core.package_identification:_identify(src/Images_videos/HaarCascade/Training_Steps) by extension 'cmake'
[0.171s] Level 1:colcon.colcon_core.package_identification:_identify(src/Images_videos/HaarCascade/Training_Steps) by extension 'python'
[0.171s] Level 1:colcon.colcon_core.package_identification:_identify(src/Images_videos/HaarCascade/Training_Steps) by extensions ['python_setup_py']
[0.171s] Level 1:colcon.colcon_core.package_identification:_identify(src/Images_videos/HaarCascade/Training_Steps) by extension 'python_setup_py'
[0.172s] Level 1:colcon.colcon_core.package_identification:_identify(src/Images_videos/Sat_Nav) by extensions ['ignore', 'ignore_ament_install']
[0.172s] Level 1:colcon.colcon_core.package_identification:_identify(src/Images_videos/Sat_Nav) by extension 'ignore'
[0.172s] Level 1:colcon.colcon_core.package_identification:_identify(src/Images_videos/Sat_Nav) by extension 'ignore_ament_install'
[0.172s] Level 1:colcon.colcon_core.package_identification:_identify(src/Images_videos/Sat_Nav) by extensions ['colcon_pkg']
[0.172s] Level 1:colcon.colcon_core.package_identification:_identify(src/Images_videos/Sat_Nav) by extension 'colcon_pkg'
[0.172s] Level 1:colcon.colcon_core.package_identification:_identify(src/Images_videos/Sat_Nav) by extensions ['colcon_meta']
[0.172s] Level 1:colcon.colcon_core.package_identification:_identify(src/Images_videos/Sat_Nav) by extension 'colcon_meta'
[0.172s] Level 1:colcon.colcon_core.package_identification:_identify(src/Images_videos/Sat_Nav) by extensions ['ros']
[0.172s] Level 1:colcon.colcon_core.package_identification:_identify(src/Images_videos/Sat_Nav) by extension 'ros'
[0.172s] Level 1:colcon.colcon_core.package_identification:_identify(src/Images_videos/Sat_Nav) by extensions ['cmake', 'python']
[0.172s] Level 1:colcon.colcon_core.package_identification:_identify(src/Images_videos/Sat_Nav) by extension 'cmake'
[0.172s] Level 1:colcon.colcon_core.package_identification:_identify(src/Images_videos/Sat_Nav) by extension 'python'
[0.172s] Level 1:colcon.colcon_core.package_identification:_identify(src/Images_videos/Sat_Nav) by extensions ['python_setup_py']
[0.172s] Level 1:colcon.colcon_core.package_identification:_identify(src/Images_videos/Sat_Nav) by extension 'python_setup_py'
[0.172s] Level 1:colcon.colcon_core.package_identification:_identify(src/ROS2SDC_VENV) by extensions ['ignore', 'ignore_ament_install']
[0.172s] Level 1:colcon.colcon_core.package_identification:_identify(src/ROS2SDC_VENV) by extension 'ignore'
[0.172s] Level 1:colcon.colcon_core.package_identification:_identify(src/ROS2SDC_VENV) ignored
[0.172s] Level 1:colcon.colcon_core.package_identification:_identify(src/Repo_resources) by extensions ['ignore', 'ignore_ament_install']
[0.173s] Level 1:colcon.colcon_core.package_identification:_identify(src/Repo_resources) by extension 'ignore'
[0.173s] Level 1:colcon.colcon_core.package_identification:_identify(src/Repo_resources) by extension 'ignore_ament_install'
[0.173s] Level 1:colcon.colcon_core.package_identification:_identify(src/Repo_resources) by extensions ['colcon_pkg']
[0.173s] Level 1:colcon.colcon_core.package_identification:_identify(src/Repo_resources) by extension 'colcon_pkg'
[0.173s] Level 1:colcon.colcon_core.package_identification:_identify(src/Repo_resources) by extensions ['colcon_meta']
[0.173s] Level 1:colcon.colcon_core.package_identification:_identify(src/Repo_resources) by extension 'colcon_meta'
[0.173s] Level 1:colcon.colcon_core.package_identification:_identify(src/Repo_resources) by extensions ['ros']
[0.173s] Level 1:colcon.colcon_core.package_identification:_identify(src/Repo_resources) by extension 'ros'
[0.173s] Level 1:colcon.colcon_core.package_identification:_identify(src/Repo_resources) by extensions ['cmake', 'python']
[0.173s] Level 1:colcon.colcon_core.package_identification:_identify(src/Repo_resources) by extension 'cmake'
[0.173s] Level 1:colcon.colcon_core.package_identification:_identify(src/Repo_resources) by extension 'python'
[0.173s] Level 1:colcon.colcon_core.package_identification:_identify(src/Repo_resources) by extensions ['python_setup_py']
[0.173s] Level 1:colcon.colcon_core.package_identification:_identify(src/Repo_resources) by extension 'python_setup_py'
[0.173s] Level 1:colcon.colcon_core.package_identification:_identify(src/self_driving_car) by extensions ['ignore', 'ignore_ament_install']
[0.173s] Level 1:colcon.colcon_core.package_identification:_identify(src/self_driving_car) by extension 'ignore'
[0.173s] Level 1:colcon.colcon_core.package_identification:_identify(src/self_driving_car) by extension 'ignore_ament_install'
[0.173s] Level 1:colcon.colcon_core.package_identification:_identify(src/self_driving_car) by extensions ['colcon_pkg']
[0.173s] Level 1:colcon.colcon_core.package_identification:_identify(src/self_driving_car) by extension 'colcon_pkg'
[0.173s] Level 1:colcon.colcon_core.package_identification:_identify(src/self_driving_car) by extensions ['colcon_meta']
[0.173s] Level 1:colcon.colcon_core.package_identification:_identify(src/self_driving_car) by extension 'colcon_meta'
[0.174s] Level 1:colcon.colcon_core.package_identification:_identify(src/self_driving_car) by extensions ['ros']
[0.174s] Level 1:colcon.colcon_core.package_identification:_identify(src/self_driving_car) by extension 'ros'
[0.176s] DEBUG:colcon.colcon_core.package_identification:Package 'src/self_driving_car' with type 'ros.ament_python' and name 'self_driving_car'
[0.176s] Level 1:colcon.colcon_core.package_discovery:discover_packages(recursive) using defaults
[0.176s] Level 1:colcon.colcon_core.package_discovery:discover_packages(ignore) discover
[0.176s] Level 1:colcon.colcon_core.package_discovery:discover_packages(ignore) using defaults
[0.176s] Level 1:colcon.colcon_core.package_discovery:discover_packages(path) discover
[0.176s] Level 1:colcon.colcon_core.package_discovery:discover_packages(path) using defaults
[0.195s] Level 1:colcon.colcon_core.package_discovery:discover_packages(prefix_path) check parameters
[0.195s] Level 1:colcon.colcon_core.package_discovery:discover_packages(prefix_path) discover
[0.197s] DEBUG:colcon.colcon_installed_package_information.package_discovery:Found 12 installed packages in /home/chaitu/workspace/ros2_ws/install
[0.199s] DEBUG:colcon.colcon_installed_package_information.package_discovery:Found 280 installed packages in /opt/ros/foxy
[0.200s] Level 1:colcon.colcon_core.package_discovery:discover_packages(prefix_path) using defaults
[0.259s] Level 5:colcon.colcon_core.verb:set package 'self_driving_car' build argument 'cmake_args' from command line to 'None'
[0.259s] Level 5:colcon.colcon_core.verb:set package 'self_driving_car' build argument 'cmake_target' from command line to 'None'
[0.259s] Level 5:colcon.colcon_core.verb:set package 'self_driving_car' build argument 'cmake_target_skip_unavailable' from command line to 'False'
[0.259s] Level 5:colcon.colcon_core.verb:set package 'self_driving_car' build argument 'cmake_clean_cache' from command line to 'False'
[0.259s] Level 5:colcon.colcon_core.verb:set package 'self_driving_car' build argument 'cmake_clean_first' from command line to 'False'
[0.259s] Level 5:colcon.colcon_core.verb:set package 'self_driving_car' build argument 'cmake_force_configure' from command line to 'False'
[0.259s] Level 5:colcon.colcon_core.verb:set package 'self_driving_car' build argument 'ament_cmake_args' from command line to 'None'
[0.260s] Level 5:colcon.colcon_core.verb:set package 'self_driving_car' build argument 'catkin_cmake_args' from command line to 'None'
[0.260s] Level 5:colcon.colcon_core.verb:set package 'self_driving_car' build argument 'catkin_skip_building_tests' from command line to 'False'
[0.260s] DEBUG:colcon.colcon_core.verb:Building package 'self_driving_car' with the following arguments: {'ament_cmake_args': None, 'build_base': '/home/chaitu/workspace/self_driving_car/build/self_driving_car', 'catkin_cmake_args': None, 'catkin_skip_building_tests': False, 'cmake_args': None, 'cmake_clean_cache': False, 'cmake_clean_first': False, 'cmake_force_configure': False, 'cmake_target': None, 'cmake_target_skip_unavailable': False, 'install_base': '/home/chaitu/workspace/self_driving_car/install/self_driving_car', 'merge_install': False, 'path': '/home/chaitu/workspace/self_driving_car/src/self_driving_car', 'symlink_install': False, 'test_result_base': None}
[0.260s] INFO:colcon.colcon_core.executor:Executing jobs using 'parallel' executor
[0.264s] DEBUG:colcon.colcon_parallel_executor.executor.parallel:run_until_complete
[0.264s] INFO:colcon.colcon_ros.task.ament_python.build:Building ROS package in '/home/chaitu/workspace/self_driving_car/src/self_driving_car' with build type 'ament_python'
[0.264s] Level 1:colcon.colcon_core.shell:create_environment_hook('self_driving_car', 'ament_prefix_path')
[0.268s] INFO:colcon.colcon_core.plugin_system:Skipping extension 'colcon_core.shell.bat': Not used on non-Windows systems
[0.268s] INFO:colcon.colcon_core.shell:Creating environment hook '/home/chaitu/workspace/self_driving_car/install/self_driving_car/share/self_driving_car/hook/ament_prefix_path.ps1'
[0.269s] INFO:colcon.colcon_core.shell:Creating environment descriptor '/home/chaitu/workspace/self_driving_car/install/self_driving_car/share/self_driving_car/hook/ament_prefix_path.dsv'
[0.269s] INFO:colcon.colcon_core.shell:Creating environment hook '/home/chaitu/workspace/self_driving_car/install/self_driving_car/share/self_driving_car/hook/ament_prefix_path.sh'
[0.270s] INFO:colcon.colcon_core.shell:Skip shell extension 'powershell' for command environment: Not usable outside of PowerShell
[0.271s] DEBUG:colcon.colcon_core.shell:Skip shell extension 'dsv' for command environment
[0.489s] INFO:colcon.colcon_core.task.python.build:Building Python package in '/home/chaitu/workspace/self_driving_car/src/self_driving_car'
[0.490s] INFO:colcon.colcon_core.shell:Skip shell extension 'powershell' for command environment: Not usable outside of PowerShell
[0.491s] DEBUG:colcon.colcon_core.shell:Skip shell extension 'dsv' for command environment
[0.874s] DEBUG:colcon.colcon_core.event_handler.log_command:Invoking command in '/home/chaitu/workspace/self_driving_car/src/self_driving_car': PYTHONPATH=/home/chaitu/workspace/self_driving_car/install/self_driving_car/lib/python3.8/site-packages:${PYTHONPATH} /usr/bin/python3 setup.py egg_info --egg-base ../../build/self_driving_car build --build-base /home/chaitu/workspace/self_driving_car/build/self_driving_car/build install --prefix /home/chaitu/workspace/self_driving_car/install/self_driving_car --record /home/chaitu/workspace/self_driving_car/build/self_driving_car/install.log --single-version-externally-managed
[1.160s] DEBUG:colcon.colcon_core.event_handler.log_command:Invoked command in '/home/chaitu/workspace/self_driving_car/src/self_driving_car' returned '0': PYTHONPATH=/home/chaitu/workspace/self_driving_car/install/self_driving_car/lib/python3.8/site-packages:${PYTHONPATH} /usr/bin/python3 setup.py egg_info --egg-base ../../build/self_driving_car build --build-base /home/chaitu/workspace/self_driving_car/build/self_driving_car/build install --prefix /home/chaitu/workspace/self_driving_car/install/self_driving_car --record /home/chaitu/workspace/self_driving_car/build/self_driving_car/install.log --single-version-externally-managed
[1.165s] Level 1:colcon.colcon_core.environment:checking '/home/chaitu/workspace/self_driving_car/install/self_driving_car' for CMake module files
[1.165s] Level 1:colcon.colcon_core.environment:checking '/home/chaitu/workspace/self_driving_car/install/self_driving_car' for CMake config files
[1.167s] Level 1:colcon.colcon_core.environment:checking '/home/chaitu/workspace/self_driving_car/install/self_driving_car/lib'
[1.167s] Level 1:colcon.colcon_core.environment:checking '/home/chaitu/workspace/self_driving_car/install/self_driving_car/bin'
[1.167s] Level 1:colcon.colcon_core.environment:checking '/home/chaitu/workspace/self_driving_car/install/self_driving_car/lib/pkgconfig/self_driving_car.pc'
[1.167s] Level 1:colcon.colcon_core.environment:checking '/home/chaitu/workspace/self_driving_car/install/self_driving_car/lib/python3.8/site-packages'
[1.167s] Level 1:colcon.colcon_core.shell:create_environment_hook('self_driving_car', 'pythonpath')
[1.169s] INFO:colcon.colcon_core.shell:Creating environment hook '/home/chaitu/workspace/self_driving_car/install/self_driving_car/share/self_driving_car/hook/pythonpath.ps1'
[1.169s] INFO:colcon.colcon_core.shell:Creating environment descriptor '/home/chaitu/workspace/self_driving_car/install/self_driving_car/share/self_driving_car/hook/pythonpath.dsv'
[1.169s] INFO:colcon.colcon_core.shell:Creating environment hook '/home/chaitu/workspace/self_driving_car/install/self_driving_car/share/self_driving_car/hook/pythonpath.sh'
[1.170s] Level 1:colcon.colcon_core.environment:checking '/home/chaitu/workspace/self_driving_car/install/self_driving_car/bin'
[1.170s] Level 1:colcon.colcon_core.environment:create_environment_scripts_only(self_driving_car)
[1.171s] INFO:colcon.colcon_core.shell:Creating package script '/home/chaitu/workspace/self_driving_car/install/self_driving_car/share/self_driving_car/package.ps1'
[1.172s] INFO:colcon.colcon_core.shell:Creating package descriptor '/home/chaitu/workspace/self_driving_car/install/self_driving_car/share/self_driving_car/package.dsv'
[1.172s] INFO:colcon.colcon_core.shell:Creating package script '/home/chaitu/workspace/self_driving_car/install/self_driving_car/share/self_driving_car/package.sh'
[1.173s] INFO:colcon.colcon_core.shell:Creating package script '/home/chaitu/workspace/self_driving_car/install/self_driving_car/share/self_driving_car/package.bash'
[1.174s] INFO:colcon.colcon_core.shell:Creating package script '/home/chaitu/workspace/self_driving_car/install/self_driving_car/share/self_driving_car/package.zsh'
[1.174s] Level 1:colcon.colcon_core.environment:create_file_with_runtime_dependencies(/home/chaitu/workspace/self_driving_car/install/self_driving_car/share/colcon-core/packages/self_driving_car)
[1.175s] DEBUG:colcon.colcon_parallel_executor.executor.parallel:closing loop
[1.175s] DEBUG:colcon.colcon_parallel_executor.executor.parallel:loop closed
[1.175s] DEBUG:colcon.colcon_parallel_executor.executor.parallel:run_until_complete finished with '0'
[1.175s] DEBUG:colcon.colcon_core.event_reactor:joining thread
[1.181s] INFO:colcon.colcon_core.plugin_system:Skipping extension 'colcon_notification.desktop_notification.terminal_notifier': Not used on non-Darwin systems
[1.181s] INFO:colcon.colcon_core.plugin_system:Skipping extension 'colcon_notification.desktop_notification.win32': Not used on non-Windows systems
[1.181s] INFO:colcon.colcon_notification.desktop_notification:Sending desktop notification using 'notify2'
[1.195s] DEBUG:colcon.colcon_core.event_reactor:joined thread
[1.196s] INFO:colcon.colcon_core.shell:Creating prefix script '/home/chaitu/workspace/self_driving_car/install/local_setup.ps1'
[1.197s] INFO:colcon.colcon_core.shell:Creating prefix util module '/home/chaitu/workspace/self_driving_car/install/_local_setup_util_ps1.py'
[1.199s] INFO:colcon.colcon_core.shell:Creating prefix chain script '/home/chaitu/workspace/self_driving_car/install/setup.ps1'
[1.201s] INFO:colcon.colcon_core.shell:Creating prefix script '/home/chaitu/workspace/self_driving_car/install/local_setup.sh'
[1.201s] INFO:colcon.colcon_core.shell:Creating prefix util module '/home/chaitu/workspace/self_driving_car/install/_local_setup_util_sh.py'
[1.202s] INFO:colcon.colcon_core.shell:Creating prefix chain script '/home/chaitu/workspace/self_driving_car/install/setup.sh'
[1.203s] INFO:colcon.colcon_core.shell:Creating prefix script '/home/chaitu/workspace/self_driving_car/install/local_setup.bash'
[1.204s] INFO:colcon.colcon_core.shell:Creating prefix chain script '/home/chaitu/workspace/self_driving_car/install/setup.bash'
[1.205s] INFO:colcon.colcon_core.shell:Creating prefix script '/home/chaitu/workspace/self_driving_car/install/local_setup.zsh'
[1.206s] INFO:colcon.colcon_core.shell:Creating prefix chain script '/home/chaitu/workspace/self_driving_car/install/setup.zsh'
