[0.203s] DEBUG:colcon:Command line arguments: ['/usr/bin/colcon', 'build']
[0.203s] DEBUG:colcon:Parsed command line arguments: Namespace(allow_overriding=[], ament_cmake_args=None, base_paths=['.'], build_base='build', catkin_cmake_args=None, catkin_skip_building_tests=False, cmake_args=None, cmake_clean_cache=False, cmake_clean_first=False, cmake_force_configure=False, cmake_target=None, cmake_target_skip_unavailable=False, continue_on_error=False, event_handlers=None, executor='parallel', ignore_user_meta=False, install_base='install', log_base=None, log_level=None, main=<bound method BuildVerb.main of <colcon_core.verb.build.BuildVerb object at 0x7f72ff563c70>>, merge_install=False, metas=['./colcon.meta'], packages_above=None, packages_above_and_dependencies=None, packages_above_depth=None, packages_end=None, packages_ignore=None, packages_ignore_regex=None, packages_select=None, packages_select_build_failed=False, packages_select_by_dep=None, packages_select_regex=None, packages_select_test_failures=False, packages_skip=None, packages_skip_build_finished=False, packages_skip_by_dep=None, packages_skip_regex=None, packages_skip_test_passed=False, packages_skip_up_to=None, packages_start=None, packages_up_to=None, packages_up_to_regex=None, parallel_workers=8, paths=None, symlink_install=False, test_result_base=None, verb_extension=<colcon_core.verb.build.BuildVerb object at 0x7f72ff563c70>, verb_name='build', verb_parser=<colcon_defaults.argument_parser.defaults.DefaultArgumentsDecorator object at 0x7f72ff56e220>)
[0.243s] Level 1:colcon.colcon_core.package_discovery:discover_packages(colcon_meta) check parameters
[0.243s] Level 1:colcon.colcon_core.package_discovery:discover_packages(recursive) check parameters
[0.243s] Level 1:colcon.colcon_core.package_discovery:discover_packages(ignore) check parameters
[0.243s] Level 1:colcon.colcon_core.package_discovery:discover_packages(path) check parameters
[0.243s] Level 1:colcon.colcon_core.package_discovery:discover_packages(colcon_meta) discover
[0.243s] Level 1:colcon.colcon_core.package_discovery:discover_packages(recursive) discover
[0.243s] INFO:colcon.colcon_core.package_discovery:Crawling recursively for packages in '/home/chaitu/workspace/self_driving_car'
[0.243s] Level 1:colcon.colcon_core.package_identification:_identify(.) by extensions ['ignore', 'ignore_ament_install']
[0.243s] Level 1:colcon.colcon_core.package_identification:_identify(.) by extension 'ignore'
[0.243s] Level 1:colcon.colcon_core.package_identification:_identify(.) by extension 'ignore_ament_install'
[0.244s] Level 1:colcon.colcon_core.package_identification:_identify(.) by extensions ['colcon_pkg']
[0.244s] Level 1:colcon.colcon_core.package_identification:_identify(.) by extension 'colcon_pkg'
[0.244s] Level 1:colcon.colcon_core.package_identification:_identify(.) by extensions ['colcon_meta']
[0.244s] Level 1:colcon.colcon_core.package_identification:_identify(.) by extension 'colcon_meta'
[0.244s] Level 1:colcon.colcon_core.package_identification:_identify(.) by extensions ['ros']
[0.244s] Level 1:colcon.colcon_core.package_identification:_identify(.) by extension 'ros'
[0.263s] Level 1:colcon.colcon_core.package_identification:_identify(.) by extensions ['cmake', 'python']
[0.263s] Level 1:colcon.colcon_core.package_identification:_identify(.) by extension 'cmake'
[0.263s] Level 1:colcon.colcon_core.package_identification:_identify(.) by extension 'python'
[0.263s] Level 1:colcon.colcon_core.package_identification:_identify(.) by extensions ['python_setup_py']
[0.263s] Level 1:colcon.colcon_core.package_identification:_identify(.) by extension 'python_setup_py'
[0.263s] Level 1:colcon.colcon_core.package_identification:_identify(build) by extensions ['ignore', 'ignore_ament_install']
[0.263s] Level 1:colcon.colcon_core.package_identification:_identify(build) by extension 'ignore'
[0.263s] Level 1:colcon.colcon_core.package_identification:_identify(build) ignored
[0.263s] Level 1:colcon.colcon_core.package_identification:_identify(install) by extensions ['ignore', 'ignore_ament_install']
[0.263s] Level 1:colcon.colcon_core.package_identification:_identify(install) by extension 'ignore'
[0.263s] Level 1:colcon.colcon_core.package_identification:_identify(install) ignored
[0.263s] Level 1:colcon.colcon_core.package_identification:_identify(log) by extensions ['ignore', 'ignore_ament_install']
[0.263s] Level 1:colcon.colcon_core.package_identification:_identify(log) by extension 'ignore'
[0.264s] Level 1:colcon.colcon_core.package_identification:_identify(log) ignored
[0.264s] Level 1:colcon.colcon_core.package_identification:_identify(src) by extensions ['ignore', 'ignore_ament_install']
[0.264s] Level 1:colcon.colcon_core.package_identification:_identify(src) by extension 'ignore'
[0.264s] Level 1:colcon.colcon_core.package_identification:_identify(src) by extension 'ignore_ament_install'
[0.264s] Level 1:colcon.colcon_core.package_identification:_identify(src) by extensions ['colcon_pkg']
[0.264s] Level 1:colcon.colcon_core.package_identification:_identify(src) by extension 'colcon_pkg'
[0.264s] Level 1:colcon.colcon_core.package_identification:_identify(src) by extensions ['colcon_meta']
[0.264s] Level 1:colcon.colcon_core.package_identification:_identify(src) by extension 'colcon_meta'
[0.264s] Level 1:colcon.colcon_core.package_identification:_identify(src) by extensions ['ros']
[0.264s] Level 1:colcon.colcon_core.package_identification:_identify(src) by extension 'ros'
[0.264s] Level 1:colcon.colcon_core.package_identification:_identify(src) by extensions ['cmake', 'python']
[0.264s] Level 1:colcon.colcon_core.package_identification:_identify(src) by extension 'cmake'
[0.264s] Level 1:colcon.colcon_core.package_identification:_identify(src) by extension 'python'
[0.264s] Level 1:colcon.colcon_core.package_identification:_identify(src) by extensions ['python_setup_py']
[0.264s] Level 1:colcon.colcon_core.package_identification:_identify(src) by extension 'python_setup_py'
[0.264s] Level 1:colcon.colcon_core.package_identification:_identify(src/ROS2-Self-Driving-Car-AI-using-OpenCV) by extensions ['ignore', 'ignore_ament_install']
[0.264s] Level 1:colcon.colcon_core.package_identification:_identify(src/ROS2-Self-Driving-Car-AI-using-OpenCV) by extension 'ignore'
[0.265s] Level 1:colcon.colcon_core.package_identification:_identify(src/ROS2-Self-Driving-Car-AI-using-OpenCV) by extension 'ignore_ament_install'
[0.265s] Level 1:colcon.colcon_core.package_identification:_identify(src/ROS2-Self-Driving-Car-AI-using-OpenCV) by extensions ['colcon_pkg']
[0.265s] Level 1:colcon.colcon_core.package_identification:_identify(src/ROS2-Self-Driving-Car-AI-using-OpenCV) by extension 'colcon_pkg'
[0.265s] Level 1:colcon.colcon_core.package_identification:_identify(src/ROS2-Self-Driving-Car-AI-using-OpenCV) by extensions ['colcon_meta']
[0.265s] Level 1:colcon.colcon_core.package_identification:_identify(src/ROS2-Self-Driving-Car-AI-using-OpenCV) by extension 'colcon_meta'
[0.265s] Level 1:colcon.colcon_core.package_identification:_identify(src/ROS2-Self-Driving-Car-AI-using-OpenCV) by extensions ['ros']
[0.265s] Level 1:colcon.colcon_core.package_identification:_identify(src/ROS2-Self-Driving-Car-AI-using-OpenCV) by extension 'ros'
[0.265s] Level 1:colcon.colcon_core.package_identification:_identify(src/ROS2-Self-Driving-Car-AI-using-OpenCV) by extensions ['cmake', 'python']
[0.265s] Level 1:colcon.colcon_core.package_identification:_identify(src/ROS2-Self-Driving-Car-AI-using-OpenCV) by extension 'cmake'
[0.265s] Level 1:colcon.colcon_core.package_identification:_identify(src/ROS2-Self-Driving-Car-AI-using-OpenCV) by extension 'python'
[0.265s] Level 1:colcon.colcon_core.package_identification:_identify(src/ROS2-Self-Driving-Car-AI-using-OpenCV) by extensions ['python_setup_py']
[0.265s] Level 1:colcon.colcon_core.package_identification:_identify(src/ROS2-Self-Driving-Car-AI-using-OpenCV) by extension 'python_setup_py'
[0.265s] Level 1:colcon.colcon_core.package_identification:_identify(src/ROS2-Self-Driving-Car-AI-using-OpenCV/Images_videos) by extensions ['ignore', 'ignore_ament_install']
[0.265s] Level 1:colcon.colcon_core.package_identification:_identify(src/ROS2-Self-Driving-Car-AI-using-OpenCV/Images_videos) by extension 'ignore'
[0.265s] Level 1:colcon.colcon_core.package_identification:_identify(src/ROS2-Self-Driving-Car-AI-using-OpenCV/Images_videos) by extension 'ignore_ament_install'
[0.265s] Level 1:colcon.colcon_core.package_identification:_identify(src/ROS2-Self-Driving-Car-AI-using-OpenCV/Images_videos) by extensions ['colcon_pkg']
[0.265s] Level 1:colcon.colcon_core.package_identification:_identify(src/ROS2-Self-Driving-Car-AI-using-OpenCV/Images_videos) by extension 'colcon_pkg'
[0.265s] Level 1:colcon.colcon_core.package_identification:_identify(src/ROS2-Self-Driving-Car-AI-using-OpenCV/Images_videos) by extensions ['colcon_meta']
[0.265s] Level 1:colcon.colcon_core.package_identification:_identify(src/ROS2-Self-Driving-Car-AI-using-OpenCV/Images_videos) by extension 'colcon_meta'
[0.266s] Level 1:colcon.colcon_core.package_identification:_identify(src/ROS2-Self-Driving-Car-AI-using-OpenCV/Images_videos) by extensions ['ros']
[0.266s] Level 1:colcon.colcon_core.package_identification:_identify(src/ROS2-Self-Driving-Car-AI-using-OpenCV/Images_videos) by extension 'ros'
[0.266s] Level 1:colcon.colcon_core.package_identification:_identify(src/ROS2-Self-Driving-Car-AI-using-OpenCV/Images_videos) by extensions ['cmake', 'python']
[0.266s] Level 1:colcon.colcon_core.package_identification:_identify(src/ROS2-Self-Driving-Car-AI-using-OpenCV/Images_videos) by extension 'cmake'
[0.266s] Level 1:colcon.colcon_core.package_identification:_identify(src/ROS2-Self-Driving-Car-AI-using-OpenCV/Images_videos) by extension 'python'
[0.266s] Level 1:colcon.colcon_core.package_identification:_identify(src/ROS2-Self-Driving-Car-AI-using-OpenCV/Images_videos) by extensions ['python_setup_py']
[0.266s] Level 1:colcon.colcon_core.package_identification:_identify(src/ROS2-Self-Driving-Car-AI-using-OpenCV/Images_videos) by extension 'python_setup_py'
[0.266s] Level 1:colcon.colcon_core.package_identification:_identify(src/ROS2-Self-Driving-Car-AI-using-OpenCV/Images_videos/HaarCascade) by extensions ['ignore', 'ignore_ament_install']
[0.266s] Level 1:colcon.colcon_core.package_identification:_identify(src/ROS2-Self-Driving-Car-AI-using-OpenCV/Images_videos/HaarCascade) by extension 'ignore'
[0.266s] Level 1:colcon.colcon_core.package_identification:_identify(src/ROS2-Self-Driving-Car-AI-using-OpenCV/Images_videos/HaarCascade) by extension 'ignore_ament_install'
[0.266s] Level 1:colcon.colcon_core.package_identification:_identify(src/ROS2-Self-Driving-Car-AI-using-OpenCV/Images_videos/HaarCascade) by extensions ['colcon_pkg']
[0.266s] Level 1:colcon.colcon_core.package_identification:_identify(src/ROS2-Self-Driving-Car-AI-using-OpenCV/Images_videos/HaarCascade) by extension 'colcon_pkg'
[0.266s] Level 1:colcon.colcon_core.package_identification:_identify(src/ROS2-Self-Driving-Car-AI-using-OpenCV/Images_videos/HaarCascade) by extensions ['colcon_meta']
[0.266s] Level 1:colcon.colcon_core.package_identification:_identify(src/ROS2-Self-Driving-Car-AI-using-OpenCV/Images_videos/HaarCascade) by extension 'colcon_meta'
[0.266s] Level 1:colcon.colcon_core.package_identification:_identify(src/ROS2-Self-Driving-Car-AI-using-OpenCV/Images_videos/HaarCascade) by extensions ['ros']
[0.266s] Level 1:colcon.colcon_core.package_identification:_identify(src/ROS2-Self-Driving-Car-AI-using-OpenCV/Images_videos/HaarCascade) by extension 'ros'
[0.266s] Level 1:colcon.colcon_core.package_identification:_identify(src/ROS2-Self-Driving-Car-AI-using-OpenCV/Images_videos/HaarCascade) by extensions ['cmake', 'python']
[0.266s] Level 1:colcon.colcon_core.package_identification:_identify(src/ROS2-Self-Driving-Car-AI-using-OpenCV/Images_videos/HaarCascade) by extension 'cmake'
[0.267s] Level 1:colcon.colcon_core.package_identification:_identify(src/ROS2-Self-Driving-Car-AI-using-OpenCV/Images_videos/HaarCascade) by extension 'python'
[0.267s] Level 1:colcon.colcon_core.package_identification:_identify(src/ROS2-Self-Driving-Car-AI-using-OpenCV/Images_videos/HaarCascade) by extensions ['python_setup_py']
[0.267s] Level 1:colcon.colcon_core.package_identification:_identify(src/ROS2-Self-Driving-Car-AI-using-OpenCV/Images_videos/HaarCascade) by extension 'python_setup_py'
[0.267s] Level 1:colcon.colcon_core.package_identification:_identify(src/ROS2-Self-Driving-Car-AI-using-OpenCV/Images_videos/HaarCascade/Training_Steps) by extensions ['ignore', 'ignore_ament_install']
[0.267s] Level 1:colcon.colcon_core.package_identification:_identify(src/ROS2-Self-Driving-Car-AI-using-OpenCV/Images_videos/HaarCascade/Training_Steps) by extension 'ignore'
[0.267s] Level 1:colcon.colcon_core.package_identification:_identify(src/ROS2-Self-Driving-Car-AI-using-OpenCV/Images_videos/HaarCascade/Training_Steps) by extension 'ignore_ament_install'
[0.267s] Level 1:colcon.colcon_core.package_identification:_identify(src/ROS2-Self-Driving-Car-AI-using-OpenCV/Images_videos/HaarCascade/Training_Steps) by extensions ['colcon_pkg']
[0.267s] Level 1:colcon.colcon_core.package_identification:_identify(src/ROS2-Self-Driving-Car-AI-using-OpenCV/Images_videos/HaarCascade/Training_Steps) by extension 'colcon_pkg'
[0.267s] Level 1:colcon.colcon_core.package_identification:_identify(src/ROS2-Self-Driving-Car-AI-using-OpenCV/Images_videos/HaarCascade/Training_Steps) by extensions ['colcon_meta']
[0.267s] Level 1:colcon.colcon_core.package_identification:_identify(src/ROS2-Self-Driving-Car-AI-using-OpenCV/Images_videos/HaarCascade/Training_Steps) by extension 'colcon_meta'
[0.267s] Level 1:colcon.colcon_core.package_identification:_identify(src/ROS2-Self-Driving-Car-AI-using-OpenCV/Images_videos/HaarCascade/Training_Steps) by extensions ['ros']
[0.267s] Level 1:colcon.colcon_core.package_identification:_identify(src/ROS2-Self-Driving-Car-AI-using-OpenCV/Images_videos/HaarCascade/Training_Steps) by extension 'ros'
[0.267s] Level 1:colcon.colcon_core.package_identification:_identify(src/ROS2-Self-Driving-Car-AI-using-OpenCV/Images_videos/HaarCascade/Training_Steps) by extensions ['cmake', 'python']
[0.267s] Level 1:colcon.colcon_core.package_identification:_identify(src/ROS2-Self-Driving-Car-AI-using-OpenCV/Images_videos/HaarCascade/Training_Steps) by extension 'cmake'
[0.267s] Level 1:colcon.colcon_core.package_identification:_identify(src/ROS2-Self-Driving-Car-AI-using-OpenCV/Images_videos/HaarCascade/Training_Steps) by extension 'python'
[0.267s] Level 1:colcon.colcon_core.package_identification:_identify(src/ROS2-Self-Driving-Car-AI-using-OpenCV/Images_videos/HaarCascade/Training_Steps) by extensions ['python_setup_py']
[0.267s] Level 1:colcon.colcon_core.package_identification:_identify(src/ROS2-Self-Driving-Car-AI-using-OpenCV/Images_videos/HaarCascade/Training_Steps) by extension 'python_setup_py'
[0.268s] Level 1:colcon.colcon_core.package_identification:_identify(src/ROS2-Self-Driving-Car-AI-using-OpenCV/Images_videos/Sat_Nav) by extensions ['ignore', 'ignore_ament_install']
[0.268s] Level 1:colcon.colcon_core.package_identification:_identify(src/ROS2-Self-Driving-Car-AI-using-OpenCV/Images_videos/Sat_Nav) by extension 'ignore'
[0.268s] Level 1:colcon.colcon_core.package_identification:_identify(src/ROS2-Self-Driving-Car-AI-using-OpenCV/Images_videos/Sat_Nav) by extension 'ignore_ament_install'
[0.268s] Level 1:colcon.colcon_core.package_identification:_identify(src/ROS2-Self-Driving-Car-AI-using-OpenCV/Images_videos/Sat_Nav) by extensions ['colcon_pkg']
[0.268s] Level 1:colcon.colcon_core.package_identification:_identify(src/ROS2-Self-Driving-Car-AI-using-OpenCV/Images_videos/Sat_Nav) by extension 'colcon_pkg'
[0.268s] Level 1:colcon.colcon_core.package_identification:_identify(src/ROS2-Self-Driving-Car-AI-using-OpenCV/Images_videos/Sat_Nav) by extensions ['colcon_meta']
[0.268s] Level 1:colcon.colcon_core.package_identification:_identify(src/ROS2-Self-Driving-Car-AI-using-OpenCV/Images_videos/Sat_Nav) by extension 'colcon_meta'
[0.268s] Level 1:colcon.colcon_core.package_identification:_identify(src/ROS2-Self-Driving-Car-AI-using-OpenCV/Images_videos/Sat_Nav) by extensions ['ros']
[0.268s] Level 1:colcon.colcon_core.package_identification:_identify(src/ROS2-Self-Driving-Car-AI-using-OpenCV/Images_videos/Sat_Nav) by extension 'ros'
[0.268s] Level 1:colcon.colcon_core.package_identification:_identify(src/ROS2-Self-Driving-Car-AI-using-OpenCV/Images_videos/Sat_Nav) by extensions ['cmake', 'python']
[0.268s] Level 1:colcon.colcon_core.package_identification:_identify(src/ROS2-Self-Driving-Car-AI-using-OpenCV/Images_videos/Sat_Nav) by extension 'cmake'
[0.268s] Level 1:colcon.colcon_core.package_identification:_identify(src/ROS2-Self-Driving-Car-AI-using-OpenCV/Images_videos/Sat_Nav) by extension 'python'
[0.268s] Level 1:colcon.colcon_core.package_identification:_identify(src/ROS2-Self-Driving-Car-AI-using-OpenCV/Images_videos/Sat_Nav) by extensions ['python_setup_py']
[0.268s] Level 1:colcon.colcon_core.package_identification:_identify(src/ROS2-Self-Driving-Car-AI-using-OpenCV/Images_videos/Sat_Nav) by extension 'python_setup_py'
[0.268s] Level 1:colcon.colcon_core.package_identification:_identify(src/ROS2-Self-Driving-Car-AI-using-OpenCV/Repo_resources) by extensions ['ignore', 'ignore_ament_install']
[0.268s] Level 1:colcon.colcon_core.package_identification:_identify(src/ROS2-Self-Driving-Car-AI-using-OpenCV/Repo_resources) by extension 'ignore'
[0.268s] Level 1:colcon.colcon_core.package_identification:_identify(src/ROS2-Self-Driving-Car-AI-using-OpenCV/Repo_resources) by extension 'ignore_ament_install'
[0.268s] Level 1:colcon.colcon_core.package_identification:_identify(src/ROS2-Self-Driving-Car-AI-using-OpenCV/Repo_resources) by extensions ['colcon_pkg']
[0.268s] Level 1:colcon.colcon_core.package_identification:_identify(src/ROS2-Self-Driving-Car-AI-using-OpenCV/Repo_resources) by extension 'colcon_pkg'
[0.269s] Level 1:colcon.colcon_core.package_identification:_identify(src/ROS2-Self-Driving-Car-AI-using-OpenCV/Repo_resources) by extensions ['colcon_meta']
[0.269s] Level 1:colcon.colcon_core.package_identification:_identify(src/ROS2-Self-Driving-Car-AI-using-OpenCV/Repo_resources) by extension 'colcon_meta'
[0.269s] Level 1:colcon.colcon_core.package_identification:_identify(src/ROS2-Self-Driving-Car-AI-using-OpenCV/Repo_resources) by extensions ['ros']
[0.269s] Level 1:colcon.colcon_core.package_identification:_identify(src/ROS2-Self-Driving-Car-AI-using-OpenCV/Repo_resources) by extension 'ros'
[0.269s] Level 1:colcon.colcon_core.package_identification:_identify(src/ROS2-Self-Driving-Car-AI-using-OpenCV/Repo_resources) by extensions ['cmake', 'python']
[0.269s] Level 1:colcon.colcon_core.package_identification:_identify(src/ROS2-Self-Driving-Car-AI-using-OpenCV/Repo_resources) by extension 'cmake'
[0.269s] Level 1:colcon.colcon_core.package_identification:_identify(src/ROS2-Self-Driving-Car-AI-using-OpenCV/Repo_resources) by extension 'python'
[0.269s] Level 1:colcon.colcon_core.package_identification:_identify(src/ROS2-Self-Driving-Car-AI-using-OpenCV/Repo_resources) by extensions ['python_setup_py']
[0.269s] Level 1:colcon.colcon_core.package_identification:_identify(src/ROS2-Self-Driving-Car-AI-using-OpenCV/Repo_resources) by extension 'python_setup_py'
[0.269s] Level 1:colcon.colcon_core.package_identification:_identify(src/ROS2-Self-Driving-Car-AI-using-OpenCV/self_driving_car_pkg) by extensions ['ignore', 'ignore_ament_install']
[0.269s] Level 1:colcon.colcon_core.package_identification:_identify(src/ROS2-Self-Driving-Car-AI-using-OpenCV/self_driving_car_pkg) by extension 'ignore'
[0.269s] Level 1:colcon.colcon_core.package_identification:_identify(src/ROS2-Self-Driving-Car-AI-using-OpenCV/self_driving_car_pkg) by extension 'ignore_ament_install'
[0.269s] Level 1:colcon.colcon_core.package_identification:_identify(src/ROS2-Self-Driving-Car-AI-using-OpenCV/self_driving_car_pkg) by extensions ['colcon_pkg']
[0.269s] Level 1:colcon.colcon_core.package_identification:_identify(src/ROS2-Self-Driving-Car-AI-using-OpenCV/self_driving_car_pkg) by extension 'colcon_pkg'
[0.269s] Level 1:colcon.colcon_core.package_identification:_identify(src/ROS2-Self-Driving-Car-AI-using-OpenCV/self_driving_car_pkg) by extensions ['colcon_meta']
[0.269s] Level 1:colcon.colcon_core.package_identification:_identify(src/ROS2-Self-Driving-Car-AI-using-OpenCV/self_driving_car_pkg) by extension 'colcon_meta'
[0.269s] Level 1:colcon.colcon_core.package_identification:_identify(src/ROS2-Self-Driving-Car-AI-using-OpenCV/self_driving_car_pkg) by extensions ['ros']
[0.269s] Level 1:colcon.colcon_core.package_identification:_identify(src/ROS2-Self-Driving-Car-AI-using-OpenCV/self_driving_car_pkg) by extension 'ros'
[0.272s] DEBUG:colcon.colcon_core.package_identification:Package 'src/ROS2-Self-Driving-Car-AI-using-OpenCV/self_driving_car_pkg' with type 'ros.ament_python' and name 'self_driving_car_pkg'
[0.272s] Level 1:colcon.colcon_core.package_discovery:discover_packages(recursive) using defaults
[0.272s] Level 1:colcon.colcon_core.package_discovery:discover_packages(ignore) discover
[0.272s] Level 1:colcon.colcon_core.package_discovery:discover_packages(ignore) using defaults
[0.272s] Level 1:colcon.colcon_core.package_discovery:discover_packages(path) discover
[0.272s] Level 1:colcon.colcon_core.package_discovery:discover_packages(path) using defaults
[0.297s] Level 1:colcon.colcon_core.package_discovery:discover_packages(prefix_path) check parameters
[0.297s] Level 1:colcon.colcon_core.package_discovery:discover_packages(prefix_path) discover
[0.302s] DEBUG:colcon.colcon_installed_package_information.package_discovery:Found 12 installed packages in /home/chaitu/workspace/ros2_ws/install
[0.303s] DEBUG:colcon.colcon_installed_package_information.package_discovery:Found 280 installed packages in /opt/ros/foxy
[0.305s] Level 1:colcon.colcon_core.package_discovery:discover_packages(prefix_path) using defaults
[0.388s] Level 5:colcon.colcon_core.verb:set package 'self_driving_car_pkg' build argument 'cmake_args' from command line to 'None'
[0.388s] Level 5:colcon.colcon_core.verb:set package 'self_driving_car_pkg' build argument 'cmake_target' from command line to 'None'
[0.388s] Level 5:colcon.colcon_core.verb:set package 'self_driving_car_pkg' build argument 'cmake_target_skip_unavailable' from command line to 'False'
[0.388s] Level 5:colcon.colcon_core.verb:set package 'self_driving_car_pkg' build argument 'cmake_clean_cache' from command line to 'False'
[0.388s] Level 5:colcon.colcon_core.verb:set package 'self_driving_car_pkg' build argument 'cmake_clean_first' from command line to 'False'
[0.388s] Level 5:colcon.colcon_core.verb:set package 'self_driving_car_pkg' build argument 'cmake_force_configure' from command line to 'False'
[0.388s] Level 5:colcon.colcon_core.verb:set package 'self_driving_car_pkg' build argument 'ament_cmake_args' from command line to 'None'
[0.388s] Level 5:colcon.colcon_core.verb:set package 'self_driving_car_pkg' build argument 'catkin_cmake_args' from command line to 'None'
[0.388s] Level 5:colcon.colcon_core.verb:set package 'self_driving_car_pkg' build argument 'catkin_skip_building_tests' from command line to 'False'
[0.388s] DEBUG:colcon.colcon_core.verb:Building package 'self_driving_car_pkg' with the following arguments: {'ament_cmake_args': None, 'build_base': '/home/chaitu/workspace/self_driving_car/build/self_driving_car_pkg', 'catkin_cmake_args': None, 'catkin_skip_building_tests': False, 'cmake_args': None, 'cmake_clean_cache': False, 'cmake_clean_first': False, 'cmake_force_configure': False, 'cmake_target': None, 'cmake_target_skip_unavailable': False, 'install_base': '/home/chaitu/workspace/self_driving_car/install/self_driving_car_pkg', 'merge_install': False, 'path': '/home/chaitu/workspace/self_driving_car/src/ROS2-Self-Driving-Car-AI-using-OpenCV/self_driving_car_pkg', 'symlink_install': False, 'test_result_base': None}
[0.389s] INFO:colcon.colcon_core.executor:Executing jobs using 'parallel' executor
[0.392s] DEBUG:colcon.colcon_parallel_executor.executor.parallel:run_until_complete
[0.392s] INFO:colcon.colcon_ros.task.ament_python.build:Building ROS package in '/home/chaitu/workspace/self_driving_car/src/ROS2-Self-Driving-Car-AI-using-OpenCV/self_driving_car_pkg' with build type 'ament_python'
[0.392s] Level 1:colcon.colcon_core.shell:create_environment_hook('self_driving_car_pkg', 'ament_prefix_path')
[0.398s] INFO:colcon.colcon_core.plugin_system:Skipping extension 'colcon_core.shell.bat': Not used on non-Windows systems
[0.399s] INFO:colcon.colcon_core.shell:Creating environment hook '/home/chaitu/workspace/self_driving_car/install/self_driving_car_pkg/share/self_driving_car_pkg/hook/ament_prefix_path.ps1'
[0.400s] INFO:colcon.colcon_core.shell:Creating environment descriptor '/home/chaitu/workspace/self_driving_car/install/self_driving_car_pkg/share/self_driving_car_pkg/hook/ament_prefix_path.dsv'
[0.400s] INFO:colcon.colcon_core.shell:Creating environment hook '/home/chaitu/workspace/self_driving_car/install/self_driving_car_pkg/share/self_driving_car_pkg/hook/ament_prefix_path.sh'
[0.402s] INFO:colcon.colcon_core.shell:Skip shell extension 'powershell' for command environment: Not usable outside of PowerShell
[0.402s] DEBUG:colcon.colcon_core.shell:Skip shell extension 'dsv' for command environment
[0.630s] INFO:colcon.colcon_core.task.python.build:Building Python package in '/home/chaitu/workspace/self_driving_car/src/ROS2-Self-Driving-Car-AI-using-OpenCV/self_driving_car_pkg'
[0.632s] INFO:colcon.colcon_core.shell:Skip shell extension 'powershell' for command environment: Not usable outside of PowerShell
[0.632s] DEBUG:colcon.colcon_core.shell:Skip shell extension 'dsv' for command environment
[1.125s] DEBUG:colcon.colcon_core.event_handler.log_command:Invoking command in '/home/chaitu/workspace/self_driving_car/src/ROS2-Self-Driving-Car-AI-using-OpenCV/self_driving_car_pkg': PYTHONPATH=/home/chaitu/workspace/self_driving_car/install/self_driving_car_pkg/lib/python3.8/site-packages:${PYTHONPATH} /usr/bin/python3 setup.py egg_info --egg-base ../../../build/self_driving_car_pkg build --build-base /home/chaitu/workspace/self_driving_car/build/self_driving_car_pkg/build install --prefix /home/chaitu/workspace/self_driving_car/install/self_driving_car_pkg --record /home/chaitu/workspace/self_driving_car/build/self_driving_car_pkg/install.log --single-version-externally-managed
[1.483s] DEBUG:colcon.colcon_core.event_handler.log_command:Invoked command in '/home/chaitu/workspace/self_driving_car/src/ROS2-Self-Driving-Car-AI-using-OpenCV/self_driving_car_pkg' returned '0': PYTHONPATH=/home/chaitu/workspace/self_driving_car/install/self_driving_car_pkg/lib/python3.8/site-packages:${PYTHONPATH} /usr/bin/python3 setup.py egg_info --egg-base ../../../build/self_driving_car_pkg build --build-base /home/chaitu/workspace/self_driving_car/build/self_driving_car_pkg/build install --prefix /home/chaitu/workspace/self_driving_car/install/self_driving_car_pkg --record /home/chaitu/workspace/self_driving_car/build/self_driving_car_pkg/install.log --single-version-externally-managed
[1.491s] Level 1:colcon.colcon_core.environment:checking '/home/chaitu/workspace/self_driving_car/install/self_driving_car_pkg' for CMake module files
[1.492s] Level 1:colcon.colcon_core.environment:checking '/home/chaitu/workspace/self_driving_car/install/self_driving_car_pkg' for CMake config files
[1.493s] Level 1:colcon.colcon_core.environment:checking '/home/chaitu/workspace/self_driving_car/install/self_driving_car_pkg/lib'
[1.493s] Level 1:colcon.colcon_core.environment:checking '/home/chaitu/workspace/self_driving_car/install/self_driving_car_pkg/bin'
[1.493s] Level 1:colcon.colcon_core.environment:checking '/home/chaitu/workspace/self_driving_car/install/self_driving_car_pkg/lib/pkgconfig/self_driving_car_pkg.pc'
[1.493s] Level 1:colcon.colcon_core.environment:checking '/home/chaitu/workspace/self_driving_car/install/self_driving_car_pkg/lib/python3.8/site-packages'
[1.493s] Level 1:colcon.colcon_core.shell:create_environment_hook('self_driving_car_pkg', 'pythonpath')
[1.495s] INFO:colcon.colcon_core.shell:Creating environment hook '/home/chaitu/workspace/self_driving_car/install/self_driving_car_pkg/share/self_driving_car_pkg/hook/pythonpath.ps1'
[1.496s] INFO:colcon.colcon_core.shell:Creating environment descriptor '/home/chaitu/workspace/self_driving_car/install/self_driving_car_pkg/share/self_driving_car_pkg/hook/pythonpath.dsv'
[1.496s] INFO:colcon.colcon_core.shell:Creating environment hook '/home/chaitu/workspace/self_driving_car/install/self_driving_car_pkg/share/self_driving_car_pkg/hook/pythonpath.sh'
[1.496s] Level 1:colcon.colcon_core.environment:checking '/home/chaitu/workspace/self_driving_car/install/self_driving_car_pkg/bin'
[1.496s] Level 1:colcon.colcon_core.environment:create_environment_scripts_only(self_driving_car_pkg)
[1.498s] INFO:colcon.colcon_core.shell:Creating package script '/home/chaitu/workspace/self_driving_car/install/self_driving_car_pkg/share/self_driving_car_pkg/package.ps1'
[1.499s] INFO:colcon.colcon_core.shell:Creating package descriptor '/home/chaitu/workspace/self_driving_car/install/self_driving_car_pkg/share/self_driving_car_pkg/package.dsv'
[1.500s] INFO:colcon.colcon_core.shell:Creating package script '/home/chaitu/workspace/self_driving_car/install/self_driving_car_pkg/share/self_driving_car_pkg/package.sh'
[1.501s] INFO:colcon.colcon_core.shell:Creating package script '/home/chaitu/workspace/self_driving_car/install/self_driving_car_pkg/share/self_driving_car_pkg/package.bash'
[1.502s] INFO:colcon.colcon_core.shell:Creating package script '/home/chaitu/workspace/self_driving_car/install/self_driving_car_pkg/share/self_driving_car_pkg/package.zsh'
[1.502s] Level 1:colcon.colcon_core.environment:create_file_with_runtime_dependencies(/home/chaitu/workspace/self_driving_car/install/self_driving_car_pkg/share/colcon-core/packages/self_driving_car_pkg)
[1.503s] DEBUG:colcon.colcon_parallel_executor.executor.parallel:closing loop
[1.503s] DEBUG:colcon.colcon_parallel_executor.executor.parallel:loop closed
[1.503s] DEBUG:colcon.colcon_parallel_executor.executor.parallel:run_until_complete finished with '0'
[1.504s] DEBUG:colcon.colcon_core.event_reactor:joining thread
[1.513s] INFO:colcon.colcon_core.plugin_system:Skipping extension 'colcon_notification.desktop_notification.terminal_notifier': Not used on non-Darwin systems
[1.513s] INFO:colcon.colcon_core.plugin_system:Skipping extension 'colcon_notification.desktop_notification.win32': Not used on non-Windows systems
[1.514s] INFO:colcon.colcon_notification.desktop_notification:Sending desktop notification using 'notify2'
[1.530s] DEBUG:colcon.colcon_core.event_reactor:joined thread
[1.532s] INFO:colcon.colcon_core.shell:Creating prefix script '/home/chaitu/workspace/self_driving_car/install/local_setup.ps1'
[1.533s] INFO:colcon.colcon_core.shell:Creating prefix util module '/home/chaitu/workspace/self_driving_car/install/_local_setup_util_ps1.py'
[1.535s] INFO:colcon.colcon_core.shell:Creating prefix chain script '/home/chaitu/workspace/self_driving_car/install/setup.ps1'
[1.539s] INFO:colcon.colcon_core.shell:Creating prefix script '/home/chaitu/workspace/self_driving_car/install/local_setup.sh'
[1.540s] INFO:colcon.colcon_core.shell:Creating prefix util module '/home/chaitu/workspace/self_driving_car/install/_local_setup_util_sh.py'
[1.540s] INFO:colcon.colcon_core.shell:Creating prefix chain script '/home/chaitu/workspace/self_driving_car/install/setup.sh'
[1.543s] INFO:colcon.colcon_core.shell:Creating prefix script '/home/chaitu/workspace/self_driving_car/install/local_setup.bash'
[1.543s] INFO:colcon.colcon_core.shell:Creating prefix chain script '/home/chaitu/workspace/self_driving_car/install/setup.bash'
[1.546s] INFO:colcon.colcon_core.shell:Creating prefix script '/home/chaitu/workspace/self_driving_car/install/local_setup.zsh'
[1.546s] INFO:colcon.colcon_core.shell:Creating prefix chain script '/home/chaitu/workspace/self_driving_car/install/setup.zsh'
