[0.614s] Invoking command in '/home/chaitu/workspace/self_driving_car/ROS2-Self-Driving-Car-AI-using-OpenCV/self_driving_car_pkg': PYTHONPATH=/home/chaitu/workspace/self_driving_car/install/self_driving_car_pkg/lib/python3.8/site-packages:${PYTHONPATH} /usr/bin/python3 setup.py egg_info --egg-base ../../build/self_driving_car_pkg build --build-base /home/chaitu/workspace/self_driving_car/build/self_driving_car_pkg/build install --prefix /home/chaitu/workspace/self_driving_car/install/self_driving_car_pkg --record /home/chaitu/workspace/self_driving_car/build/self_driving_car_pkg/install.log --single-version-externally-managed
[0.834s] running egg_info
[0.835s] writing ../../build/self_driving_car_pkg/self_driving_car_pkg.egg-info/PKG-INFO
[0.835s] writing dependency_links to ../../build/self_driving_car_pkg/self_driving_car_pkg.egg-info/dependency_links.txt
[0.835s] writing entry points to ../../build/self_driving_car_pkg/self_driving_car_pkg.egg-info/entry_points.txt
[0.835s] writing requirements to ../../build/self_driving_car_pkg/self_driving_car_pkg.egg-info/requires.txt
[0.835s] writing top-level names to ../../build/self_driving_car_pkg/self_driving_car_pkg.egg-info/top_level.txt
[0.864s] reading manifest file '../../build/self_driving_car_pkg/self_driving_car_pkg.egg-info/SOURCES.txt'
[0.865s] writing manifest file '../../build/self_driving_car_pkg/self_driving_car_pkg.egg-info/SOURCES.txt'
[0.865s] running build
[0.865s] running build_py
[0.866s] copying self_driving_car_pkg/sdc_V2.py -> /home/chaitu/workspace/self_driving_car/build/self_driving_car_pkg/build/lib/self_driving_car_pkg
[0.866s] copying self_driving_car_pkg/video_save.py -> /home/chaitu/workspace/self_driving_car/build/self_driving_car_pkg/build/lib/self_driving_car_pkg
[0.866s] copying self_driving_car_pkg/Drive_Bot.py -> /home/chaitu/workspace/self_driving_car/build/self_driving_car_pkg/build/lib/self_driving_car_pkg
[0.866s] copying self_driving_car_pkg/upper_camera_video.py -> /home/chaitu/workspace/self_driving_car/build/self_driving_car_pkg/build/lib/self_driving_car_pkg
[0.866s] copying self_driving_car_pkg/computer_vision_node.py -> /home/chaitu/workspace/self_driving_car/build/self_driving_car_pkg/build/lib/self_driving_car_pkg
[0.866s] copying self_driving_car_pkg/__init__.py -> /home/chaitu/workspace/self_driving_car/build/self_driving_car_pkg/build/lib/self_driving_car_pkg
[0.866s] copying self_driving_car_pkg/sdf_spawner.py -> /home/chaitu/workspace/self_driving_car/build/self_driving_car_pkg/build/lib/self_driving_car_pkg
[0.866s] copying self_driving_car_pkg/Detection/Lanes/d_LaneInfo_Extraction/__init__.py -> /home/chaitu/workspace/self_driving_car/build/self_driving_car_pkg/build/lib/self_driving_car_pkg/Detection/Lanes/d_LaneInfo_Extraction
[0.866s] copying self_driving_car_pkg/Detection/Lanes/d_LaneInfo_Extraction/GetStateInfoandDisplayLane.py -> /home/chaitu/workspace/self_driving_car/build/self_driving_car_pkg/build/lib/self_driving_car_pkg/Detection/Lanes/d_LaneInfo_Extraction
[0.866s] copying self_driving_car_pkg/Detection/Lanes/c_Cleaning/ExtendLanesAndRefineMidLaneEdge.py -> /home/chaitu/workspace/self_driving_car/build/self_driving_car_pkg/build/lib/self_driving_car_pkg/Detection/Lanes/c_Cleaning
[0.867s] copying self_driving_car_pkg/Detection/Lanes/c_Cleaning/CheckifYellowLaneCorrect_RetInnerBoundary.py -> /home/chaitu/workspace/self_driving_car/build/self_driving_car_pkg/build/lib/self_driving_car_pkg/Detection/Lanes/c_Cleaning
[0.867s] copying self_driving_car_pkg/Detection/Lanes/c_Cleaning/__init__.py -> /home/chaitu/workspace/self_driving_car/build/self_driving_car_pkg/build/lib/self_driving_car_pkg/Detection/Lanes/c_Cleaning
[0.867s] copying self_driving_car_pkg/Detection/Lanes/b_Estimation/__init__.py -> /home/chaitu/workspace/self_driving_car/build/self_driving_car_pkg/build/lib/self_driving_car_pkg/Detection/Lanes/b_Estimation
[0.867s] copying self_driving_car_pkg/Detection/Lanes/b_Estimation/Our_EstimationAlgo.py -> /home/chaitu/workspace/self_driving_car/build/self_driving_car_pkg/build/lib/self_driving_car_pkg/Detection/Lanes/b_Estimation
[0.867s] copying self_driving_car_pkg/Detection/Lanes/a_Segmentation/__init__.py -> /home/chaitu/workspace/self_driving_car/build/self_driving_car_pkg/build/lib/self_driving_car_pkg/Detection/Lanes/a_Segmentation
[0.867s] copying self_driving_car_pkg/Detection/Lanes/a_Segmentation/colour_segmentation_final.py -> /home/chaitu/workspace/self_driving_car/build/self_driving_car_pkg/build/lib/self_driving_car_pkg/Detection/Lanes/a_Segmentation
[0.867s] copying self_driving_car_pkg/Detection/Lanes/Lane_Detection.py -> /home/chaitu/workspace/self_driving_car/build/self_driving_car_pkg/build/lib/self_driving_car_pkg/Detection/Lanes
[0.867s] copying self_driving_car_pkg/Detection/Lanes/utilities.py -> /home/chaitu/workspace/self_driving_car/build/self_driving_car_pkg/build/lib/self_driving_car_pkg/Detection/Lanes
[0.868s] copying self_driving_car_pkg/Detection/Lanes/__init__.py -> /home/chaitu/workspace/self_driving_car/build/self_driving_car_pkg/build/lib/self_driving_car_pkg/Detection/Lanes
[0.868s] copying self_driving_car_pkg/Detection/Lanes/Morph_op.py -> /home/chaitu/workspace/self_driving_car/build/self_driving_car_pkg/build/lib/self_driving_car_pkg/Detection/Lanes
[0.868s] copying self_driving_car_pkg/Detection/Signs/Classification/CNN.py -> /home/chaitu/workspace/self_driving_car/build/self_driving_car_pkg/build/lib/self_driving_car_pkg/Detection/Signs/Classification
[0.868s] copying self_driving_car_pkg/Detection/Signs/Classification/Visualize_CNN.py -> /home/chaitu/workspace/self_driving_car/build/self_driving_car_pkg/build/lib/self_driving_car_pkg/Detection/Signs/Classification
[0.868s] copying self_driving_car_pkg/Detection/Signs/Classification/__init__.py -> /home/chaitu/workspace/self_driving_car/build/self_driving_car_pkg/build/lib/self_driving_car_pkg/Detection/Signs/Classification
[0.868s] copying self_driving_car_pkg/Detection/Signs/Classification/Classification_CNN.py -> /home/chaitu/workspace/self_driving_car/build/self_driving_car_pkg/build/lib/self_driving_car_pkg/Detection/Signs/Classification
[0.868s] copying self_driving_car_pkg/Detection/Signs/SignDetectionApi.py -> /home/chaitu/workspace/self_driving_car/build/self_driving_car_pkg/build/lib/self_driving_car_pkg/Detection/Signs
[0.868s] copying self_driving_car_pkg/Detection/Signs/__init__.py -> /home/chaitu/workspace/self_driving_car/build/self_driving_car_pkg/build/lib/self_driving_car_pkg/Detection/Signs
[0.869s] copying self_driving_car_pkg/Detection/TrafficLights/__init__.py -> /home/chaitu/workspace/self_driving_car/build/self_driving_car_pkg/build/lib/self_driving_car_pkg/Detection/TrafficLights
[0.869s] copying self_driving_car_pkg/Detection/TrafficLights/TrafficLights_Detection.py -> /home/chaitu/workspace/self_driving_car/build/self_driving_car_pkg/build/lib/self_driving_car_pkg/Detection/TrafficLights
[0.869s] copying self_driving_car_pkg/Detection/__init__.py -> /home/chaitu/workspace/self_driving_car/build/self_driving_car_pkg/build/lib/self_driving_car_pkg/Detection
[0.869s] copying self_driving_car_pkg/GPS_Navigation/utilities.py -> /home/chaitu/workspace/self_driving_car/build/self_driving_car_pkg/build/lib/self_driving_car_pkg/GPS_Navigation
[0.869s] copying self_driving_car_pkg/GPS_Navigation/bot_localization.py -> /home/chaitu/workspace/self_driving_car/build/self_driving_car_pkg/build/lib/self_driving_car_pkg/GPS_Navigation
[0.869s] copying self_driving_car_pkg/GPS_Navigation/bot_pathplanning.py -> /home/chaitu/workspace/self_driving_car/build/self_driving_car_pkg/build/lib/self_driving_car_pkg/GPS_Navigation
[0.869s] copying self_driving_car_pkg/GPS_Navigation/bot_motionplanning.py -> /home/chaitu/workspace/self_driving_car/build/self_driving_car_pkg/build/lib/self_driving_car_pkg/GPS_Navigation
[0.869s] copying self_driving_car_pkg/GPS_Navigation/bot_mapping.py -> /home/chaitu/workspace/self_driving_car/build/self_driving_car_pkg/build/lib/self_driving_car_pkg/GPS_Navigation
[0.870s] copying self_driving_car_pkg/GPS_Navigation/config.py -> /home/chaitu/workspace/self_driving_car/build/self_driving_car_pkg/build/lib/self_driving_car_pkg/GPS_Navigation
[0.870s] copying self_driving_car_pkg/GPS_Navigation/__init__.py -> /home/chaitu/workspace/self_driving_car/build/self_driving_car_pkg/build/lib/self_driving_car_pkg/GPS_Navigation
[0.870s] copying self_driving_car_pkg/GPS_Navigation/utilities_disp.py -> /home/chaitu/workspace/self_driving_car/build/self_driving_car_pkg/build/lib/self_driving_car_pkg/GPS_Navigation
[0.870s] copying self_driving_car_pkg/GPS_Navigation/Navigation.py -> /home/chaitu/workspace/self_driving_car/build/self_driving_car_pkg/build/lib/self_driving_car_pkg/GPS_Navigation
[0.870s] copying self_driving_car_pkg/config/config.py -> /home/chaitu/workspace/self_driving_car/build/self_driving_car_pkg/build/lib/self_driving_car_pkg/config
[0.870s] copying self_driving_car_pkg/config/__init__.py -> /home/chaitu/workspace/self_driving_car/build/self_driving_car_pkg/build/lib/self_driving_car_pkg/config
[0.870s] copying self_driving_car_pkg/data/__init__.py -> /home/chaitu/workspace/self_driving_car/build/self_driving_car_pkg/build/lib/self_driving_car_pkg/data
[0.871s] running install
[0.872s] running install_lib
[0.873s] copying /home/chaitu/workspace/self_driving_car/build/self_driving_car_pkg/build/lib/self_driving_car_pkg/sdc_V2.py -> /home/chaitu/workspace/self_driving_car/install/self_driving_car_pkg/lib/python3.8/site-packages/self_driving_car_pkg
[0.873s] copying /home/chaitu/workspace/self_driving_car/build/self_driving_car_pkg/build/lib/self_driving_car_pkg/Detection/Signs/Classification/CNN.py -> /home/chaitu/workspace/self_driving_car/install/self_driving_car_pkg/lib/python3.8/site-packages/self_driving_car_pkg/Detection/Signs/Classification
[0.873s] copying /home/chaitu/workspace/self_driving_car/build/self_driving_car_pkg/build/lib/self_driving_car_pkg/Detection/Signs/Classification/Visualize_CNN.py -> /home/chaitu/workspace/self_driving_car/install/self_driving_car_pkg/lib/python3.8/site-packages/self_driving_car_pkg/Detection/Signs/Classification
[0.873s] copying /home/chaitu/workspace/self_driving_car/build/self_driving_car_pkg/build/lib/self_driving_car_pkg/Detection/Signs/Classification/__init__.py -> /home/chaitu/workspace/self_driving_car/install/self_driving_car_pkg/lib/python3.8/site-packages/self_driving_car_pkg/Detection/Signs/Classification
[0.873s] copying /home/chaitu/workspace/self_driving_car/build/self_driving_car_pkg/build/lib/self_driving_car_pkg/Detection/Signs/Classification/Classification_CNN.py -> /home/chaitu/workspace/self_driving_car/install/self_driving_car_pkg/lib/python3.8/site-packages/self_driving_car_pkg/Detection/Signs/Classification
[0.873s] copying /home/chaitu/workspace/self_driving_car/build/self_driving_car_pkg/build/lib/self_driving_car_pkg/Detection/Signs/SignDetectionApi.py -> /home/chaitu/workspace/self_driving_car/install/self_driving_car_pkg/lib/python3.8/site-packages/self_driving_car_pkg/Detection/Signs
[0.873s] copying /home/chaitu/workspace/self_driving_car/build/self_driving_car_pkg/build/lib/self_driving_car_pkg/Detection/Signs/__init__.py -> /home/chaitu/workspace/self_driving_car/install/self_driving_car_pkg/lib/python3.8/site-packages/self_driving_car_pkg/Detection/Signs
[0.873s] copying /home/chaitu/workspace/self_driving_car/build/self_driving_car_pkg/build/lib/self_driving_car_pkg/Detection/TrafficLights/__init__.py -> /home/chaitu/workspace/self_driving_car/install/self_driving_car_pkg/lib/python3.8/site-packages/self_driving_car_pkg/Detection/TrafficLights
[0.874s] copying /home/chaitu/workspace/self_driving_car/build/self_driving_car_pkg/build/lib/self_driving_car_pkg/Detection/TrafficLights/TrafficLights_Detection.py -> /home/chaitu/workspace/self_driving_car/install/self_driving_car_pkg/lib/python3.8/site-packages/self_driving_car_pkg/Detection/TrafficLights
[0.874s] copying /home/chaitu/workspace/self_driving_car/build/self_driving_car_pkg/build/lib/self_driving_car_pkg/Detection/__init__.py -> /home/chaitu/workspace/self_driving_car/install/self_driving_car_pkg/lib/python3.8/site-packages/self_driving_car_pkg/Detection
[0.874s] copying /home/chaitu/workspace/self_driving_car/build/self_driving_car_pkg/build/lib/self_driving_car_pkg/Detection/Lanes/b_Estimation/__init__.py -> /home/chaitu/workspace/self_driving_car/install/self_driving_car_pkg/lib/python3.8/site-packages/self_driving_car_pkg/Detection/Lanes/b_Estimation
[0.874s] copying /home/chaitu/workspace/self_driving_car/build/self_driving_car_pkg/build/lib/self_driving_car_pkg/Detection/Lanes/b_Estimation/Our_EstimationAlgo.py -> /home/chaitu/workspace/self_driving_car/install/self_driving_car_pkg/lib/python3.8/site-packages/self_driving_car_pkg/Detection/Lanes/b_Estimation
[0.874s] copying /home/chaitu/workspace/self_driving_car/build/self_driving_car_pkg/build/lib/self_driving_car_pkg/Detection/Lanes/a_Segmentation/__init__.py -> /home/chaitu/workspace/self_driving_car/install/self_driving_car_pkg/lib/python3.8/site-packages/self_driving_car_pkg/Detection/Lanes/a_Segmentation
[0.874s] copying /home/chaitu/workspace/self_driving_car/build/self_driving_car_pkg/build/lib/self_driving_car_pkg/Detection/Lanes/a_Segmentation/colour_segmentation_final.py -> /home/chaitu/workspace/self_driving_car/install/self_driving_car_pkg/lib/python3.8/site-packages/self_driving_car_pkg/Detection/Lanes/a_Segmentation
[0.874s] copying /home/chaitu/workspace/self_driving_car/build/self_driving_car_pkg/build/lib/self_driving_car_pkg/Detection/Lanes/Lane_Detection.py -> /home/chaitu/workspace/self_driving_car/install/self_driving_car_pkg/lib/python3.8/site-packages/self_driving_car_pkg/Detection/Lanes
[0.874s] copying /home/chaitu/workspace/self_driving_car/build/self_driving_car_pkg/build/lib/self_driving_car_pkg/Detection/Lanes/utilities.py -> /home/chaitu/workspace/self_driving_car/install/self_driving_car_pkg/lib/python3.8/site-packages/self_driving_car_pkg/Detection/Lanes
[0.874s] copying /home/chaitu/workspace/self_driving_car/build/self_driving_car_pkg/build/lib/self_driving_car_pkg/Detection/Lanes/c_Cleaning/ExtendLanesAndRefineMidLaneEdge.py -> /home/chaitu/workspace/self_driving_car/install/self_driving_car_pkg/lib/python3.8/site-packages/self_driving_car_pkg/Detection/Lanes/c_Cleaning
[0.874s] copying /home/chaitu/workspace/self_driving_car/build/self_driving_car_pkg/build/lib/self_driving_car_pkg/Detection/Lanes/c_Cleaning/CheckifYellowLaneCorrect_RetInnerBoundary.py -> /home/chaitu/workspace/self_driving_car/install/self_driving_car_pkg/lib/python3.8/site-packages/self_driving_car_pkg/Detection/Lanes/c_Cleaning
[0.874s] copying /home/chaitu/workspace/self_driving_car/build/self_driving_car_pkg/build/lib/self_driving_car_pkg/Detection/Lanes/c_Cleaning/__init__.py -> /home/chaitu/workspace/self_driving_car/install/self_driving_car_pkg/lib/python3.8/site-packages/self_driving_car_pkg/Detection/Lanes/c_Cleaning
[0.874s] copying /home/chaitu/workspace/self_driving_car/build/self_driving_car_pkg/build/lib/self_driving_car_pkg/Detection/Lanes/__init__.py -> /home/chaitu/workspace/self_driving_car/install/self_driving_car_pkg/lib/python3.8/site-packages/self_driving_car_pkg/Detection/Lanes
[0.874s] copying /home/chaitu/workspace/self_driving_car/build/self_driving_car_pkg/build/lib/self_driving_car_pkg/Detection/Lanes/d_LaneInfo_Extraction/__init__.py -> /home/chaitu/workspace/self_driving_car/install/self_driving_car_pkg/lib/python3.8/site-packages/self_driving_car_pkg/Detection/Lanes/d_LaneInfo_Extraction
[0.874s] copying /home/chaitu/workspace/self_driving_car/build/self_driving_car_pkg/build/lib/self_driving_car_pkg/Detection/Lanes/d_LaneInfo_Extraction/GetStateInfoandDisplayLane.py -> /home/chaitu/workspace/self_driving_car/install/self_driving_car_pkg/lib/python3.8/site-packages/self_driving_car_pkg/Detection/Lanes/d_LaneInfo_Extraction
[0.875s] copying /home/chaitu/workspace/self_driving_car/build/self_driving_car_pkg/build/lib/self_driving_car_pkg/Detection/Lanes/Morph_op.py -> /home/chaitu/workspace/self_driving_car/install/self_driving_car_pkg/lib/python3.8/site-packages/self_driving_car_pkg/Detection/Lanes
[0.875s] copying /home/chaitu/workspace/self_driving_car/build/self_driving_car_pkg/build/lib/self_driving_car_pkg/video_save.py -> /home/chaitu/workspace/self_driving_car/install/self_driving_car_pkg/lib/python3.8/site-packages/self_driving_car_pkg
[0.875s] copying /home/chaitu/workspace/self_driving_car/build/self_driving_car_pkg/build/lib/self_driving_car_pkg/data/__init__.py -> /home/chaitu/workspace/self_driving_car/install/self_driving_car_pkg/lib/python3.8/site-packages/self_driving_car_pkg/data
[0.875s] copying /home/chaitu/workspace/self_driving_car/build/self_driving_car_pkg/build/lib/self_driving_car_pkg/config/config.py -> /home/chaitu/workspace/self_driving_car/install/self_driving_car_pkg/lib/python3.8/site-packages/self_driving_car_pkg/config
[0.875s] copying /home/chaitu/workspace/self_driving_car/build/self_driving_car_pkg/build/lib/self_driving_car_pkg/config/__init__.py -> /home/chaitu/workspace/self_driving_car/install/self_driving_car_pkg/lib/python3.8/site-packages/self_driving_car_pkg/config
[0.875s] copying /home/chaitu/workspace/self_driving_car/build/self_driving_car_pkg/build/lib/self_driving_car_pkg/Drive_Bot.py -> /home/chaitu/workspace/self_driving_car/install/self_driving_car_pkg/lib/python3.8/site-packages/self_driving_car_pkg
[0.875s] copying /home/chaitu/workspace/self_driving_car/build/self_driving_car_pkg/build/lib/self_driving_car_pkg/upper_camera_video.py -> /home/chaitu/workspace/self_driving_car/install/self_driving_car_pkg/lib/python3.8/site-packages/self_driving_car_pkg
[0.875s] copying /home/chaitu/workspace/self_driving_car/build/self_driving_car_pkg/build/lib/self_driving_car_pkg/computer_vision_node.py -> /home/chaitu/workspace/self_driving_car/install/self_driving_car_pkg/lib/python3.8/site-packages/self_driving_car_pkg
[0.876s] copying /home/chaitu/workspace/self_driving_car/build/self_driving_car_pkg/build/lib/self_driving_car_pkg/__init__.py -> /home/chaitu/workspace/self_driving_car/install/self_driving_car_pkg/lib/python3.8/site-packages/self_driving_car_pkg
[0.876s] copying /home/chaitu/workspace/self_driving_car/build/self_driving_car_pkg/build/lib/self_driving_car_pkg/GPS_Navigation/utilities.py -> /home/chaitu/workspace/self_driving_car/install/self_driving_car_pkg/lib/python3.8/site-packages/self_driving_car_pkg/GPS_Navigation
[0.876s] copying /home/chaitu/workspace/self_driving_car/build/self_driving_car_pkg/build/lib/self_driving_car_pkg/GPS_Navigation/bot_localization.py -> /home/chaitu/workspace/self_driving_car/install/self_driving_car_pkg/lib/python3.8/site-packages/self_driving_car_pkg/GPS_Navigation
[0.876s] copying /home/chaitu/workspace/self_driving_car/build/self_driving_car_pkg/build/lib/self_driving_car_pkg/GPS_Navigation/bot_pathplanning.py -> /home/chaitu/workspace/self_driving_car/install/self_driving_car_pkg/lib/python3.8/site-packages/self_driving_car_pkg/GPS_Navigation
[0.876s] copying /home/chaitu/workspace/self_driving_car/build/self_driving_car_pkg/build/lib/self_driving_car_pkg/GPS_Navigation/bot_motionplanning.py -> /home/chaitu/workspace/self_driving_car/install/self_driving_car_pkg/lib/python3.8/site-packages/self_driving_car_pkg/GPS_Navigation
[0.876s] copying /home/chaitu/workspace/self_driving_car/build/self_driving_car_pkg/build/lib/self_driving_car_pkg/GPS_Navigation/bot_mapping.py -> /home/chaitu/workspace/self_driving_car/install/self_driving_car_pkg/lib/python3.8/site-packages/self_driving_car_pkg/GPS_Navigation
[0.876s] copying /home/chaitu/workspace/self_driving_car/build/self_driving_car_pkg/build/lib/self_driving_car_pkg/GPS_Navigation/config.py -> /home/chaitu/workspace/self_driving_car/install/self_driving_car_pkg/lib/python3.8/site-packages/self_driving_car_pkg/GPS_Navigation
[0.876s] copying /home/chaitu/workspace/self_driving_car/build/self_driving_car_pkg/build/lib/self_driving_car_pkg/GPS_Navigation/__init__.py -> /home/chaitu/workspace/self_driving_car/install/self_driving_car_pkg/lib/python3.8/site-packages/self_driving_car_pkg/GPS_Navigation
[0.876s] copying /home/chaitu/workspace/self_driving_car/build/self_driving_car_pkg/build/lib/self_driving_car_pkg/GPS_Navigation/utilities_disp.py -> /home/chaitu/workspace/self_driving_car/install/self_driving_car_pkg/lib/python3.8/site-packages/self_driving_car_pkg/GPS_Navigation
[0.876s] copying /home/chaitu/workspace/self_driving_car/build/self_driving_car_pkg/build/lib/self_driving_car_pkg/GPS_Navigation/Navigation.py -> /home/chaitu/workspace/self_driving_car/install/self_driving_car_pkg/lib/python3.8/site-packages/self_driving_car_pkg/GPS_Navigation
[0.876s] copying /home/chaitu/workspace/self_driving_car/build/self_driving_car_pkg/build/lib/self_driving_car_pkg/sdf_spawner.py -> /home/chaitu/workspace/self_driving_car/install/self_driving_car_pkg/lib/python3.8/site-packages/self_driving_car_pkg
[0.877s] byte-compiling /home/chaitu/workspace/self_driving_car/install/self_driving_car_pkg/lib/python3.8/site-packages/self_driving_car_pkg/sdc_V2.py to sdc_V2.cpython-38.pyc
[0.879s] byte-compiling /home/chaitu/workspace/self_driving_car/install/self_driving_car_pkg/lib/python3.8/site-packages/self_driving_car_pkg/Detection/Signs/Classification/CNN.py to CNN.cpython-38.pyc
[0.880s] byte-compiling /home/chaitu/workspace/self_driving_car/install/self_driving_car_pkg/lib/python3.8/site-packages/self_driving_car_pkg/Detection/Signs/Classification/Visualize_CNN.py to Visualize_CNN.cpython-38.pyc
[0.880s] byte-compiling /home/chaitu/workspace/self_driving_car/install/self_driving_car_pkg/lib/python3.8/site-packages/self_driving_car_pkg/Detection/Signs/Classification/__init__.py to __init__.cpython-38.pyc
[0.880s] byte-compiling /home/chaitu/workspace/self_driving_car/install/self_driving_car_pkg/lib/python3.8/site-packages/self_driving_car_pkg/Detection/Signs/Classification/Classification_CNN.py to Classification_CNN.cpython-38.pyc
[0.881s] byte-compiling /home/chaitu/workspace/self_driving_car/install/self_driving_car_pkg/lib/python3.8/site-packages/self_driving_car_pkg/Detection/Signs/SignDetectionApi.py to SignDetectionApi.cpython-38.pyc
[0.882s] byte-compiling /home/chaitu/workspace/self_driving_car/install/self_driving_car_pkg/lib/python3.8/site-packages/self_driving_car_pkg/Detection/Signs/__init__.py to __init__.cpython-38.pyc
[0.882s] byte-compiling /home/chaitu/workspace/self_driving_car/install/self_driving_car_pkg/lib/python3.8/site-packages/self_driving_car_pkg/Detection/TrafficLights/__init__.py to __init__.cpython-38.pyc
[0.882s] byte-compiling /home/chaitu/workspace/self_driving_car/install/self_driving_car_pkg/lib/python3.8/site-packages/self_driving_car_pkg/Detection/TrafficLights/TrafficLights_Detection.py to TrafficLights_Detection.cpython-38.pyc
[0.886s] byte-compiling /home/chaitu/workspace/self_driving_car/install/self_driving_car_pkg/lib/python3.8/site-packages/self_driving_car_pkg/Detection/__init__.py to __init__.cpython-38.pyc
[0.886s] byte-compiling /home/chaitu/workspace/self_driving_car/install/self_driving_car_pkg/lib/python3.8/site-packages/self_driving_car_pkg/Detection/Lanes/b_Estimation/__init__.py to __init__.cpython-38.pyc
[0.886s] byte-compiling /home/chaitu/workspace/self_driving_car/install/self_driving_car_pkg/lib/python3.8/site-packages/self_driving_car_pkg/Detection/Lanes/b_Estimation/Our_EstimationAlgo.py to Our_EstimationAlgo.cpython-38.pyc
[0.887s] byte-compiling /home/chaitu/workspace/self_driving_car/install/self_driving_car_pkg/lib/python3.8/site-packages/self_driving_car_pkg/Detection/Lanes/a_Segmentation/__init__.py to __init__.cpython-38.pyc
[0.887s] byte-compiling /home/chaitu/workspace/self_driving_car/install/self_driving_car_pkg/lib/python3.8/site-packages/self_driving_car_pkg/Detection/Lanes/a_Segmentation/colour_segmentation_final.py to colour_segmentation_final.cpython-38.pyc
[0.888s] byte-compiling /home/chaitu/workspace/self_driving_car/install/self_driving_car_pkg/lib/python3.8/site-packages/self_driving_car_pkg/Detection/Lanes/Lane_Detection.py to Lane_Detection.cpython-38.pyc
[0.888s] byte-compiling /home/chaitu/workspace/self_driving_car/install/self_driving_car_pkg/lib/python3.8/site-packages/self_driving_car_pkg/Detection/Lanes/utilities.py to utilities.cpython-38.pyc
[0.889s] byte-compiling /home/chaitu/workspace/self_driving_car/install/self_driving_car_pkg/lib/python3.8/site-packages/self_driving_car_pkg/Detection/Lanes/c_Cleaning/ExtendLanesAndRefineMidLaneEdge.py to ExtendLanesAndRefineMidLaneEdge.cpython-38.pyc
[0.889s] byte-compiling /home/chaitu/workspace/self_driving_car/install/self_driving_car_pkg/lib/python3.8/site-packages/self_driving_car_pkg/Detection/Lanes/c_Cleaning/CheckifYellowLaneCorrect_RetInnerBoundary.py to CheckifYellowLaneCorrect_RetInnerBoundary.cpython-38.pyc
[0.890s] byte-compiling /home/chaitu/workspace/self_driving_car/install/self_driving_car_pkg/lib/python3.8/site-packages/self_driving_car_pkg/Detection/Lanes/c_Cleaning/__init__.py to __init__.cpython-38.pyc
[0.890s] byte-compiling /home/chaitu/workspace/self_driving_car/install/self_driving_car_pkg/lib/python3.8/site-packages/self_driving_car_pkg/Detection/Lanes/__init__.py to __init__.cpython-38.pyc
[0.891s] byte-compiling /home/chaitu/workspace/self_driving_car/install/self_driving_car_pkg/lib/python3.8/site-packages/self_driving_car_pkg/Detection/Lanes/d_LaneInfo_Extraction/__init__.py to __init__.cpython-38.pyc
[0.891s] byte-compiling /home/chaitu/workspace/self_driving_car/install/self_driving_car_pkg/lib/python3.8/site-packages/self_driving_car_pkg/Detection/Lanes/d_LaneInfo_Extraction/GetStateInfoandDisplayLane.py to GetStateInfoandDisplayLane.cpython-38.pyc
[0.891s] byte-compiling /home/chaitu/workspace/self_driving_car/install/self_driving_car_pkg/lib/python3.8/site-packages/self_driving_car_pkg/Detection/Lanes/Morph_op.py to Morph_op.cpython-38.pyc
[0.893s] byte-compiling /home/chaitu/workspace/self_driving_car/install/self_driving_car_pkg/lib/python3.8/site-packages/self_driving_car_pkg/video_save.py to video_save.cpython-38.pyc
[0.893s] byte-compiling /home/chaitu/workspace/self_driving_car/install/self_driving_car_pkg/lib/python3.8/site-packages/self_driving_car_pkg/data/__init__.py to __init__.cpython-38.pyc
[0.893s] byte-compiling /home/chaitu/workspace/self_driving_car/install/self_driving_car_pkg/lib/python3.8/site-packages/self_driving_car_pkg/config/config.py to config.cpython-38.pyc
[0.894s] byte-compiling /home/chaitu/workspace/self_driving_car/install/self_driving_car_pkg/lib/python3.8/site-packages/self_driving_car_pkg/config/__init__.py to __init__.cpython-38.pyc
[0.894s] byte-compiling /home/chaitu/workspace/self_driving_car/install/self_driving_car_pkg/lib/python3.8/site-packages/self_driving_car_pkg/Drive_Bot.py to Drive_Bot.cpython-38.pyc
[0.895s] byte-compiling /home/chaitu/workspace/self_driving_car/install/self_driving_car_pkg/lib/python3.8/site-packages/self_driving_car_pkg/upper_camera_video.py to upper_camera_video.cpython-38.pyc
[0.896s] byte-compiling /home/chaitu/workspace/self_driving_car/install/self_driving_car_pkg/lib/python3.8/site-packages/self_driving_car_pkg/computer_vision_node.py to computer_vision_node.cpython-38.pyc
[0.896s] byte-compiling /home/chaitu/workspace/self_driving_car/install/self_driving_car_pkg/lib/python3.8/site-packages/self_driving_car_pkg/__init__.py to __init__.cpython-38.pyc
[0.896s] byte-compiling /home/chaitu/workspace/self_driving_car/install/self_driving_car_pkg/lib/python3.8/site-packages/self_driving_car_pkg/GPS_Navigation/utilities.py to utilities.cpython-38.pyc
[0.897s] byte-compiling /home/chaitu/workspace/self_driving_car/install/self_driving_car_pkg/lib/python3.8/site-packages/self_driving_car_pkg/GPS_Navigation/bot_localization.py to bot_localization.cpython-38.pyc
[0.899s] byte-compiling /home/chaitu/workspace/self_driving_car/install/self_driving_car_pkg/lib/python3.8/site-packages/self_driving_car_pkg/GPS_Navigation/bot_pathplanning.py to bot_pathplanning.cpython-38.pyc
[0.901s] byte-compiling /home/chaitu/workspace/self_driving_car/install/self_driving_car_pkg/lib/python3.8/site-packages/self_driving_car_pkg/GPS_Navigation/bot_motionplanning.py to bot_motionplanning.cpython-38.pyc
[0.902s] byte-compiling /home/chaitu/workspace/self_driving_car/install/self_driving_car_pkg/lib/python3.8/site-packages/self_driving_car_pkg/GPS_Navigation/bot_mapping.py to bot_mapping.cpython-38.pyc
[0.904s] byte-compiling /home/chaitu/workspace/self_driving_car/install/self_driving_car_pkg/lib/python3.8/site-packages/self_driving_car_pkg/GPS_Navigation/config.py to config.cpython-38.pyc
[0.904s] byte-compiling /home/chaitu/workspace/self_driving_car/install/self_driving_car_pkg/lib/python3.8/site-packages/self_driving_car_pkg/GPS_Navigation/__init__.py to __init__.cpython-38.pyc
[0.905s] byte-compiling /home/chaitu/workspace/self_driving_car/install/self_driving_car_pkg/lib/python3.8/site-packages/self_driving_car_pkg/GPS_Navigation/utilities_disp.py to utilities_disp.cpython-38.pyc
[0.906s] byte-compiling /home/chaitu/workspace/self_driving_car/install/self_driving_car_pkg/lib/python3.8/site-packages/self_driving_car_pkg/GPS_Navigation/Navigation.py to Navigation.cpython-38.pyc
[0.906s] byte-compiling /home/chaitu/workspace/self_driving_car/install/self_driving_car_pkg/lib/python3.8/site-packages/self_driving_car_pkg/sdf_spawner.py to sdf_spawner.cpython-38.pyc
[0.906s] running install_data
[0.907s] copying resource/self_driving_car_pkg -> /home/chaitu/workspace/self_driving_car/install/self_driving_car_pkg/share/ament_index/resource_index/packages
[0.907s] copying package.xml -> /home/chaitu/workspace/self_driving_car/install/self_driving_car_pkg/share/self_driving_car_pkg
[0.907s] copying launch/world_gazebo.launch.py -> /home/chaitu/workspace/self_driving_car/install/self_driving_car_pkg/share/self_driving_car_pkg/launch
[0.908s] copying launch/maze_solving_world.launch.py -> /home/chaitu/workspace/self_driving_car/install/self_driving_car_pkg/share/self_driving_car_pkg/launch
[0.908s] copying launch/record_and_drive.launch.py -> /home/chaitu/workspace/self_driving_car/install/self_driving_car_pkg/share/self_driving_car_pkg/launch
[0.908s] copying launch/test_laneFollow.launch.py -> /home/chaitu/workspace/self_driving_car/install/self_driving_car_pkg/share/self_driving_car_pkg/launch
[0.908s] copying scripts/lights_spawner.bash -> /home/chaitu/workspace/self_driving_car/install/self_driving_car_pkg/lib/self_driving_car_pkg
[0.908s] copying scripts/lights_spawner_maze.bash -> /home/chaitu/workspace/self_driving_car/install/self_driving_car_pkg/lib/self_driving_car_pkg
[0.908s] copying worlds/Lane_follow_test.world -> /home/chaitu/workspace/self_driving_car/install/self_driving_car_pkg/share/self_driving_car_pkg/worlds
[0.908s] copying worlds/self_driving_car.world -> /home/chaitu/workspace/self_driving_car/install/self_driving_car_pkg/share/self_driving_car_pkg/worlds
[0.908s] copying worlds/maze_solving.world -> /home/chaitu/workspace/self_driving_car/install/self_driving_car_pkg/share/self_driving_car_pkg/worlds
[0.908s] running install_egg_info
[0.909s] removing '/home/chaitu/workspace/self_driving_car/install/self_driving_car_pkg/lib/python3.8/site-packages/self_driving_car_pkg-0.0.0-py3.8.egg-info' (and everything under it)
[0.910s] Copying ../../build/self_driving_car_pkg/self_driving_car_pkg.egg-info to /home/chaitu/workspace/self_driving_car/install/self_driving_car_pkg/lib/python3.8/site-packages/self_driving_car_pkg-0.0.0-py3.8.egg-info
[0.910s] running install_scripts
[0.923s] Installing computer_vision_node script to /home/chaitu/workspace/self_driving_car/install/self_driving_car_pkg/lib/self_driving_car_pkg
[0.924s] Installing sdc_V2 script to /home/chaitu/workspace/self_driving_car/install/self_driving_car_pkg/lib/self_driving_car_pkg
[0.924s] Installing spawner_node script to /home/chaitu/workspace/self_driving_car/install/self_driving_car_pkg/lib/self_driving_car_pkg
[0.924s] Installing upper_camera_recording script to /home/chaitu/workspace/self_driving_car/install/self_driving_car_pkg/lib/self_driving_car_pkg
[0.924s] Installing video_recording_node script to /home/chaitu/workspace/self_driving_car/install/self_driving_car_pkg/lib/self_driving_car_pkg
[0.925s] writing list of installed files to '/home/chaitu/workspace/self_driving_car/build/self_driving_car_pkg/install.log'
[0.944s] Invoked command in '/home/chaitu/workspace/self_driving_car/ROS2-Self-Driving-Car-AI-using-OpenCV/self_driving_car_pkg' returned '0': PYTHONPATH=/home/chaitu/workspace/self_driving_car/install/self_driving_car_pkg/lib/python3.8/site-packages:${PYTHONPATH} /usr/bin/python3 setup.py egg_info --egg-base ../../build/self_driving_car_pkg build --build-base /home/chaitu/workspace/self_driving_car/build/self_driving_car_pkg/build install --prefix /home/chaitu/workspace/self_driving_car/install/self_driving_car_pkg --record /home/chaitu/workspace/self_driving_car/build/self_driving_car_pkg/install.log --single-version-externally-managed
