[0.157s] DEBUG:colcon:Command line arguments: ['/usr/bin/colcon', 'build']
[0.157s] DEBUG:colcon:Parsed command line arguments: Namespace(allow_overriding=[], ament_cmake_args=None, base_paths=['.'], build_base='build', catkin_cmake_args=None, catkin_skip_building_tests=False, cmake_args=None, cmake_clean_cache=False, cmake_clean_first=False, cmake_force_configure=False, cmake_target=None, cmake_target_skip_unavailable=False, continue_on_error=False, event_handlers=None, executor='parallel', ignore_user_meta=False, install_base='install', log_base=None, log_level=None, main=<bound method BuildVerb.main of <colcon_core.verb.build.BuildVerb object at 0x7f07cd151d60>>, merge_install=False, metas=['./colcon.meta'], packages_above=None, packages_above_and_dependencies=None, packages_above_depth=None, packages_end=None, packages_ignore=None, packages_ignore_regex=None, packages_select=None, packages_select_build_failed=False, packages_select_by_dep=None, packages_select_regex=None, packages_select_test_failures=False, packages_skip=None, packages_skip_build_finished=False, packages_skip_by_dep=None, packages_skip_regex=None, packages_skip_test_passed=False, packages_skip_up_to=None, packages_start=None, packages_up_to=None, packages_up_to_regex=None, parallel_workers=8, paths=None, symlink_install=False, test_result_base=None, verb_extension=<colcon_core.verb.build.BuildVerb object at 0x7f07cd151d60>, verb_name='build', verb_parser=<colcon_defaults.argument_parser.defaults.DefaultArgumentsDecorator object at 0x7f07cd15c310>)
[0.184s] Level 1:colcon.colcon_core.package_discovery:discover_packages(colcon_meta) check parameters
[0.184s] Level 1:colcon.colcon_core.package_discovery:discover_packages(recursive) check parameters
[0.184s] Level 1:colcon.colcon_core.package_discovery:discover_packages(ignore) check parameters
[0.184s] Level 1:colcon.colcon_core.package_discovery:discover_packages(path) check parameters
[0.184s] Level 1:colcon.colcon_core.package_discovery:discover_packages(colcon_meta) discover
[0.185s] Level 1:colcon.colcon_core.package_discovery:discover_packages(recursive) discover
[0.185s] INFO:colcon.colcon_core.package_discovery:Crawling recursively for packages in '/home/chaitu/workspace/self_driving_car'
[0.185s] Level 1:colcon.colcon_core.package_identification:_identify(.) by extensions ['ignore', 'ignore_ament_install']
[0.185s] Level 1:colcon.colcon_core.package_identification:_identify(.) by extension 'ignore'
[0.185s] Level 1:colcon.colcon_core.package_identification:_identify(.) by extension 'ignore_ament_install'
[0.185s] Level 1:colcon.colcon_core.package_identification:_identify(.) by extensions ['colcon_pkg']
[0.185s] Level 1:colcon.colcon_core.package_identification:_identify(.) by extension 'colcon_pkg'
[0.186s] Level 1:colcon.colcon_core.package_identification:_identify(.) by extensions ['colcon_meta']
[0.186s] Level 1:colcon.colcon_core.package_identification:_identify(.) by extension 'colcon_meta'
[0.186s] Level 1:colcon.colcon_core.package_identification:_identify(.) by extensions ['ros']
[0.186s] Level 1:colcon.colcon_core.package_identification:_identify(.) by extension 'ros'
[0.209s] Level 1:colcon.colcon_core.package_identification:_identify(.) by extensions ['cmake', 'python']
[0.209s] Level 1:colcon.colcon_core.package_identification:_identify(.) by extension 'cmake'
[0.209s] Level 1:colcon.colcon_core.package_identification:_identify(.) by extension 'python'
[0.209s] Level 1:colcon.colcon_core.package_identification:_identify(.) by extensions ['python_setup_py']
[0.209s] Level 1:colcon.colcon_core.package_identification:_identify(.) by extension 'python_setup_py'
[0.209s] Level 1:colcon.colcon_core.package_identification:_identify(ROS2-Self-Driving-Car-AI-using-OpenCV) by extensions ['ignore', 'ignore_ament_install']
[0.209s] Level 1:colcon.colcon_core.package_identification:_identify(ROS2-Self-Driving-Car-AI-using-OpenCV) by extension 'ignore'
[0.209s] Level 1:colcon.colcon_core.package_identification:_identify(ROS2-Self-Driving-Car-AI-using-OpenCV) by extension 'ignore_ament_install'
[0.210s] Level 1:colcon.colcon_core.package_identification:_identify(ROS2-Self-Driving-Car-AI-using-OpenCV) by extensions ['colcon_pkg']
[0.210s] Level 1:colcon.colcon_core.package_identification:_identify(ROS2-Self-Driving-Car-AI-using-OpenCV) by extension 'colcon_pkg'
[0.210s] Level 1:colcon.colcon_core.package_identification:_identify(ROS2-Self-Driving-Car-AI-using-OpenCV) by extensions ['colcon_meta']
[0.210s] Level 1:colcon.colcon_core.package_identification:_identify(ROS2-Self-Driving-Car-AI-using-OpenCV) by extension 'colcon_meta'
[0.210s] Level 1:colcon.colcon_core.package_identification:_identify(ROS2-Self-Driving-Car-AI-using-OpenCV) by extensions ['ros']
[0.210s] Level 1:colcon.colcon_core.package_identification:_identify(ROS2-Self-Driving-Car-AI-using-OpenCV) by extension 'ros'
[0.210s] Level 1:colcon.colcon_core.package_identification:_identify(ROS2-Self-Driving-Car-AI-using-OpenCV) by extensions ['cmake', 'python']
[0.210s] Level 1:colcon.colcon_core.package_identification:_identify(ROS2-Self-Driving-Car-AI-using-OpenCV) by extension 'cmake'
[0.210s] Level 1:colcon.colcon_core.package_identification:_identify(ROS2-Self-Driving-Car-AI-using-OpenCV) by extension 'python'
[0.210s] Level 1:colcon.colcon_core.package_identification:_identify(ROS2-Self-Driving-Car-AI-using-OpenCV) by extensions ['python_setup_py']
[0.210s] Level 1:colcon.colcon_core.package_identification:_identify(ROS2-Self-Driving-Car-AI-using-OpenCV) by extension 'python_setup_py'
[0.210s] Level 1:colcon.colcon_core.package_identification:_identify(ROS2-Self-Driving-Car-AI-using-OpenCV/Images_videos) by extensions ['ignore', 'ignore_ament_install']
[0.210s] Level 1:colcon.colcon_core.package_identification:_identify(ROS2-Self-Driving-Car-AI-using-OpenCV/Images_videos) by extension 'ignore'
[0.210s] Level 1:colcon.colcon_core.package_identification:_identify(ROS2-Self-Driving-Car-AI-using-OpenCV/Images_videos) by extension 'ignore_ament_install'
[0.210s] Level 1:colcon.colcon_core.package_identification:_identify(ROS2-Self-Driving-Car-AI-using-OpenCV/Images_videos) by extensions ['colcon_pkg']
[0.211s] Level 1:colcon.colcon_core.package_identification:_identify(ROS2-Self-Driving-Car-AI-using-OpenCV/Images_videos) by extension 'colcon_pkg'
[0.211s] Level 1:colcon.colcon_core.package_identification:_identify(ROS2-Self-Driving-Car-AI-using-OpenCV/Images_videos) by extensions ['colcon_meta']
[0.211s] Level 1:colcon.colcon_core.package_identification:_identify(ROS2-Self-Driving-Car-AI-using-OpenCV/Images_videos) by extension 'colcon_meta'
[0.211s] Level 1:colcon.colcon_core.package_identification:_identify(ROS2-Self-Driving-Car-AI-using-OpenCV/Images_videos) by extensions ['ros']
[0.211s] Level 1:colcon.colcon_core.package_identification:_identify(ROS2-Self-Driving-Car-AI-using-OpenCV/Images_videos) by extension 'ros'
[0.211s] Level 1:colcon.colcon_core.package_identification:_identify(ROS2-Self-Driving-Car-AI-using-OpenCV/Images_videos) by extensions ['cmake', 'python']
[0.211s] Level 1:colcon.colcon_core.package_identification:_identify(ROS2-Self-Driving-Car-AI-using-OpenCV/Images_videos) by extension 'cmake'
[0.211s] Level 1:colcon.colcon_core.package_identification:_identify(ROS2-Self-Driving-Car-AI-using-OpenCV/Images_videos) by extension 'python'
[0.211s] Level 1:colcon.colcon_core.package_identification:_identify(ROS2-Self-Driving-Car-AI-using-OpenCV/Images_videos) by extensions ['python_setup_py']
[0.211s] Level 1:colcon.colcon_core.package_identification:_identify(ROS2-Self-Driving-Car-AI-using-OpenCV/Images_videos) by extension 'python_setup_py'
[0.211s] Level 1:colcon.colcon_core.package_identification:_identify(ROS2-Self-Driving-Car-AI-using-OpenCV/Images_videos/HaarCascade) by extensions ['ignore', 'ignore_ament_install']
[0.211s] Level 1:colcon.colcon_core.package_identification:_identify(ROS2-Self-Driving-Car-AI-using-OpenCV/Images_videos/HaarCascade) by extension 'ignore'
[0.211s] Level 1:colcon.colcon_core.package_identification:_identify(ROS2-Self-Driving-Car-AI-using-OpenCV/Images_videos/HaarCascade) by extension 'ignore_ament_install'
[0.211s] Level 1:colcon.colcon_core.package_identification:_identify(ROS2-Self-Driving-Car-AI-using-OpenCV/Images_videos/HaarCascade) by extensions ['colcon_pkg']
[0.211s] Level 1:colcon.colcon_core.package_identification:_identify(ROS2-Self-Driving-Car-AI-using-OpenCV/Images_videos/HaarCascade) by extension 'colcon_pkg'
[0.211s] Level 1:colcon.colcon_core.package_identification:_identify(ROS2-Self-Driving-Car-AI-using-OpenCV/Images_videos/HaarCascade) by extensions ['colcon_meta']
[0.211s] Level 1:colcon.colcon_core.package_identification:_identify(ROS2-Self-Driving-Car-AI-using-OpenCV/Images_videos/HaarCascade) by extension 'colcon_meta'
[0.212s] Level 1:colcon.colcon_core.package_identification:_identify(ROS2-Self-Driving-Car-AI-using-OpenCV/Images_videos/HaarCascade) by extensions ['ros']
[0.212s] Level 1:colcon.colcon_core.package_identification:_identify(ROS2-Self-Driving-Car-AI-using-OpenCV/Images_videos/HaarCascade) by extension 'ros'
[0.212s] Level 1:colcon.colcon_core.package_identification:_identify(ROS2-Self-Driving-Car-AI-using-OpenCV/Images_videos/HaarCascade) by extensions ['cmake', 'python']
[0.212s] Level 1:colcon.colcon_core.package_identification:_identify(ROS2-Self-Driving-Car-AI-using-OpenCV/Images_videos/HaarCascade) by extension 'cmake'
[0.212s] Level 1:colcon.colcon_core.package_identification:_identify(ROS2-Self-Driving-Car-AI-using-OpenCV/Images_videos/HaarCascade) by extension 'python'
[0.212s] Level 1:colcon.colcon_core.package_identification:_identify(ROS2-Self-Driving-Car-AI-using-OpenCV/Images_videos/HaarCascade) by extensions ['python_setup_py']
[0.212s] Level 1:colcon.colcon_core.package_identification:_identify(ROS2-Self-Driving-Car-AI-using-OpenCV/Images_videos/HaarCascade) by extension 'python_setup_py'
[0.212s] Level 1:colcon.colcon_core.package_identification:_identify(ROS2-Self-Driving-Car-AI-using-OpenCV/Images_videos/HaarCascade/Training_Steps) by extensions ['ignore', 'ignore_ament_install']
[0.212s] Level 1:colcon.colcon_core.package_identification:_identify(ROS2-Self-Driving-Car-AI-using-OpenCV/Images_videos/HaarCascade/Training_Steps) by extension 'ignore'
[0.212s] Level 1:colcon.colcon_core.package_identification:_identify(ROS2-Self-Driving-Car-AI-using-OpenCV/Images_videos/HaarCascade/Training_Steps) by extension 'ignore_ament_install'
[0.212s] Level 1:colcon.colcon_core.package_identification:_identify(ROS2-Self-Driving-Car-AI-using-OpenCV/Images_videos/HaarCascade/Training_Steps) by extensions ['colcon_pkg']
[0.212s] Level 1:colcon.colcon_core.package_identification:_identify(ROS2-Self-Driving-Car-AI-using-OpenCV/Images_videos/HaarCascade/Training_Steps) by extension 'colcon_pkg'
[0.212s] Level 1:colcon.colcon_core.package_identification:_identify(ROS2-Self-Driving-Car-AI-using-OpenCV/Images_videos/HaarCascade/Training_Steps) by extensions ['colcon_meta']
[0.212s] Level 1:colcon.colcon_core.package_identification:_identify(ROS2-Self-Driving-Car-AI-using-OpenCV/Images_videos/HaarCascade/Training_Steps) by extension 'colcon_meta'
[0.212s] Level 1:colcon.colcon_core.package_identification:_identify(ROS2-Self-Driving-Car-AI-using-OpenCV/Images_videos/HaarCascade/Training_Steps) by extensions ['ros']
[0.212s] Level 1:colcon.colcon_core.package_identification:_identify(ROS2-Self-Driving-Car-AI-using-OpenCV/Images_videos/HaarCascade/Training_Steps) by extension 'ros'
[0.213s] Level 1:colcon.colcon_core.package_identification:_identify(ROS2-Self-Driving-Car-AI-using-OpenCV/Images_videos/HaarCascade/Training_Steps) by extensions ['cmake', 'python']
[0.213s] Level 1:colcon.colcon_core.package_identification:_identify(ROS2-Self-Driving-Car-AI-using-OpenCV/Images_videos/HaarCascade/Training_Steps) by extension 'cmake'
[0.213s] Level 1:colcon.colcon_core.package_identification:_identify(ROS2-Self-Driving-Car-AI-using-OpenCV/Images_videos/HaarCascade/Training_Steps) by extension 'python'
[0.213s] Level 1:colcon.colcon_core.package_identification:_identify(ROS2-Self-Driving-Car-AI-using-OpenCV/Images_videos/HaarCascade/Training_Steps) by extensions ['python_setup_py']
[0.213s] Level 1:colcon.colcon_core.package_identification:_identify(ROS2-Self-Driving-Car-AI-using-OpenCV/Images_videos/HaarCascade/Training_Steps) by extension 'python_setup_py'
[0.213s] Level 1:colcon.colcon_core.package_identification:_identify(ROS2-Self-Driving-Car-AI-using-OpenCV/Images_videos/Sat_Nav) by extensions ['ignore', 'ignore_ament_install']
[0.213s] Level 1:colcon.colcon_core.package_identification:_identify(ROS2-Self-Driving-Car-AI-using-OpenCV/Images_videos/Sat_Nav) by extension 'ignore'
[0.213s] Level 1:colcon.colcon_core.package_identification:_identify(ROS2-Self-Driving-Car-AI-using-OpenCV/Images_videos/Sat_Nav) by extension 'ignore_ament_install'
[0.213s] Level 1:colcon.colcon_core.package_identification:_identify(ROS2-Self-Driving-Car-AI-using-OpenCV/Images_videos/Sat_Nav) by extensions ['colcon_pkg']
[0.213s] Level 1:colcon.colcon_core.package_identification:_identify(ROS2-Self-Driving-Car-AI-using-OpenCV/Images_videos/Sat_Nav) by extension 'colcon_pkg'
[0.213s] Level 1:colcon.colcon_core.package_identification:_identify(ROS2-Self-Driving-Car-AI-using-OpenCV/Images_videos/Sat_Nav) by extensions ['colcon_meta']
[0.213s] Level 1:colcon.colcon_core.package_identification:_identify(ROS2-Self-Driving-Car-AI-using-OpenCV/Images_videos/Sat_Nav) by extension 'colcon_meta'
[0.213s] Level 1:colcon.colcon_core.package_identification:_identify(ROS2-Self-Driving-Car-AI-using-OpenCV/Images_videos/Sat_Nav) by extensions ['ros']
[0.213s] Level 1:colcon.colcon_core.package_identification:_identify(ROS2-Self-Driving-Car-AI-using-OpenCV/Images_videos/Sat_Nav) by extension 'ros'
[0.213s] Level 1:colcon.colcon_core.package_identification:_identify(ROS2-Self-Driving-Car-AI-using-OpenCV/Images_videos/Sat_Nav) by extensions ['cmake', 'python']
[0.213s] Level 1:colcon.colcon_core.package_identification:_identify(ROS2-Self-Driving-Car-AI-using-OpenCV/Images_videos/Sat_Nav) by extension 'cmake'
[0.213s] Level 1:colcon.colcon_core.package_identification:_identify(ROS2-Self-Driving-Car-AI-using-OpenCV/Images_videos/Sat_Nav) by extension 'python'
[0.214s] Level 1:colcon.colcon_core.package_identification:_identify(ROS2-Self-Driving-Car-AI-using-OpenCV/Images_videos/Sat_Nav) by extensions ['python_setup_py']
[0.214s] Level 1:colcon.colcon_core.package_identification:_identify(ROS2-Self-Driving-Car-AI-using-OpenCV/Images_videos/Sat_Nav) by extension 'python_setup_py'
[0.214s] Level 1:colcon.colcon_core.package_identification:_identify(ROS2-Self-Driving-Car-AI-using-OpenCV/Repo_resources) by extensions ['ignore', 'ignore_ament_install']
[0.214s] Level 1:colcon.colcon_core.package_identification:_identify(ROS2-Self-Driving-Car-AI-using-OpenCV/Repo_resources) by extension 'ignore'
[0.214s] Level 1:colcon.colcon_core.package_identification:_identify(ROS2-Self-Driving-Car-AI-using-OpenCV/Repo_resources) by extension 'ignore_ament_install'
[0.214s] Level 1:colcon.colcon_core.package_identification:_identify(ROS2-Self-Driving-Car-AI-using-OpenCV/Repo_resources) by extensions ['colcon_pkg']
[0.214s] Level 1:colcon.colcon_core.package_identification:_identify(ROS2-Self-Driving-Car-AI-using-OpenCV/Repo_resources) by extension 'colcon_pkg'
[0.214s] Level 1:colcon.colcon_core.package_identification:_identify(ROS2-Self-Driving-Car-AI-using-OpenCV/Repo_resources) by extensions ['colcon_meta']
[0.214s] Level 1:colcon.colcon_core.package_identification:_identify(ROS2-Self-Driving-Car-AI-using-OpenCV/Repo_resources) by extension 'colcon_meta'
[0.214s] Level 1:colcon.colcon_core.package_identification:_identify(ROS2-Self-Driving-Car-AI-using-OpenCV/Repo_resources) by extensions ['ros']
[0.214s] Level 1:colcon.colcon_core.package_identification:_identify(ROS2-Self-Driving-Car-AI-using-OpenCV/Repo_resources) by extension 'ros'
[0.214s] Level 1:colcon.colcon_core.package_identification:_identify(ROS2-Self-Driving-Car-AI-using-OpenCV/Repo_resources) by extensions ['cmake', 'python']
[0.214s] Level 1:colcon.colcon_core.package_identification:_identify(ROS2-Self-Driving-Car-AI-using-OpenCV/Repo_resources) by extension 'cmake'
[0.214s] Level 1:colcon.colcon_core.package_identification:_identify(ROS2-Self-Driving-Car-AI-using-OpenCV/Repo_resources) by extension 'python'
[0.214s] Level 1:colcon.colcon_core.package_identification:_identify(ROS2-Self-Driving-Car-AI-using-OpenCV/Repo_resources) by extensions ['python_setup_py']
[0.214s] Level 1:colcon.colcon_core.package_identification:_identify(ROS2-Self-Driving-Car-AI-using-OpenCV/Repo_resources) by extension 'python_setup_py'
[0.214s] Level 1:colcon.colcon_core.package_identification:_identify(ROS2-Self-Driving-Car-AI-using-OpenCV/self_driving_car_pkg) by extensions ['ignore', 'ignore_ament_install']
[0.215s] Level 1:colcon.colcon_core.package_identification:_identify(ROS2-Self-Driving-Car-AI-using-OpenCV/self_driving_car_pkg) by extension 'ignore'
[0.215s] Level 1:colcon.colcon_core.package_identification:_identify(ROS2-Self-Driving-Car-AI-using-OpenCV/self_driving_car_pkg) by extension 'ignore_ament_install'
[0.215s] Level 1:colcon.colcon_core.package_identification:_identify(ROS2-Self-Driving-Car-AI-using-OpenCV/self_driving_car_pkg) by extensions ['colcon_pkg']
[0.215s] Level 1:colcon.colcon_core.package_identification:_identify(ROS2-Self-Driving-Car-AI-using-OpenCV/self_driving_car_pkg) by extension 'colcon_pkg'
[0.215s] Level 1:colcon.colcon_core.package_identification:_identify(ROS2-Self-Driving-Car-AI-using-OpenCV/self_driving_car_pkg) by extensions ['colcon_meta']
[0.215s] Level 1:colcon.colcon_core.package_identification:_identify(ROS2-Self-Driving-Car-AI-using-OpenCV/self_driving_car_pkg) by extension 'colcon_meta'
[0.215s] Level 1:colcon.colcon_core.package_identification:_identify(ROS2-Self-Driving-Car-AI-using-OpenCV/self_driving_car_pkg) by extensions ['ros']
[0.215s] Level 1:colcon.colcon_core.package_identification:_identify(ROS2-Self-Driving-Car-AI-using-OpenCV/self_driving_car_pkg) by extension 'ros'
[0.219s] DEBUG:colcon.colcon_core.package_identification:Package 'ROS2-Self-Driving-Car-AI-using-OpenCV/self_driving_car_pkg' with type 'ros.ament_python' and name 'self_driving_car_pkg'
[0.220s] Level 1:colcon.colcon_core.package_identification:_identify(build) by extensions ['ignore', 'ignore_ament_install']
[0.220s] Level 1:colcon.colcon_core.package_identification:_identify(build) by extension 'ignore'
[0.220s] Level 1:colcon.colcon_core.package_identification:_identify(build) ignored
[0.220s] Level 1:colcon.colcon_core.package_identification:_identify(install) by extensions ['ignore', 'ignore_ament_install']
[0.220s] Level 1:colcon.colcon_core.package_identification:_identify(install) by extension 'ignore'
[0.220s] Level 1:colcon.colcon_core.package_identification:_identify(install) ignored
[0.220s] Level 1:colcon.colcon_core.package_identification:_identify(log) by extensions ['ignore', 'ignore_ament_install']
[0.220s] Level 1:colcon.colcon_core.package_identification:_identify(log) by extension 'ignore'
[0.220s] Level 1:colcon.colcon_core.package_identification:_identify(log) ignored
[0.221s] Level 1:colcon.colcon_core.package_identification:_identify(src) by extensions ['ignore', 'ignore_ament_install']
[0.221s] Level 1:colcon.colcon_core.package_identification:_identify(src) by extension 'ignore'
[0.221s] Level 1:colcon.colcon_core.package_identification:_identify(src) by extension 'ignore_ament_install'
[0.221s] Level 1:colcon.colcon_core.package_identification:_identify(src) by extensions ['colcon_pkg']
[0.221s] Level 1:colcon.colcon_core.package_identification:_identify(src) by extension 'colcon_pkg'
[0.221s] Level 1:colcon.colcon_core.package_identification:_identify(src) by extensions ['colcon_meta']
[0.221s] Level 1:colcon.colcon_core.package_identification:_identify(src) by extension 'colcon_meta'
[0.221s] Level 1:colcon.colcon_core.package_identification:_identify(src) by extensions ['ros']
[0.221s] Level 1:colcon.colcon_core.package_identification:_identify(src) by extension 'ros'
[0.221s] Level 1:colcon.colcon_core.package_identification:_identify(src) by extensions ['cmake', 'python']
[0.221s] Level 1:colcon.colcon_core.package_identification:_identify(src) by extension 'cmake'
[0.221s] Level 1:colcon.colcon_core.package_identification:_identify(src) by extension 'python'
[0.221s] Level 1:colcon.colcon_core.package_identification:_identify(src) by extensions ['python_setup_py']
[0.221s] Level 1:colcon.colcon_core.package_identification:_identify(src) by extension 'python_setup_py'
[0.222s] Level 1:colcon.colcon_core.package_identification:_identify(src/ROS2-Self-Driving-Car-AI-using-OpenCV) by extensions ['ignore', 'ignore_ament_install']
[0.222s] Level 1:colcon.colcon_core.package_identification:_identify(src/ROS2-Self-Driving-Car-AI-using-OpenCV) by extension 'ignore'
[0.222s] Level 1:colcon.colcon_core.package_identification:_identify(src/ROS2-Self-Driving-Car-AI-using-OpenCV) by extension 'ignore_ament_install'
[0.222s] Level 1:colcon.colcon_core.package_identification:_identify(src/ROS2-Self-Driving-Car-AI-using-OpenCV) by extensions ['colcon_pkg']
[0.222s] Level 1:colcon.colcon_core.package_identification:_identify(src/ROS2-Self-Driving-Car-AI-using-OpenCV) by extension 'colcon_pkg'
[0.222s] Level 1:colcon.colcon_core.package_identification:_identify(src/ROS2-Self-Driving-Car-AI-using-OpenCV) by extensions ['colcon_meta']
[0.222s] Level 1:colcon.colcon_core.package_identification:_identify(src/ROS2-Self-Driving-Car-AI-using-OpenCV) by extension 'colcon_meta'
[0.222s] Level 1:colcon.colcon_core.package_identification:_identify(src/ROS2-Self-Driving-Car-AI-using-OpenCV) by extensions ['ros']
[0.222s] Level 1:colcon.colcon_core.package_identification:_identify(src/ROS2-Self-Driving-Car-AI-using-OpenCV) by extension 'ros'
[0.222s] Level 1:colcon.colcon_core.package_identification:_identify(src/ROS2-Self-Driving-Car-AI-using-OpenCV) by extensions ['cmake', 'python']
[0.222s] Level 1:colcon.colcon_core.package_identification:_identify(src/ROS2-Self-Driving-Car-AI-using-OpenCV) by extension 'cmake'
[0.222s] Level 1:colcon.colcon_core.package_identification:_identify(src/ROS2-Self-Driving-Car-AI-using-OpenCV) by extension 'python'
[0.222s] Level 1:colcon.colcon_core.package_identification:_identify(src/ROS2-Self-Driving-Car-AI-using-OpenCV) by extensions ['python_setup_py']
[0.222s] Level 1:colcon.colcon_core.package_identification:_identify(src/ROS2-Self-Driving-Car-AI-using-OpenCV) by extension 'python_setup_py'
[0.222s] Level 1:colcon.colcon_core.package_identification:_identify(src/ROS2-Self-Driving-Car-AI-using-OpenCV/Images_videos) by extensions ['ignore', 'ignore_ament_install']
[0.223s] Level 1:colcon.colcon_core.package_identification:_identify(src/ROS2-Self-Driving-Car-AI-using-OpenCV/Images_videos) by extension 'ignore'
[0.223s] Level 1:colcon.colcon_core.package_identification:_identify(src/ROS2-Self-Driving-Car-AI-using-OpenCV/Images_videos) by extension 'ignore_ament_install'
[0.223s] Level 1:colcon.colcon_core.package_identification:_identify(src/ROS2-Self-Driving-Car-AI-using-OpenCV/Images_videos) by extensions ['colcon_pkg']
[0.223s] Level 1:colcon.colcon_core.package_identification:_identify(src/ROS2-Self-Driving-Car-AI-using-OpenCV/Images_videos) by extension 'colcon_pkg'
[0.223s] Level 1:colcon.colcon_core.package_identification:_identify(src/ROS2-Self-Driving-Car-AI-using-OpenCV/Images_videos) by extensions ['colcon_meta']
[0.223s] Level 1:colcon.colcon_core.package_identification:_identify(src/ROS2-Self-Driving-Car-AI-using-OpenCV/Images_videos) by extension 'colcon_meta'
[0.223s] Level 1:colcon.colcon_core.package_identification:_identify(src/ROS2-Self-Driving-Car-AI-using-OpenCV/Images_videos) by extensions ['ros']
[0.223s] Level 1:colcon.colcon_core.package_identification:_identify(src/ROS2-Self-Driving-Car-AI-using-OpenCV/Images_videos) by extension 'ros'
[0.223s] Level 1:colcon.colcon_core.package_identification:_identify(src/ROS2-Self-Driving-Car-AI-using-OpenCV/Images_videos) by extensions ['cmake', 'python']
[0.223s] Level 1:colcon.colcon_core.package_identification:_identify(src/ROS2-Self-Driving-Car-AI-using-OpenCV/Images_videos) by extension 'cmake'
[0.223s] Level 1:colcon.colcon_core.package_identification:_identify(src/ROS2-Self-Driving-Car-AI-using-OpenCV/Images_videos) by extension 'python'
[0.223s] Level 1:colcon.colcon_core.package_identification:_identify(src/ROS2-Self-Driving-Car-AI-using-OpenCV/Images_videos) by extensions ['python_setup_py']
[0.223s] Level 1:colcon.colcon_core.package_identification:_identify(src/ROS2-Self-Driving-Car-AI-using-OpenCV/Images_videos) by extension 'python_setup_py'
[0.224s] Level 1:colcon.colcon_core.package_identification:_identify(src/ROS2-Self-Driving-Car-AI-using-OpenCV/Images_videos/HaarCascade) by extensions ['ignore', 'ignore_ament_install']
[0.224s] Level 1:colcon.colcon_core.package_identification:_identify(src/ROS2-Self-Driving-Car-AI-using-OpenCV/Images_videos/HaarCascade) by extension 'ignore'
[0.224s] Level 1:colcon.colcon_core.package_identification:_identify(src/ROS2-Self-Driving-Car-AI-using-OpenCV/Images_videos/HaarCascade) by extension 'ignore_ament_install'
[0.224s] Level 1:colcon.colcon_core.package_identification:_identify(src/ROS2-Self-Driving-Car-AI-using-OpenCV/Images_videos/HaarCascade) by extensions ['colcon_pkg']
[0.224s] Level 1:colcon.colcon_core.package_identification:_identify(src/ROS2-Self-Driving-Car-AI-using-OpenCV/Images_videos/HaarCascade) by extension 'colcon_pkg'
[0.224s] Level 1:colcon.colcon_core.package_identification:_identify(src/ROS2-Self-Driving-Car-AI-using-OpenCV/Images_videos/HaarCascade) by extensions ['colcon_meta']
[0.224s] Level 1:colcon.colcon_core.package_identification:_identify(src/ROS2-Self-Driving-Car-AI-using-OpenCV/Images_videos/HaarCascade) by extension 'colcon_meta'
[0.224s] Level 1:colcon.colcon_core.package_identification:_identify(src/ROS2-Self-Driving-Car-AI-using-OpenCV/Images_videos/HaarCascade) by extensions ['ros']
[0.224s] Level 1:colcon.colcon_core.package_identification:_identify(src/ROS2-Self-Driving-Car-AI-using-OpenCV/Images_videos/HaarCascade) by extension 'ros'
[0.224s] Level 1:colcon.colcon_core.package_identification:_identify(src/ROS2-Self-Driving-Car-AI-using-OpenCV/Images_videos/HaarCascade) by extensions ['cmake', 'python']
[0.224s] Level 1:colcon.colcon_core.package_identification:_identify(src/ROS2-Self-Driving-Car-AI-using-OpenCV/Images_videos/HaarCascade) by extension 'cmake'
[0.224s] Level 1:colcon.colcon_core.package_identification:_identify(src/ROS2-Self-Driving-Car-AI-using-OpenCV/Images_videos/HaarCascade) by extension 'python'
[0.224s] Level 1:colcon.colcon_core.package_identification:_identify(src/ROS2-Self-Driving-Car-AI-using-OpenCV/Images_videos/HaarCascade) by extensions ['python_setup_py']
[0.224s] Level 1:colcon.colcon_core.package_identification:_identify(src/ROS2-Self-Driving-Car-AI-using-OpenCV/Images_videos/HaarCascade) by extension 'python_setup_py'
[0.225s] Level 1:colcon.colcon_core.package_identification:_identify(src/ROS2-Self-Driving-Car-AI-using-OpenCV/Images_videos/HaarCascade/Training_Steps) by extensions ['ignore', 'ignore_ament_install']
[0.225s] Level 1:colcon.colcon_core.package_identification:_identify(src/ROS2-Self-Driving-Car-AI-using-OpenCV/Images_videos/HaarCascade/Training_Steps) by extension 'ignore'
[0.225s] Level 1:colcon.colcon_core.package_identification:_identify(src/ROS2-Self-Driving-Car-AI-using-OpenCV/Images_videos/HaarCascade/Training_Steps) by extension 'ignore_ament_install'
[0.225s] Level 1:colcon.colcon_core.package_identification:_identify(src/ROS2-Self-Driving-Car-AI-using-OpenCV/Images_videos/HaarCascade/Training_Steps) by extensions ['colcon_pkg']
[0.225s] Level 1:colcon.colcon_core.package_identification:_identify(src/ROS2-Self-Driving-Car-AI-using-OpenCV/Images_videos/HaarCascade/Training_Steps) by extension 'colcon_pkg'
[0.225s] Level 1:colcon.colcon_core.package_identification:_identify(src/ROS2-Self-Driving-Car-AI-using-OpenCV/Images_videos/HaarCascade/Training_Steps) by extensions ['colcon_meta']
[0.225s] Level 1:colcon.colcon_core.package_identification:_identify(src/ROS2-Self-Driving-Car-AI-using-OpenCV/Images_videos/HaarCascade/Training_Steps) by extension 'colcon_meta'
[0.225s] Level 1:colcon.colcon_core.package_identification:_identify(src/ROS2-Self-Driving-Car-AI-using-OpenCV/Images_videos/HaarCascade/Training_Steps) by extensions ['ros']
[0.225s] Level 1:colcon.colcon_core.package_identification:_identify(src/ROS2-Self-Driving-Car-AI-using-OpenCV/Images_videos/HaarCascade/Training_Steps) by extension 'ros'
[0.225s] Level 1:colcon.colcon_core.package_identification:_identify(src/ROS2-Self-Driving-Car-AI-using-OpenCV/Images_videos/HaarCascade/Training_Steps) by extensions ['cmake', 'python']
[0.225s] Level 1:colcon.colcon_core.package_identification:_identify(src/ROS2-Self-Driving-Car-AI-using-OpenCV/Images_videos/HaarCascade/Training_Steps) by extension 'cmake'
[0.225s] Level 1:colcon.colcon_core.package_identification:_identify(src/ROS2-Self-Driving-Car-AI-using-OpenCV/Images_videos/HaarCascade/Training_Steps) by extension 'python'
[0.225s] Level 1:colcon.colcon_core.package_identification:_identify(src/ROS2-Self-Driving-Car-AI-using-OpenCV/Images_videos/HaarCascade/Training_Steps) by extensions ['python_setup_py']
[0.225s] Level 1:colcon.colcon_core.package_identification:_identify(src/ROS2-Self-Driving-Car-AI-using-OpenCV/Images_videos/HaarCascade/Training_Steps) by extension 'python_setup_py'
[0.225s] Level 1:colcon.colcon_core.package_identification:_identify(src/ROS2-Self-Driving-Car-AI-using-OpenCV/Images_videos/Sat_Nav) by extensions ['ignore', 'ignore_ament_install']
[0.226s] Level 1:colcon.colcon_core.package_identification:_identify(src/ROS2-Self-Driving-Car-AI-using-OpenCV/Images_videos/Sat_Nav) by extension 'ignore'
[0.226s] Level 1:colcon.colcon_core.package_identification:_identify(src/ROS2-Self-Driving-Car-AI-using-OpenCV/Images_videos/Sat_Nav) by extension 'ignore_ament_install'
[0.226s] Level 1:colcon.colcon_core.package_identification:_identify(src/ROS2-Self-Driving-Car-AI-using-OpenCV/Images_videos/Sat_Nav) by extensions ['colcon_pkg']
[0.226s] Level 1:colcon.colcon_core.package_identification:_identify(src/ROS2-Self-Driving-Car-AI-using-OpenCV/Images_videos/Sat_Nav) by extension 'colcon_pkg'
[0.226s] Level 1:colcon.colcon_core.package_identification:_identify(src/ROS2-Self-Driving-Car-AI-using-OpenCV/Images_videos/Sat_Nav) by extensions ['colcon_meta']
[0.226s] Level 1:colcon.colcon_core.package_identification:_identify(src/ROS2-Self-Driving-Car-AI-using-OpenCV/Images_videos/Sat_Nav) by extension 'colcon_meta'
[0.226s] Level 1:colcon.colcon_core.package_identification:_identify(src/ROS2-Self-Driving-Car-AI-using-OpenCV/Images_videos/Sat_Nav) by extensions ['ros']
[0.226s] Level 1:colcon.colcon_core.package_identification:_identify(src/ROS2-Self-Driving-Car-AI-using-OpenCV/Images_videos/Sat_Nav) by extension 'ros'
[0.226s] Level 1:colcon.colcon_core.package_identification:_identify(src/ROS2-Self-Driving-Car-AI-using-OpenCV/Images_videos/Sat_Nav) by extensions ['cmake', 'python']
[0.226s] Level 1:colcon.colcon_core.package_identification:_identify(src/ROS2-Self-Driving-Car-AI-using-OpenCV/Images_videos/Sat_Nav) by extension 'cmake'
[0.226s] Level 1:colcon.colcon_core.package_identification:_identify(src/ROS2-Self-Driving-Car-AI-using-OpenCV/Images_videos/Sat_Nav) by extension 'python'
[0.226s] Level 1:colcon.colcon_core.package_identification:_identify(src/ROS2-Self-Driving-Car-AI-using-OpenCV/Images_videos/Sat_Nav) by extensions ['python_setup_py']
[0.226s] Level 1:colcon.colcon_core.package_identification:_identify(src/ROS2-Self-Driving-Car-AI-using-OpenCV/Images_videos/Sat_Nav) by extension 'python_setup_py'
[0.226s] Level 1:colcon.colcon_core.package_identification:_identify(src/ROS2-Self-Driving-Car-AI-using-OpenCV/ROS2SDC_VENV) by extensions ['ignore', 'ignore_ament_install']
[0.226s] Level 1:colcon.colcon_core.package_identification:_identify(src/ROS2-Self-Driving-Car-AI-using-OpenCV/ROS2SDC_VENV) by extension 'ignore'
[0.227s] Level 1:colcon.colcon_core.package_identification:_identify(src/ROS2-Self-Driving-Car-AI-using-OpenCV/ROS2SDC_VENV) ignored
[0.227s] Level 1:colcon.colcon_core.package_identification:_identify(src/ROS2-Self-Driving-Car-AI-using-OpenCV/Repo_resources) by extensions ['ignore', 'ignore_ament_install']
[0.227s] Level 1:colcon.colcon_core.package_identification:_identify(src/ROS2-Self-Driving-Car-AI-using-OpenCV/Repo_resources) by extension 'ignore'
[0.227s] Level 1:colcon.colcon_core.package_identification:_identify(src/ROS2-Self-Driving-Car-AI-using-OpenCV/Repo_resources) by extension 'ignore_ament_install'
[0.227s] Level 1:colcon.colcon_core.package_identification:_identify(src/ROS2-Self-Driving-Car-AI-using-OpenCV/Repo_resources) by extensions ['colcon_pkg']
[0.227s] Level 1:colcon.colcon_core.package_identification:_identify(src/ROS2-Self-Driving-Car-AI-using-OpenCV/Repo_resources) by extension 'colcon_pkg'
[0.227s] Level 1:colcon.colcon_core.package_identification:_identify(src/ROS2-Self-Driving-Car-AI-using-OpenCV/Repo_resources) by extensions ['colcon_meta']
[0.227s] Level 1:colcon.colcon_core.package_identification:_identify(src/ROS2-Self-Driving-Car-AI-using-OpenCV/Repo_resources) by extension 'colcon_meta'
[0.227s] Level 1:colcon.colcon_core.package_identification:_identify(src/ROS2-Self-Driving-Car-AI-using-OpenCV/Repo_resources) by extensions ['ros']
[0.227s] Level 1:colcon.colcon_core.package_identification:_identify(src/ROS2-Self-Driving-Car-AI-using-OpenCV/Repo_resources) by extension 'ros'
[0.227s] Level 1:colcon.colcon_core.package_identification:_identify(src/ROS2-Self-Driving-Car-AI-using-OpenCV/Repo_resources) by extensions ['cmake', 'python']
[0.227s] Level 1:colcon.colcon_core.package_identification:_identify(src/ROS2-Self-Driving-Car-AI-using-OpenCV/Repo_resources) by extension 'cmake'
[0.227s] Level 1:colcon.colcon_core.package_identification:_identify(src/ROS2-Self-Driving-Car-AI-using-OpenCV/Repo_resources) by extension 'python'
[0.227s] Level 1:colcon.colcon_core.package_identification:_identify(src/ROS2-Self-Driving-Car-AI-using-OpenCV/Repo_resources) by extensions ['python_setup_py']
[0.227s] Level 1:colcon.colcon_core.package_identification:_identify(src/ROS2-Self-Driving-Car-AI-using-OpenCV/Repo_resources) by extension 'python_setup_py'
[0.228s] Level 1:colcon.colcon_core.package_identification:_identify(src/ROS2-Self-Driving-Car-AI-using-OpenCV/self_driving_car_pkg) by extensions ['ignore', 'ignore_ament_install']
[0.228s] Level 1:colcon.colcon_core.package_identification:_identify(src/ROS2-Self-Driving-Car-AI-using-OpenCV/self_driving_car_pkg) by extension 'ignore'
[0.228s] Level 1:colcon.colcon_core.package_identification:_identify(src/ROS2-Self-Driving-Car-AI-using-OpenCV/self_driving_car_pkg) by extension 'ignore_ament_install'
[0.228s] Level 1:colcon.colcon_core.package_identification:_identify(src/ROS2-Self-Driving-Car-AI-using-OpenCV/self_driving_car_pkg) by extensions ['colcon_pkg']
[0.228s] Level 1:colcon.colcon_core.package_identification:_identify(src/ROS2-Self-Driving-Car-AI-using-OpenCV/self_driving_car_pkg) by extension 'colcon_pkg'
[0.228s] Level 1:colcon.colcon_core.package_identification:_identify(src/ROS2-Self-Driving-Car-AI-using-OpenCV/self_driving_car_pkg) by extensions ['colcon_meta']
[0.228s] Level 1:colcon.colcon_core.package_identification:_identify(src/ROS2-Self-Driving-Car-AI-using-OpenCV/self_driving_car_pkg) by extension 'colcon_meta'
[0.228s] Level 1:colcon.colcon_core.package_identification:_identify(src/ROS2-Self-Driving-Car-AI-using-OpenCV/self_driving_car_pkg) by extensions ['ros']
[0.228s] Level 1:colcon.colcon_core.package_identification:_identify(src/ROS2-Self-Driving-Car-AI-using-OpenCV/self_driving_car_pkg) by extension 'ros'
[0.229s] DEBUG:colcon.colcon_core.package_identification:Package 'src/ROS2-Self-Driving-Car-AI-using-OpenCV/self_driving_car_pkg' with type 'ros.ament_python' and name 'self_driving_car_pkg'
[0.229s] Level 1:colcon.colcon_core.package_discovery:discover_packages(recursive) using defaults
[0.229s] Level 1:colcon.colcon_core.package_discovery:discover_packages(ignore) discover
[0.229s] Level 1:colcon.colcon_core.package_discovery:discover_packages(ignore) using defaults
[0.229s] Level 1:colcon.colcon_core.package_discovery:discover_packages(path) discover
[0.229s] Level 1:colcon.colcon_core.package_discovery:discover_packages(path) using defaults
[0.254s] Level 1:colcon.colcon_core.package_discovery:discover_packages(prefix_path) check parameters
[0.254s] Level 1:colcon.colcon_core.package_discovery:discover_packages(prefix_path) discover
[0.259s] DEBUG:colcon.colcon_installed_package_information.package_discovery:Found 12 installed packages in /home/chaitu/workspace/ros2_ws/install
[0.261s] DEBUG:colcon.colcon_installed_package_information.package_discovery:Found 280 installed packages in /opt/ros/foxy
[0.263s] Level 1:colcon.colcon_core.package_discovery:discover_packages(prefix_path) using defaults
[0.333s] ERROR:colcon:colcon build: Duplicate package names not supported:
- self_driving_car_pkg:
  - ROS2-Self-Driving-Car-AI-using-OpenCV/self_driving_car_pkg
  - src/ROS2-Self-Driving-Car-AI-using-OpenCV/self_driving_car_pkg
