[0.732s] Invoking command in '/home/chaitu/workspace/self_driving_car/src/ROS2-Self-Driving-Car-AI-using-OpenCV/self_driving_car_pkg': PYTHONPATH=/home/chaitu/workspace/self_driving_car/install/self_driving_car_pkg/lib/python3.8/site-packages:${PYTHONPATH} /usr/bin/python3 setup.py egg_info --egg-base ../../../build/self_driving_car_pkg build --build-base /home/chaitu/workspace/self_driving_car/build/self_driving_car_pkg/build install --prefix /home/chaitu/workspace/self_driving_car/install/self_driving_car_pkg --record /home/chaitu/workspace/self_driving_car/build/self_driving_car_pkg/install.log --single-version-externally-managed
[0.964s] running egg_info
[0.964s] creating ../../../build/self_driving_car_pkg/self_driving_car_pkg.egg-info
[0.965s] writing ../../../build/self_driving_car_pkg/self_driving_car_pkg.egg-info/PKG-INFO
[0.965s] writing dependency_links to ../../../build/self_driving_car_pkg/self_driving_car_pkg.egg-info/dependency_links.txt
[0.965s] writing entry points to ../../../build/self_driving_car_pkg/self_driving_car_pkg.egg-info/entry_points.txt
[0.966s] writing requirements to ../../../build/self_driving_car_pkg/self_driving_car_pkg.egg-info/requires.txt
[0.966s] writing top-level names to ../../../build/self_driving_car_pkg/self_driving_car_pkg.egg-info/top_level.txt
[0.968s] writing manifest file '../../../build/self_driving_car_pkg/self_driving_car_pkg.egg-info/SOURCES.txt'
[0.998s] reading manifest file '../../../build/self_driving_car_pkg/self_driving_car_pkg.egg-info/SOURCES.txt'
[0.999s] writing manifest file '../../../build/self_driving_car_pkg/self_driving_car_pkg.egg-info/SOURCES.txt'
[0.999s] running build
[0.999s] running build_py
[0.999s] creating /home/chaitu/workspace/self_driving_car/build/self_driving_car_pkg/build
[1.000s] creating /home/chaitu/workspace/self_driving_car/build/self_driving_car_pkg/build/lib
[1.000s] creating /home/chaitu/workspace/self_driving_car/build/self_driving_car_pkg/build/lib/self_driving_car_pkg
[1.000s] copying self_driving_car_pkg/sdc_V2.py -> /home/chaitu/workspace/self_driving_car/build/self_driving_car_pkg/build/lib/self_driving_car_pkg
[1.000s] copying self_driving_car_pkg/video_save.py -> /home/chaitu/workspace/self_driving_car/build/self_driving_car_pkg/build/lib/self_driving_car_pkg
[1.000s] copying self_driving_car_pkg/Drive_Bot.py -> /home/chaitu/workspace/self_driving_car/build/self_driving_car_pkg/build/lib/self_driving_car_pkg
[1.000s] copying self_driving_car_pkg/upper_camera_video.py -> /home/chaitu/workspace/self_driving_car/build/self_driving_car_pkg/build/lib/self_driving_car_pkg
[1.000s] copying self_driving_car_pkg/computer_vision_node.py -> /home/chaitu/workspace/self_driving_car/build/self_driving_car_pkg/build/lib/self_driving_car_pkg
[1.001s] copying self_driving_car_pkg/__init__.py -> /home/chaitu/workspace/self_driving_car/build/self_driving_car_pkg/build/lib/self_driving_car_pkg
[1.001s] copying self_driving_car_pkg/sdf_spawner.py -> /home/chaitu/workspace/self_driving_car/build/self_driving_car_pkg/build/lib/self_driving_car_pkg
[1.001s] creating /home/chaitu/workspace/self_driving_car/build/self_driving_car_pkg/build/lib/self_driving_car_pkg/Detection
[1.001s] creating /home/chaitu/workspace/self_driving_car/build/self_driving_car_pkg/build/lib/self_driving_car_pkg/Detection/Lanes
[1.001s] creating /home/chaitu/workspace/self_driving_car/build/self_driving_car_pkg/build/lib/self_driving_car_pkg/Detection/Lanes/d_LaneInfo_Extraction
[1.001s] copying self_driving_car_pkg/Detection/Lanes/d_LaneInfo_Extraction/__init__.py -> /home/chaitu/workspace/self_driving_car/build/self_driving_car_pkg/build/lib/self_driving_car_pkg/Detection/Lanes/d_LaneInfo_Extraction
[1.001s] copying self_driving_car_pkg/Detection/Lanes/d_LaneInfo_Extraction/GetStateInfoandDisplayLane.py -> /home/chaitu/workspace/self_driving_car/build/self_driving_car_pkg/build/lib/self_driving_car_pkg/Detection/Lanes/d_LaneInfo_Extraction
[1.001s] creating /home/chaitu/workspace/self_driving_car/build/self_driving_car_pkg/build/lib/self_driving_car_pkg/Detection/Lanes/c_Cleaning
[1.001s] copying self_driving_car_pkg/Detection/Lanes/c_Cleaning/ExtendLanesAndRefineMidLaneEdge.py -> /home/chaitu/workspace/self_driving_car/build/self_driving_car_pkg/build/lib/self_driving_car_pkg/Detection/Lanes/c_Cleaning
[1.001s] copying self_driving_car_pkg/Detection/Lanes/c_Cleaning/CheckifYellowLaneCorrect_RetInnerBoundary.py -> /home/chaitu/workspace/self_driving_car/build/self_driving_car_pkg/build/lib/self_driving_car_pkg/Detection/Lanes/c_Cleaning
[1.001s] copying self_driving_car_pkg/Detection/Lanes/c_Cleaning/__init__.py -> /home/chaitu/workspace/self_driving_car/build/self_driving_car_pkg/build/lib/self_driving_car_pkg/Detection/Lanes/c_Cleaning
[1.001s] creating /home/chaitu/workspace/self_driving_car/build/self_driving_car_pkg/build/lib/self_driving_car_pkg/Detection/Lanes/b_Estimation
[1.001s] copying self_driving_car_pkg/Detection/Lanes/b_Estimation/__init__.py -> /home/chaitu/workspace/self_driving_car/build/self_driving_car_pkg/build/lib/self_driving_car_pkg/Detection/Lanes/b_Estimation
[1.002s] copying self_driving_car_pkg/Detection/Lanes/b_Estimation/Our_EstimationAlgo.py -> /home/chaitu/workspace/self_driving_car/build/self_driving_car_pkg/build/lib/self_driving_car_pkg/Detection/Lanes/b_Estimation
[1.002s] creating /home/chaitu/workspace/self_driving_car/build/self_driving_car_pkg/build/lib/self_driving_car_pkg/Detection/Lanes/a_Segmentation
[1.002s] copying self_driving_car_pkg/Detection/Lanes/a_Segmentation/__init__.py -> /home/chaitu/workspace/self_driving_car/build/self_driving_car_pkg/build/lib/self_driving_car_pkg/Detection/Lanes/a_Segmentation
[1.002s] copying self_driving_car_pkg/Detection/Lanes/a_Segmentation/colour_segmentation_final.py -> /home/chaitu/workspace/self_driving_car/build/self_driving_car_pkg/build/lib/self_driving_car_pkg/Detection/Lanes/a_Segmentation
[1.002s] copying self_driving_car_pkg/Detection/Lanes/Lane_Detection.py -> /home/chaitu/workspace/self_driving_car/build/self_driving_car_pkg/build/lib/self_driving_car_pkg/Detection/Lanes
[1.002s] copying self_driving_car_pkg/Detection/Lanes/utilities.py -> /home/chaitu/workspace/self_driving_car/build/self_driving_car_pkg/build/lib/self_driving_car_pkg/Detection/Lanes
[1.002s] copying self_driving_car_pkg/Detection/Lanes/__init__.py -> /home/chaitu/workspace/self_driving_car/build/self_driving_car_pkg/build/lib/self_driving_car_pkg/Detection/Lanes
[1.002s] copying self_driving_car_pkg/Detection/Lanes/Morph_op.py -> /home/chaitu/workspace/self_driving_car/build/self_driving_car_pkg/build/lib/self_driving_car_pkg/Detection/Lanes
[1.002s] creating /home/chaitu/workspace/self_driving_car/build/self_driving_car_pkg/build/lib/self_driving_car_pkg/Detection/Signs
[1.002s] creating /home/chaitu/workspace/self_driving_car/build/self_driving_car_pkg/build/lib/self_driving_car_pkg/Detection/Signs/Classification
[1.002s] copying self_driving_car_pkg/Detection/Signs/Classification/CNN.py -> /home/chaitu/workspace/self_driving_car/build/self_driving_car_pkg/build/lib/self_driving_car_pkg/Detection/Signs/Classification
[1.002s] copying self_driving_car_pkg/Detection/Signs/Classification/Visualize_CNN.py -> /home/chaitu/workspace/self_driving_car/build/self_driving_car_pkg/build/lib/self_driving_car_pkg/Detection/Signs/Classification
[1.003s] copying self_driving_car_pkg/Detection/Signs/Classification/__init__.py -> /home/chaitu/workspace/self_driving_car/build/self_driving_car_pkg/build/lib/self_driving_car_pkg/Detection/Signs/Classification
[1.003s] copying self_driving_car_pkg/Detection/Signs/Classification/Classification_CNN.py -> /home/chaitu/workspace/self_driving_car/build/self_driving_car_pkg/build/lib/self_driving_car_pkg/Detection/Signs/Classification
[1.003s] copying self_driving_car_pkg/Detection/Signs/SignDetectionApi.py -> /home/chaitu/workspace/self_driving_car/build/self_driving_car_pkg/build/lib/self_driving_car_pkg/Detection/Signs
[1.003s] copying self_driving_car_pkg/Detection/Signs/__init__.py -> /home/chaitu/workspace/self_driving_car/build/self_driving_car_pkg/build/lib/self_driving_car_pkg/Detection/Signs
[1.003s] creating /home/chaitu/workspace/self_driving_car/build/self_driving_car_pkg/build/lib/self_driving_car_pkg/Detection/TrafficLights
[1.003s] copying self_driving_car_pkg/Detection/TrafficLights/__init__.py -> /home/chaitu/workspace/self_driving_car/build/self_driving_car_pkg/build/lib/self_driving_car_pkg/Detection/TrafficLights
[1.003s] copying self_driving_car_pkg/Detection/TrafficLights/TrafficLights_Detection.py -> /home/chaitu/workspace/self_driving_car/build/self_driving_car_pkg/build/lib/self_driving_car_pkg/Detection/TrafficLights
[1.003s] copying self_driving_car_pkg/Detection/__init__.py -> /home/chaitu/workspace/self_driving_car/build/self_driving_car_pkg/build/lib/self_driving_car_pkg/Detection
[1.003s] creating /home/chaitu/workspace/self_driving_car/build/self_driving_car_pkg/build/lib/self_driving_car_pkg/GPS_Navigation
[1.003s] copying self_driving_car_pkg/GPS_Navigation/utilities.py -> /home/chaitu/workspace/self_driving_car/build/self_driving_car_pkg/build/lib/self_driving_car_pkg/GPS_Navigation
[1.003s] copying self_driving_car_pkg/GPS_Navigation/bot_localization.py -> /home/chaitu/workspace/self_driving_car/build/self_driving_car_pkg/build/lib/self_driving_car_pkg/GPS_Navigation
[1.003s] copying self_driving_car_pkg/GPS_Navigation/bot_pathplanning.py -> /home/chaitu/workspace/self_driving_car/build/self_driving_car_pkg/build/lib/self_driving_car_pkg/GPS_Navigation
[1.003s] copying self_driving_car_pkg/GPS_Navigation/bot_motionplanning.py -> /home/chaitu/workspace/self_driving_car/build/self_driving_car_pkg/build/lib/self_driving_car_pkg/GPS_Navigation
[1.003s] copying self_driving_car_pkg/GPS_Navigation/bot_mapping.py -> /home/chaitu/workspace/self_driving_car/build/self_driving_car_pkg/build/lib/self_driving_car_pkg/GPS_Navigation
[1.004s] copying self_driving_car_pkg/GPS_Navigation/config.py -> /home/chaitu/workspace/self_driving_car/build/self_driving_car_pkg/build/lib/self_driving_car_pkg/GPS_Navigation
[1.004s] copying self_driving_car_pkg/GPS_Navigation/__init__.py -> /home/chaitu/workspace/self_driving_car/build/self_driving_car_pkg/build/lib/self_driving_car_pkg/GPS_Navigation
[1.004s] copying self_driving_car_pkg/GPS_Navigation/utilities_disp.py -> /home/chaitu/workspace/self_driving_car/build/self_driving_car_pkg/build/lib/self_driving_car_pkg/GPS_Navigation
[1.004s] copying self_driving_car_pkg/GPS_Navigation/Navigation.py -> /home/chaitu/workspace/self_driving_car/build/self_driving_car_pkg/build/lib/self_driving_car_pkg/GPS_Navigation
[1.004s] creating /home/chaitu/workspace/self_driving_car/build/self_driving_car_pkg/build/lib/self_driving_car_pkg/config
[1.004s] copying self_driving_car_pkg/config/config.py -> /home/chaitu/workspace/self_driving_car/build/self_driving_car_pkg/build/lib/self_driving_car_pkg/config
[1.004s] copying self_driving_car_pkg/config/__init__.py -> /home/chaitu/workspace/self_driving_car/build/self_driving_car_pkg/build/lib/self_driving_car_pkg/config
[1.004s] creating /home/chaitu/workspace/self_driving_car/build/self_driving_car_pkg/build/lib/self_driving_car_pkg/data
[1.004s] copying self_driving_car_pkg/data/__init__.py -> /home/chaitu/workspace/self_driving_car/build/self_driving_car_pkg/build/lib/self_driving_car_pkg/data
[1.005s] running install
[1.006s] running install_lib
[1.007s] creating /home/chaitu/workspace/self_driving_car/install/self_driving_car_pkg/lib/python3.8/site-packages/self_driving_car_pkg
[1.007s] copying /home/chaitu/workspace/self_driving_car/build/self_driving_car_pkg/build/lib/self_driving_car_pkg/sdc_V2.py -> /home/chaitu/workspace/self_driving_car/install/self_driving_car_pkg/lib/python3.8/site-packages/self_driving_car_pkg
[1.007s] creating /home/chaitu/workspace/self_driving_car/install/self_driving_car_pkg/lib/python3.8/site-packages/self_driving_car_pkg/Detection
[1.007s] creating /home/chaitu/workspace/self_driving_car/install/self_driving_car_pkg/lib/python3.8/site-packages/self_driving_car_pkg/Detection/Signs
[1.007s] creating /home/chaitu/workspace/self_driving_car/install/self_driving_car_pkg/lib/python3.8/site-packages/self_driving_car_pkg/Detection/Signs/Classification
[1.008s] copying /home/chaitu/workspace/self_driving_car/build/self_driving_car_pkg/build/lib/self_driving_car_pkg/Detection/Signs/Classification/CNN.py -> /home/chaitu/workspace/self_driving_car/install/self_driving_car_pkg/lib/python3.8/site-packages/self_driving_car_pkg/Detection/Signs/Classification
[1.008s] copying /home/chaitu/workspace/self_driving_car/build/self_driving_car_pkg/build/lib/self_driving_car_pkg/Detection/Signs/Classification/Visualize_CNN.py -> /home/chaitu/workspace/self_driving_car/install/self_driving_car_pkg/lib/python3.8/site-packages/self_driving_car_pkg/Detection/Signs/Classification
[1.008s] copying /home/chaitu/workspace/self_driving_car/build/self_driving_car_pkg/build/lib/self_driving_car_pkg/Detection/Signs/Classification/__init__.py -> /home/chaitu/workspace/self_driving_car/install/self_driving_car_pkg/lib/python3.8/site-packages/self_driving_car_pkg/Detection/Signs/Classification
[1.008s] copying /home/chaitu/workspace/self_driving_car/build/self_driving_car_pkg/build/lib/self_driving_car_pkg/Detection/Signs/Classification/Classification_CNN.py -> /home/chaitu/workspace/self_driving_car/install/self_driving_car_pkg/lib/python3.8/site-packages/self_driving_car_pkg/Detection/Signs/Classification
[1.008s] copying /home/chaitu/workspace/self_driving_car/build/self_driving_car_pkg/build/lib/self_driving_car_pkg/Detection/Signs/SignDetectionApi.py -> /home/chaitu/workspace/self_driving_car/install/self_driving_car_pkg/lib/python3.8/site-packages/self_driving_car_pkg/Detection/Signs
[1.008s] copying /home/chaitu/workspace/self_driving_car/build/self_driving_car_pkg/build/lib/self_driving_car_pkg/Detection/Signs/__init__.py -> /home/chaitu/workspace/self_driving_car/install/self_driving_car_pkg/lib/python3.8/site-packages/self_driving_car_pkg/Detection/Signs
[1.009s] creating /home/chaitu/workspace/self_driving_car/install/self_driving_car_pkg/lib/python3.8/site-packages/self_driving_car_pkg/Detection/TrafficLights
[1.009s] copying /home/chaitu/workspace/self_driving_car/build/self_driving_car_pkg/build/lib/self_driving_car_pkg/Detection/TrafficLights/__init__.py -> /home/chaitu/workspace/self_driving_car/install/self_driving_car_pkg/lib/python3.8/site-packages/self_driving_car_pkg/Detection/TrafficLights
[1.009s] copying /home/chaitu/workspace/self_driving_car/build/self_driving_car_pkg/build/lib/self_driving_car_pkg/Detection/TrafficLights/TrafficLights_Detection.py -> /home/chaitu/workspace/self_driving_car/install/self_driving_car_pkg/lib/python3.8/site-packages/self_driving_car_pkg/Detection/TrafficLights
[1.009s] copying /home/chaitu/workspace/self_driving_car/build/self_driving_car_pkg/build/lib/self_driving_car_pkg/Detection/__init__.py -> /home/chaitu/workspace/self_driving_car/install/self_driving_car_pkg/lib/python3.8/site-packages/self_driving_car_pkg/Detection
[1.009s] creating /home/chaitu/workspace/self_driving_car/install/self_driving_car_pkg/lib/python3.8/site-packages/self_driving_car_pkg/Detection/Lanes
[1.009s] creating /home/chaitu/workspace/self_driving_car/install/self_driving_car_pkg/lib/python3.8/site-packages/self_driving_car_pkg/Detection/Lanes/b_Estimation
[1.010s] copying /home/chaitu/workspace/self_driving_car/build/self_driving_car_pkg/build/lib/self_driving_car_pkg/Detection/Lanes/b_Estimation/__init__.py -> /home/chaitu/workspace/self_driving_car/install/self_driving_car_pkg/lib/python3.8/site-packages/self_driving_car_pkg/Detection/Lanes/b_Estimation
[1.010s] copying /home/chaitu/workspace/self_driving_car/build/self_driving_car_pkg/build/lib/self_driving_car_pkg/Detection/Lanes/b_Estimation/Our_EstimationAlgo.py -> /home/chaitu/workspace/self_driving_car/install/self_driving_car_pkg/lib/python3.8/site-packages/self_driving_car_pkg/Detection/Lanes/b_Estimation
[1.010s] creating /home/chaitu/workspace/self_driving_car/install/self_driving_car_pkg/lib/python3.8/site-packages/self_driving_car_pkg/Detection/Lanes/a_Segmentation
[1.010s] copying /home/chaitu/workspace/self_driving_car/build/self_driving_car_pkg/build/lib/self_driving_car_pkg/Detection/Lanes/a_Segmentation/__init__.py -> /home/chaitu/workspace/self_driving_car/install/self_driving_car_pkg/lib/python3.8/site-packages/self_driving_car_pkg/Detection/Lanes/a_Segmentation
[1.010s] copying /home/chaitu/workspace/self_driving_car/build/self_driving_car_pkg/build/lib/self_driving_car_pkg/Detection/Lanes/a_Segmentation/colour_segmentation_final.py -> /home/chaitu/workspace/self_driving_car/install/self_driving_car_pkg/lib/python3.8/site-packages/self_driving_car_pkg/Detection/Lanes/a_Segmentation
[1.010s] copying /home/chaitu/workspace/self_driving_car/build/self_driving_car_pkg/build/lib/self_driving_car_pkg/Detection/Lanes/Lane_Detection.py -> /home/chaitu/workspace/self_driving_car/install/self_driving_car_pkg/lib/python3.8/site-packages/self_driving_car_pkg/Detection/Lanes
[1.010s] copying /home/chaitu/workspace/self_driving_car/build/self_driving_car_pkg/build/lib/self_driving_car_pkg/Detection/Lanes/utilities.py -> /home/chaitu/workspace/self_driving_car/install/self_driving_car_pkg/lib/python3.8/site-packages/self_driving_car_pkg/Detection/Lanes
[1.011s] creating /home/chaitu/workspace/self_driving_car/install/self_driving_car_pkg/lib/python3.8/site-packages/self_driving_car_pkg/Detection/Lanes/c_Cleaning
[1.011s] copying /home/chaitu/workspace/self_driving_car/build/self_driving_car_pkg/build/lib/self_driving_car_pkg/Detection/Lanes/c_Cleaning/ExtendLanesAndRefineMidLaneEdge.py -> /home/chaitu/workspace/self_driving_car/install/self_driving_car_pkg/lib/python3.8/site-packages/self_driving_car_pkg/Detection/Lanes/c_Cleaning
[1.011s] copying /home/chaitu/workspace/self_driving_car/build/self_driving_car_pkg/build/lib/self_driving_car_pkg/Detection/Lanes/c_Cleaning/CheckifYellowLaneCorrect_RetInnerBoundary.py -> /home/chaitu/workspace/self_driving_car/install/self_driving_car_pkg/lib/python3.8/site-packages/self_driving_car_pkg/Detection/Lanes/c_Cleaning
[1.011s] copying /home/chaitu/workspace/self_driving_car/build/self_driving_car_pkg/build/lib/self_driving_car_pkg/Detection/Lanes/c_Cleaning/__init__.py -> /home/chaitu/workspace/self_driving_car/install/self_driving_car_pkg/lib/python3.8/site-packages/self_driving_car_pkg/Detection/Lanes/c_Cleaning
[1.011s] copying /home/chaitu/workspace/self_driving_car/build/self_driving_car_pkg/build/lib/self_driving_car_pkg/Detection/Lanes/__init__.py -> /home/chaitu/workspace/self_driving_car/install/self_driving_car_pkg/lib/python3.8/site-packages/self_driving_car_pkg/Detection/Lanes
[1.011s] creating /home/chaitu/workspace/self_driving_car/install/self_driving_car_pkg/lib/python3.8/site-packages/self_driving_car_pkg/Detection/Lanes/d_LaneInfo_Extraction
[1.011s] copying /home/chaitu/workspace/self_driving_car/build/self_driving_car_pkg/build/lib/self_driving_car_pkg/Detection/Lanes/d_LaneInfo_Extraction/__init__.py -> /home/chaitu/workspace/self_driving_car/install/self_driving_car_pkg/lib/python3.8/site-packages/self_driving_car_pkg/Detection/Lanes/d_LaneInfo_Extraction
[1.011s] copying /home/chaitu/workspace/self_driving_car/build/self_driving_car_pkg/build/lib/self_driving_car_pkg/Detection/Lanes/d_LaneInfo_Extraction/GetStateInfoandDisplayLane.py -> /home/chaitu/workspace/self_driving_car/install/self_driving_car_pkg/lib/python3.8/site-packages/self_driving_car_pkg/Detection/Lanes/d_LaneInfo_Extraction
[1.012s] copying /home/chaitu/workspace/self_driving_car/build/self_driving_car_pkg/build/lib/self_driving_car_pkg/Detection/Lanes/Morph_op.py -> /home/chaitu/workspace/self_driving_car/install/self_driving_car_pkg/lib/python3.8/site-packages/self_driving_car_pkg/Detection/Lanes
[1.012s] copying /home/chaitu/workspace/self_driving_car/build/self_driving_car_pkg/build/lib/self_driving_car_pkg/video_save.py -> /home/chaitu/workspace/self_driving_car/install/self_driving_car_pkg/lib/python3.8/site-packages/self_driving_car_pkg
[1.012s] creating /home/chaitu/workspace/self_driving_car/install/self_driving_car_pkg/lib/python3.8/site-packages/self_driving_car_pkg/data
[1.012s] copying /home/chaitu/workspace/self_driving_car/build/self_driving_car_pkg/build/lib/self_driving_car_pkg/data/__init__.py -> /home/chaitu/workspace/self_driving_car/install/self_driving_car_pkg/lib/python3.8/site-packages/self_driving_car_pkg/data
[1.012s] creating /home/chaitu/workspace/self_driving_car/install/self_driving_car_pkg/lib/python3.8/site-packages/self_driving_car_pkg/config
[1.012s] copying /home/chaitu/workspace/self_driving_car/build/self_driving_car_pkg/build/lib/self_driving_car_pkg/config/config.py -> /home/chaitu/workspace/self_driving_car/install/self_driving_car_pkg/lib/python3.8/site-packages/self_driving_car_pkg/config
[1.012s] copying /home/chaitu/workspace/self_driving_car/build/self_driving_car_pkg/build/lib/self_driving_car_pkg/config/__init__.py -> /home/chaitu/workspace/self_driving_car/install/self_driving_car_pkg/lib/python3.8/site-packages/self_driving_car_pkg/config
[1.012s] copying /home/chaitu/workspace/self_driving_car/build/self_driving_car_pkg/build/lib/self_driving_car_pkg/Drive_Bot.py -> /home/chaitu/workspace/self_driving_car/install/self_driving_car_pkg/lib/python3.8/site-packages/self_driving_car_pkg
[1.013s] copying /home/chaitu/workspace/self_driving_car/build/self_driving_car_pkg/build/lib/self_driving_car_pkg/upper_camera_video.py -> /home/chaitu/workspace/self_driving_car/install/self_driving_car_pkg/lib/python3.8/site-packages/self_driving_car_pkg
[1.013s] copying /home/chaitu/workspace/self_driving_car/build/self_driving_car_pkg/build/lib/self_driving_car_pkg/computer_vision_node.py -> /home/chaitu/workspace/self_driving_car/install/self_driving_car_pkg/lib/python3.8/site-packages/self_driving_car_pkg
[1.013s] copying /home/chaitu/workspace/self_driving_car/build/self_driving_car_pkg/build/lib/self_driving_car_pkg/__init__.py -> /home/chaitu/workspace/self_driving_car/install/self_driving_car_pkg/lib/python3.8/site-packages/self_driving_car_pkg
[1.013s] creating /home/chaitu/workspace/self_driving_car/install/self_driving_car_pkg/lib/python3.8/site-packages/self_driving_car_pkg/GPS_Navigation
[1.013s] copying /home/chaitu/workspace/self_driving_car/build/self_driving_car_pkg/build/lib/self_driving_car_pkg/GPS_Navigation/utilities.py -> /home/chaitu/workspace/self_driving_car/install/self_driving_car_pkg/lib/python3.8/site-packages/self_driving_car_pkg/GPS_Navigation
[1.013s] copying /home/chaitu/workspace/self_driving_car/build/self_driving_car_pkg/build/lib/self_driving_car_pkg/GPS_Navigation/bot_localization.py -> /home/chaitu/workspace/self_driving_car/install/self_driving_car_pkg/lib/python3.8/site-packages/self_driving_car_pkg/GPS_Navigation
[1.013s] copying /home/chaitu/workspace/self_driving_car/build/self_driving_car_pkg/build/lib/self_driving_car_pkg/GPS_Navigation/bot_pathplanning.py -> /home/chaitu/workspace/self_driving_car/install/self_driving_car_pkg/lib/python3.8/site-packages/self_driving_car_pkg/GPS_Navigation
[1.013s] copying /home/chaitu/workspace/self_driving_car/build/self_driving_car_pkg/build/lib/self_driving_car_pkg/GPS_Navigation/bot_motionplanning.py -> /home/chaitu/workspace/self_driving_car/install/self_driving_car_pkg/lib/python3.8/site-packages/self_driving_car_pkg/GPS_Navigation
[1.014s] copying /home/chaitu/workspace/self_driving_car/build/self_driving_car_pkg/build/lib/self_driving_car_pkg/GPS_Navigation/bot_mapping.py -> /home/chaitu/workspace/self_driving_car/install/self_driving_car_pkg/lib/python3.8/site-packages/self_driving_car_pkg/GPS_Navigation
[1.014s] copying /home/chaitu/workspace/self_driving_car/build/self_driving_car_pkg/build/lib/self_driving_car_pkg/GPS_Navigation/config.py -> /home/chaitu/workspace/self_driving_car/install/self_driving_car_pkg/lib/python3.8/site-packages/self_driving_car_pkg/GPS_Navigation
[1.014s] copying /home/chaitu/workspace/self_driving_car/build/self_driving_car_pkg/build/lib/self_driving_car_pkg/GPS_Navigation/__init__.py -> /home/chaitu/workspace/self_driving_car/install/self_driving_car_pkg/lib/python3.8/site-packages/self_driving_car_pkg/GPS_Navigation
[1.014s] copying /home/chaitu/workspace/self_driving_car/build/self_driving_car_pkg/build/lib/self_driving_car_pkg/GPS_Navigation/utilities_disp.py -> /home/chaitu/workspace/self_driving_car/install/self_driving_car_pkg/lib/python3.8/site-packages/self_driving_car_pkg/GPS_Navigation
[1.014s] copying /home/chaitu/workspace/self_driving_car/build/self_driving_car_pkg/build/lib/self_driving_car_pkg/GPS_Navigation/Navigation.py -> /home/chaitu/workspace/self_driving_car/install/self_driving_car_pkg/lib/python3.8/site-packages/self_driving_car_pkg/GPS_Navigation
[1.014s] copying /home/chaitu/workspace/self_driving_car/build/self_driving_car_pkg/build/lib/self_driving_car_pkg/sdf_spawner.py -> /home/chaitu/workspace/self_driving_car/install/self_driving_car_pkg/lib/python3.8/site-packages/self_driving_car_pkg
[1.014s] byte-compiling /home/chaitu/workspace/self_driving_car/install/self_driving_car_pkg/lib/python3.8/site-packages/self_driving_car_pkg/sdc_V2.py to sdc_V2.cpython-38.pyc
[1.016s] byte-compiling /home/chaitu/workspace/self_driving_car/install/self_driving_car_pkg/lib/python3.8/site-packages/self_driving_car_pkg/Detection/Signs/Classification/CNN.py to CNN.cpython-38.pyc
[1.017s] byte-compiling /home/chaitu/workspace/self_driving_car/install/self_driving_car_pkg/lib/python3.8/site-packages/self_driving_car_pkg/Detection/Signs/Classification/Visualize_CNN.py to Visualize_CNN.cpython-38.pyc
[1.018s] byte-compiling /home/chaitu/workspace/self_driving_car/install/self_driving_car_pkg/lib/python3.8/site-packages/self_driving_car_pkg/Detection/Signs/Classification/__init__.py to __init__.cpython-38.pyc
[1.018s] byte-compiling /home/chaitu/workspace/self_driving_car/install/self_driving_car_pkg/lib/python3.8/site-packages/self_driving_car_pkg/Detection/Signs/Classification/Classification_CNN.py to Classification_CNN.cpython-38.pyc
[1.019s] byte-compiling /home/chaitu/workspace/self_driving_car/install/self_driving_car_pkg/lib/python3.8/site-packages/self_driving_car_pkg/Detection/Signs/SignDetectionApi.py to SignDetectionApi.cpython-38.pyc
[1.020s] byte-compiling /home/chaitu/workspace/self_driving_car/install/self_driving_car_pkg/lib/python3.8/site-packages/self_driving_car_pkg/Detection/Signs/__init__.py to __init__.cpython-38.pyc
[1.020s] byte-compiling /home/chaitu/workspace/self_driving_car/install/self_driving_car_pkg/lib/python3.8/site-packages/self_driving_car_pkg/Detection/TrafficLights/__init__.py to __init__.cpython-38.pyc
[1.021s] byte-compiling /home/chaitu/workspace/self_driving_car/install/self_driving_car_pkg/lib/python3.8/site-packages/self_driving_car_pkg/Detection/TrafficLights/TrafficLights_Detection.py to TrafficLights_Detection.cpython-38.pyc
[1.025s] byte-compiling /home/chaitu/workspace/self_driving_car/install/self_driving_car_pkg/lib/python3.8/site-packages/self_driving_car_pkg/Detection/__init__.py to __init__.cpython-38.pyc
[1.025s] byte-compiling /home/chaitu/workspace/self_driving_car/install/self_driving_car_pkg/lib/python3.8/site-packages/self_driving_car_pkg/Detection/Lanes/b_Estimation/__init__.py to __init__.cpython-38.pyc
[1.025s] byte-compiling /home/chaitu/workspace/self_driving_car/install/self_driving_car_pkg/lib/python3.8/site-packages/self_driving_car_pkg/Detection/Lanes/b_Estimation/Our_EstimationAlgo.py to Our_EstimationAlgo.cpython-38.pyc
[1.026s] byte-compiling /home/chaitu/workspace/self_driving_car/install/self_driving_car_pkg/lib/python3.8/site-packages/self_driving_car_pkg/Detection/Lanes/a_Segmentation/__init__.py to __init__.cpython-38.pyc
[1.026s] byte-compiling /home/chaitu/workspace/self_driving_car/install/self_driving_car_pkg/lib/python3.8/site-packages/self_driving_car_pkg/Detection/Lanes/a_Segmentation/colour_segmentation_final.py to colour_segmentation_final.cpython-38.pyc
[1.027s] byte-compiling /home/chaitu/workspace/self_driving_car/install/self_driving_car_pkg/lib/python3.8/site-packages/self_driving_car_pkg/Detection/Lanes/Lane_Detection.py to Lane_Detection.cpython-38.pyc
[1.027s] byte-compiling /home/chaitu/workspace/self_driving_car/install/self_driving_car_pkg/lib/python3.8/site-packages/self_driving_car_pkg/Detection/Lanes/utilities.py to utilities.cpython-38.pyc
[1.028s] byte-compiling /home/chaitu/workspace/self_driving_car/install/self_driving_car_pkg/lib/python3.8/site-packages/self_driving_car_pkg/Detection/Lanes/c_Cleaning/ExtendLanesAndRefineMidLaneEdge.py to ExtendLanesAndRefineMidLaneEdge.cpython-38.pyc
[1.029s] byte-compiling /home/chaitu/workspace/self_driving_car/install/self_driving_car_pkg/lib/python3.8/site-packages/self_driving_car_pkg/Detection/Lanes/c_Cleaning/CheckifYellowLaneCorrect_RetInnerBoundary.py to CheckifYellowLaneCorrect_RetInnerBoundary.cpython-38.pyc
[1.030s] byte-compiling /home/chaitu/workspace/self_driving_car/install/self_driving_car_pkg/lib/python3.8/site-packages/self_driving_car_pkg/Detection/Lanes/c_Cleaning/__init__.py to __init__.cpython-38.pyc
[1.030s] byte-compiling /home/chaitu/workspace/self_driving_car/install/self_driving_car_pkg/lib/python3.8/site-packages/self_driving_car_pkg/Detection/Lanes/__init__.py to __init__.cpython-38.pyc
[1.030s] byte-compiling /home/chaitu/workspace/self_driving_car/install/self_driving_car_pkg/lib/python3.8/site-packages/self_driving_car_pkg/Detection/Lanes/d_LaneInfo_Extraction/__init__.py to __init__.cpython-38.pyc
[1.031s] byte-compiling /home/chaitu/workspace/self_driving_car/install/self_driving_car_pkg/lib/python3.8/site-packages/self_driving_car_pkg/Detection/Lanes/d_LaneInfo_Extraction/GetStateInfoandDisplayLane.py to GetStateInfoandDisplayLane.cpython-38.pyc
[1.031s] byte-compiling /home/chaitu/workspace/self_driving_car/install/self_driving_car_pkg/lib/python3.8/site-packages/self_driving_car_pkg/Detection/Lanes/Morph_op.py to Morph_op.cpython-38.pyc
[1.033s] byte-compiling /home/chaitu/workspace/self_driving_car/install/self_driving_car_pkg/lib/python3.8/site-packages/self_driving_car_pkg/video_save.py to video_save.cpython-38.pyc
[1.033s] byte-compiling /home/chaitu/workspace/self_driving_car/install/self_driving_car_pkg/lib/python3.8/site-packages/self_driving_car_pkg/data/__init__.py to __init__.cpython-38.pyc
[1.033s] byte-compiling /home/chaitu/workspace/self_driving_car/install/self_driving_car_pkg/lib/python3.8/site-packages/self_driving_car_pkg/config/config.py to config.cpython-38.pyc
[1.034s] byte-compiling /home/chaitu/workspace/self_driving_car/install/self_driving_car_pkg/lib/python3.8/site-packages/self_driving_car_pkg/config/__init__.py to __init__.cpython-38.pyc
[1.034s] byte-compiling /home/chaitu/workspace/self_driving_car/install/self_driving_car_pkg/lib/python3.8/site-packages/self_driving_car_pkg/Drive_Bot.py to Drive_Bot.cpython-38.pyc
[1.035s] byte-compiling /home/chaitu/workspace/self_driving_car/install/self_driving_car_pkg/lib/python3.8/site-packages/self_driving_car_pkg/upper_camera_video.py to upper_camera_video.cpython-38.pyc
[1.036s] byte-compiling /home/chaitu/workspace/self_driving_car/install/self_driving_car_pkg/lib/python3.8/site-packages/self_driving_car_pkg/computer_vision_node.py to computer_vision_node.cpython-38.pyc
[1.036s] byte-compiling /home/chaitu/workspace/self_driving_car/install/self_driving_car_pkg/lib/python3.8/site-packages/self_driving_car_pkg/__init__.py to __init__.cpython-38.pyc
[1.036s] byte-compiling /home/chaitu/workspace/self_driving_car/install/self_driving_car_pkg/lib/python3.8/site-packages/self_driving_car_pkg/GPS_Navigation/utilities.py to utilities.cpython-38.pyc
[1.038s] byte-compiling /home/chaitu/workspace/self_driving_car/install/self_driving_car_pkg/lib/python3.8/site-packages/self_driving_car_pkg/GPS_Navigation/bot_localization.py to bot_localization.cpython-38.pyc
[1.039s] byte-compiling /home/chaitu/workspace/self_driving_car/install/self_driving_car_pkg/lib/python3.8/site-packages/self_driving_car_pkg/GPS_Navigation/bot_pathplanning.py to bot_pathplanning.cpython-38.pyc
[1.041s] byte-compiling /home/chaitu/workspace/self_driving_car/install/self_driving_car_pkg/lib/python3.8/site-packages/self_driving_car_pkg/GPS_Navigation/bot_motionplanning.py to bot_motionplanning.cpython-38.pyc
[1.042s] byte-compiling /home/chaitu/workspace/self_driving_car/install/self_driving_car_pkg/lib/python3.8/site-packages/self_driving_car_pkg/GPS_Navigation/bot_mapping.py to bot_mapping.cpython-38.pyc
[1.045s] byte-compiling /home/chaitu/workspace/self_driving_car/install/self_driving_car_pkg/lib/python3.8/site-packages/self_driving_car_pkg/GPS_Navigation/config.py to config.cpython-38.pyc
[1.046s] byte-compiling /home/chaitu/workspace/self_driving_car/install/self_driving_car_pkg/lib/python3.8/site-packages/self_driving_car_pkg/GPS_Navigation/__init__.py to __init__.cpython-38.pyc
[1.046s] byte-compiling /home/chaitu/workspace/self_driving_car/install/self_driving_car_pkg/lib/python3.8/site-packages/self_driving_car_pkg/GPS_Navigation/utilities_disp.py to utilities_disp.cpython-38.pyc
[1.047s] byte-compiling /home/chaitu/workspace/self_driving_car/install/self_driving_car_pkg/lib/python3.8/site-packages/self_driving_car_pkg/GPS_Navigation/Navigation.py to Navigation.cpython-38.pyc
[1.047s] byte-compiling /home/chaitu/workspace/self_driving_car/install/self_driving_car_pkg/lib/python3.8/site-packages/self_driving_car_pkg/sdf_spawner.py to sdf_spawner.cpython-38.pyc
[1.048s] running install_data
[1.048s] creating /home/chaitu/workspace/self_driving_car/install/self_driving_car_pkg/share/ament_index
[1.049s] creating /home/chaitu/workspace/self_driving_car/install/self_driving_car_pkg/share/ament_index/resource_index
[1.049s] creating /home/chaitu/workspace/self_driving_car/install/self_driving_car_pkg/share/ament_index/resource_index/packages
[1.049s] copying resource/self_driving_car_pkg -> /home/chaitu/workspace/self_driving_car/install/self_driving_car_pkg/share/ament_index/resource_index/packages
[1.049s] copying package.xml -> /home/chaitu/workspace/self_driving_car/install/self_driving_car_pkg/share/self_driving_car_pkg
[1.049s] creating /home/chaitu/workspace/self_driving_car/install/self_driving_car_pkg/share/self_driving_car_pkg/launch
[1.049s] copying launch/world_gazebo.launch.py -> /home/chaitu/workspace/self_driving_car/install/self_driving_car_pkg/share/self_driving_car_pkg/launch
[1.050s] copying launch/maze_solving_world.launch.py -> /home/chaitu/workspace/self_driving_car/install/self_driving_car_pkg/share/self_driving_car_pkg/launch
[1.050s] copying launch/record_and_drive.launch.py -> /home/chaitu/workspace/self_driving_car/install/self_driving_car_pkg/share/self_driving_car_pkg/launch
[1.050s] copying launch/test_laneFollow.launch.py -> /home/chaitu/workspace/self_driving_car/install/self_driving_car_pkg/share/self_driving_car_pkg/launch
[1.050s] creating /home/chaitu/workspace/self_driving_car/install/self_driving_car_pkg/lib/self_driving_car_pkg
[1.050s] copying scripts/lights_spawner.bash -> /home/chaitu/workspace/self_driving_car/install/self_driving_car_pkg/lib/self_driving_car_pkg
[1.050s] copying scripts/lights_spawner_maze.bash -> /home/chaitu/workspace/self_driving_car/install/self_driving_car_pkg/lib/self_driving_car_pkg
[1.050s] creating /home/chaitu/workspace/self_driving_car/install/self_driving_car_pkg/share/self_driving_car_pkg/worlds
[1.050s] copying worlds/Lane_follow_test.world -> /home/chaitu/workspace/self_driving_car/install/self_driving_car_pkg/share/self_driving_car_pkg/worlds
[1.050s] copying worlds/self_driving_car.world -> /home/chaitu/workspace/self_driving_car/install/self_driving_car_pkg/share/self_driving_car_pkg/worlds
[1.050s] copying worlds/maze_solving.world -> /home/chaitu/workspace/self_driving_car/install/self_driving_car_pkg/share/self_driving_car_pkg/worlds
[1.051s] running install_egg_info
[1.052s] Copying ../../../build/self_driving_car_pkg/self_driving_car_pkg.egg-info to /home/chaitu/workspace/self_driving_car/install/self_driving_car_pkg/lib/python3.8/site-packages/self_driving_car_pkg-0.0.0-py3.8.egg-info
[1.052s] running install_scripts
[1.068s] Installing computer_vision_node script to /home/chaitu/workspace/self_driving_car/install/self_driving_car_pkg/lib/self_driving_car_pkg
[1.069s] Installing sdc_V2 script to /home/chaitu/workspace/self_driving_car/install/self_driving_car_pkg/lib/self_driving_car_pkg
[1.069s] Installing spawner_node script to /home/chaitu/workspace/self_driving_car/install/self_driving_car_pkg/lib/self_driving_car_pkg
[1.069s] Installing upper_camera_recording script to /home/chaitu/workspace/self_driving_car/install/self_driving_car_pkg/lib/self_driving_car_pkg
[1.069s] Installing video_recording_node script to /home/chaitu/workspace/self_driving_car/install/self_driving_car_pkg/lib/self_driving_car_pkg
[1.070s] writing list of installed files to '/home/chaitu/workspace/self_driving_car/build/self_driving_car_pkg/install.log'
[1.090s] Invoked command in '/home/chaitu/workspace/self_driving_car/src/ROS2-Self-Driving-Car-AI-using-OpenCV/self_driving_car_pkg' returned '0': PYTHONPATH=/home/chaitu/workspace/self_driving_car/install/self_driving_car_pkg/lib/python3.8/site-packages:${PYTHONPATH} /usr/bin/python3 setup.py egg_info --egg-base ../../../build/self_driving_car_pkg build --build-base /home/chaitu/workspace/self_driving_car/build/self_driving_car_pkg/build install --prefix /home/chaitu/workspace/self_driving_car/install/self_driving_car_pkg --record /home/chaitu/workspace/self_driving_car/build/self_driving_car_pkg/install.log --single-version-externally-managed
